<?xml version="1.0" encoding="UTF-8"?>
<coverage generated="1772065041680" clover="3.2.0">
  <project timestamp="1772065041680" name="All files">
    <metrics statements="747" coveredstatements="689" conditionals="333" coveredconditionals="238" methods="195" coveredmethods="150" elements="1275" coveredelements="1077" complexity="0" loc="747" ncloc="747" packages="6" files="17" classes="17"/>
    <package name="application">
      <metrics statements="291" coveredstatements="257" conditionals="167" coveredconditionals="119" methods="56" coveredmethods="51"/>
      <file name="BulletPool.js" path="C:\Users\Пользователь\Documents\projects\vibecraft_v0.3\test\src\application\BulletPool.js">
        <metrics statements="46" coveredstatements="42" conditionals="9" coveredconditionals="6" methods="8" coveredmethods="6"/>
        <line num="14" count="84" type="stmt"/>
        <line num="15" count="84" type="stmt"/>
        <line num="18" count="84" type="stmt"/>
        <line num="20" count="4200" type="stmt"/>
        <line num="24" count="4200" type="stmt"/>
        <line num="25" count="4200" type="stmt"/>
        <line num="26" count="4200" type="stmt"/>
        <line num="27" count="4200" type="stmt"/>
        <line num="38" count="13" type="cond" truecount="1" falsecount="1"/>
        <line num="39" count="0" type="stmt"/>
        <line num="43" count="13" type="stmt"/>
        <line num="44" count="13" type="stmt"/>
        <line num="46" count="13" type="stmt"/>
        <line num="47" count="13" type="stmt"/>
        <line num="48" count="13" type="stmt"/>
        <line num="49" count="13" type="stmt"/>
        <line num="50" count="13" type="stmt"/>
        <line num="51" count="13" type="stmt"/>
        <line num="52" count="13" type="stmt"/>
        <line num="54" count="13" type="stmt"/>
        <line num="62" count="2" type="stmt"/>
        <line num="63" count="2" type="stmt"/>
        <line num="64" count="2" type="stmt"/>
        <line num="65" count="2" type="stmt"/>
        <line num="66" count="2" type="stmt"/>
        <line num="67" count="2" type="stmt"/>
        <line num="69" count="2" type="stmt"/>
        <line num="77" count="80" type="stmt"/>
        <line num="78" count="80" type="stmt"/>
        <line num="79" count="4000" type="cond" truecount="2" falsecount="0"/>
        <line num="80" count="61" type="stmt"/>
        <line num="83" count="80" type="stmt"/>
        <line num="91" count="35" type="stmt"/>
        <line num="92" count="1750" type="cond" truecount="2" falsecount="0"/>
        <line num="93" count="29" type="stmt"/>
        <line num="96" count="29" type="cond" truecount="1" falsecount="1"/>
        <line num="97" count="0" type="stmt"/>
        <line num="107" count="158" type="stmt"/>
        <line num="108" count="7900" type="stmt"/>
        <line num="109" count="7900" type="stmt"/>
        <line num="110" count="7900" type="stmt"/>
        <line num="112" count="158" type="stmt"/>
        <line num="113" count="158" type="stmt"/>
        <line num="114" count="7900" type="stmt"/>
        <line num="123" count="0" type="stmt"/>
        <line num="131" count="0" type="stmt"/>
      </file>
      <file name="Game.js" path="C:\Users\Пользователь\Documents\projects\vibecraft_v0.3\test\src\application\Game.js">
        <metrics statements="164" coveredstatements="141" conditionals="119" coveredconditionals="79" methods="25" coveredmethods="23"/>
        <line num="22" count="84" type="stmt"/>
        <line num="23" count="84" type="stmt"/>
        <line num="24" count="84" type="stmt"/>
        <line num="25" count="84" type="stmt"/>
        <line num="27" count="84" type="stmt"/>
        <line num="28" count="84" type="stmt"/>
        <line num="29" count="84" type="stmt"/>
        <line num="30" count="84" type="stmt"/>
        <line num="31" count="84" type="stmt"/>
        <line num="32" count="84" type="stmt"/>
        <line num="34" count="84" type="stmt"/>
        <line num="35" count="84" type="stmt"/>
        <line num="37" count="84" type="stmt"/>
        <line num="38" count="84" type="stmt"/>
        <line num="46" count="89" type="stmt"/>
        <line num="47" count="89" type="stmt"/>
        <line num="48" count="89" type="stmt"/>
        <line num="51" count="89" type="stmt"/>
        <line num="54" count="8" type="cond" truecount="1" falsecount="1"/>
        <line num="55" count="0" type="stmt"/>
        <line num="61" count="89" type="stmt"/>
        <line num="64" count="89" type="stmt"/>
        <line num="67" count="89" type="stmt"/>
        <line num="70" count="89" type="stmt"/>
        <line num="71" count="89" type="stmt"/>
        <line num="79" count="73" type="cond" truecount="4" falsecount="0"/>
        <line num="80" count="4" type="stmt"/>
        <line num="84" count="69" type="cond" truecount="1" falsecount="1"/>
        <line num="85" count="0" type="stmt"/>
        <line num="89" count="69" type="stmt"/>
        <line num="90" count="69" type="stmt"/>
        <line num="93" count="69" type="stmt"/>
        <line num="96" count="69" type="stmt"/>
        <line num="99" count="69" type="stmt"/>
        <line num="100" count="69" type="stmt"/>
        <line num="110" count="76" type="stmt"/>
        <line num="112" count="76" type="stmt"/>
        <line num="113" count="304" type="stmt"/>
        <line num="124" count="76" type="stmt"/>
        <line num="125" count="76" type="stmt"/>
        <line num="126" count="76" type="stmt"/>
        <line num="127" count="76" type="stmt"/>
        <line num="129" count="76" type="stmt"/>
        <line num="130" count="304" type="stmt"/>
        <line num="131" count="304" type="stmt"/>
        <line num="133" count="304" type="cond" truecount="2" falsecount="0"/>
        <line num="134" count="386" type="stmt"/>
        <line num="135" count="386" type="stmt"/>
        <line num="138" count="386" type="stmt"/>
        <line num="143" count="386" type="cond" truecount="2" falsecount="0"/>
        <line num="144" count="55" type="stmt"/>
        <line num="145" count="55" type="stmt"/>
        <line num="149" count="331" type="stmt"/>
        <line num="150" count="331" type="stmt"/>
        <line num="151" count="497" type="stmt"/>
        <line num="152" count="497" type="cond" truecount="2" falsecount="0"/>
        <line num="153" count="27" type="stmt"/>
        <line num="154" count="27" type="stmt"/>
        <line num="158" count="331" type="cond" truecount="2" falsecount="0"/>
        <line num="159" count="304" type="stmt"/>
        <line num="161" count="27" type="stmt"/>
        <line num="166" count="304" type="cond" truecount="1" falsecount="1"/>
        <line num="167" count="0" type="stmt"/>
        <line num="173" count="304" type="stmt"/>
        <line num="176" count="76" type="stmt"/>
        <line num="185" count="42" type="cond" truecount="1" falsecount="1"/>
        <line num="186" count="0" type="stmt"/>
        <line num="190" count="42" type="cond" truecount="2" falsecount="0"/>
        <line num="191" count="2" type="stmt"/>
        <line num="196" count="40" type="cond" truecount="4" falsecount="0"/>
        <line num="197" count="11" type="cond" truecount="2" falsecount="0"/>
        <line num="198" count="7" type="stmt"/>
        <line num="199" count="4" type="cond" truecount="2" falsecount="0"/>
        <line num="200" count="2" type="stmt"/>
        <line num="203" count="11" type="stmt"/>
        <line num="207" count="40" type="cond" truecount="4" falsecount="0"/>
        <line num="208" count="12" type="stmt"/>
        <line num="212" count="28" type="cond" truecount="2" falsecount="0"/>
        <line num="213" count="3" type="stmt"/>
        <line num="217" count="28" type="cond" truecount="2" falsecount="0"/>
        <line num="218" count="9" type="stmt"/>
        <line num="220" count="9" type="cond" truecount="3" falsecount="1"/>
        <line num="221" count="9" type="stmt"/>
        <line num="226" count="28" type="cond" truecount="4" falsecount="0"/>
        <line num="227" count="13" type="stmt"/>
        <line num="228" count="13" type="cond" truecount="1" falsecount="1"/>
        <line num="230" count="13" type="stmt"/>
        <line num="231" count="13" type="cond" truecount="1" falsecount="1"/>
        <line num="233" count="13" type="cond" truecount="3" falsecount="1"/>
        <line num="234" count="13" type="stmt"/>
        <line num="239" count="28" type="cond" truecount="2" falsecount="0"/>
        <line num="248" count="38" type="cond" truecount="5" falsecount="0"/>
        <line num="249" count="3" type="stmt"/>
        <line num="253" count="35" type="cond" truecount="1" falsecount="1"/>
        <line num="254" count="35" type="stmt"/>
        <line num="255" count="35" type="stmt"/>
        <line num="256" count="35" type="stmt"/>
        <line num="260" count="35" type="stmt"/>
        <line num="261" count="112" type="stmt"/>
        <line num="262" count="112" type="stmt"/>
        <line num="266" count="35" type="stmt"/>
        <line num="269" count="35" type="stmt"/>
        <line num="270" count="0" type="stmt"/>
        <line num="271" count="0" type="stmt"/>
        <line num="275" count="35" type="stmt"/>
        <line num="278" count="35" type="cond" truecount="4" falsecount="0"/>
        <line num="279" count="7" type="stmt"/>
        <line num="280" count="7" type="stmt"/>
        <line num="284" count="35" type="stmt"/>
        <line num="291" count="35" type="cond" truecount="3" falsecount="1"/>
        <line num="292" count="35" type="stmt"/>
        <line num="301" count="35" type="stmt"/>
        <line num="308" count="35" type="stmt"/>
        <line num="310" count="35" type="stmt"/>
        <line num="311" count="5" type="cond" truecount="2" falsecount="2"/>
        <line num="313" count="3" type="stmt"/>
        <line num="314" count="3" type="stmt"/>
        <line num="316" count="2" type="stmt"/>
        <line num="317" count="2" type="stmt"/>
        <line num="319" count="0" type="stmt"/>
        <line num="320" count="0" type="stmt"/>
        <line num="322" count="0" type="stmt"/>
        <line num="323" count="0" type="stmt"/>
        <line num="334" count="3" type="stmt"/>
        <line num="337" count="3" type="cond" truecount="3" falsecount="1"/>
        <line num="338" count="3" type="stmt"/>
        <line num="342" count="3" type="cond" truecount="1" falsecount="1"/>
        <line num="343" count="3" type="stmt"/>
        <line num="353" count="2" type="stmt"/>
        <line num="356" count="2" type="stmt"/>
        <line num="359" count="2" type="stmt"/>
        <line num="362" count="2" type="stmt"/>
        <line num="363" count="2" type="cond" truecount="1" falsecount="1"/>
        <line num="364" count="2" type="stmt"/>
        <line num="368" count="2" type="stmt"/>
        <line num="371" count="2" type="cond" truecount="3" falsecount="1"/>
        <line num="372" count="2" type="stmt"/>
        <line num="382" count="0" type="stmt"/>
        <line num="385" count="0" type="cond" truecount="0" falsecount="2"/>
        <line num="386" count="0" type="stmt"/>
        <line num="389" count="0" type="stmt"/>
        <line num="390" count="0" type="cond" truecount="0" falsecount="2"/>
        <line num="391" count="0" type="stmt"/>
        <line num="395" count="0" type="cond" truecount="0" falsecount="4"/>
        <line num="396" count="0" type="stmt"/>
        <line num="406" count="0" type="stmt"/>
        <line num="409" count="0" type="cond" truecount="0" falsecount="4"/>
        <line num="410" count="0" type="stmt"/>
        <line num="414" count="0" type="cond" truecount="0" falsecount="2"/>
        <line num="415" count="0" type="stmt"/>
        <line num="424" count="35" type="stmt"/>
        <line num="432" count="10" type="stmt"/>
        <line num="440" count="23" type="stmt"/>
        <line num="448" count="9" type="stmt"/>
        <line num="456" count="2" type="stmt"/>
        <line num="464" count="9" type="cond" truecount="1" falsecount="1"/>
        <line num="472" count="3" type="cond" truecount="1" falsecount="1"/>
        <line num="480" count="8" type="cond" truecount="1" falsecount="1"/>
        <line num="488" count="4" type="cond" truecount="1" falsecount="1"/>
        <line num="496" count="7" type="cond" truecount="1" falsecount="1"/>
        <line num="497" count="7" type="stmt"/>
        <line num="505" count="1" type="cond" truecount="3" falsecount="1"/>
        <line num="506" count="1" type="stmt"/>
        <line num="515" count="36" type="stmt"/>
      </file>
      <file name="GameLoop.js" path="C:\Users\Пользователь\Documents\projects\vibecraft_v0.3\test\src\application\GameLoop.js">
        <metrics statements="28" coveredstatements="26" conditionals="12" coveredconditionals="9" methods="4" coveredmethods="4"/>
        <line num="12" count="37" type="stmt"/>
        <line num="13" count="37" type="stmt"/>
        <line num="14" count="37" type="stmt"/>
        <line num="15" count="37" type="stmt"/>
        <line num="16" count="37" type="stmt"/>
        <line num="17" count="37" type="stmt"/>
        <line num="18" count="37" type="stmt"/>
        <line num="19" count="37" type="stmt"/>
        <line num="26" count="29" type="stmt"/>
        <line num="27" count="29" type="stmt"/>
        <line num="28" count="29" type="stmt"/>
        <line num="35" count="27" type="stmt"/>
        <line num="36" count="27" type="cond" truecount="1" falsecount="1"/>
        <line num="37" count="0" type="stmt"/>
        <line num="38" count="0" type="stmt"/>
        <line num="47" count="100" type="cond" truecount="2" falsecount="0"/>
        <line num="48" count="2" type="stmt"/>
        <line num="52" count="98" type="stmt"/>
        <line num="53" count="98" type="stmt"/>
        <line num="56" count="98" type="cond" truecount="4" falsecount="0"/>
        <line num="57" count="31" type="stmt"/>
        <line num="61" count="98" type="cond" truecount="1" falsecount="1"/>
        <line num="62" count="98" type="stmt"/>
        <line num="67" count="98" type="cond" truecount="1" falsecount="1"/>
        <line num="68" count="98" type="stmt"/>
        <line num="69" count="98" type="stmt"/>
        <line num="72" count="98" type="stmt"/>
        <line num="75" count="98" type="stmt"/>
      </file>
      <file name="GameState.js" path="C:\Users\Пользователь\Documents\projects\vibecraft_v0.3\test\src\application\GameState.js">
        <metrics statements="33" coveredstatements="33" conditionals="21" coveredconditionals="20" methods="12" coveredmethods="12"/>
        <line num="12" count="126" type="stmt"/>
        <line num="13" count="126" type="stmt"/>
        <line num="14" count="126" type="stmt"/>
        <line num="15" count="126" type="stmt"/>
        <line num="16" count="126" type="stmt"/>
        <line num="17" count="126" type="stmt"/>
        <line num="25" count="12" type="stmt"/>
        <line num="33" count="105" type="stmt"/>
        <line num="41" count="95" type="stmt"/>
        <line num="49" count="78" type="stmt"/>
        <line num="56" count="94" type="stmt"/>
        <line num="57" count="94" type="stmt"/>
        <line num="58" count="94" type="stmt"/>
        <line num="59" count="94" type="stmt"/>
        <line num="66" count="14" type="cond" truecount="2" falsecount="0"/>
        <line num="67" count="11" type="stmt"/>
        <line num="75" count="5" type="cond" truecount="2" falsecount="0"/>
        <line num="76" count="3" type="stmt"/>
        <line num="84" count="18" type="cond" truecount="4" falsecount="0"/>
        <line num="85" count="16" type="stmt"/>
        <line num="86" count="16" type="cond" truecount="2" falsecount="0"/>
        <line num="87" count="9" type="stmt"/>
        <line num="88" count="9" type="cond" truecount="2" falsecount="0"/>
        <line num="89" count="3" type="stmt"/>
        <line num="99" count="12" type="cond" truecount="2" falsecount="0"/>
        <line num="100" count="11" type="stmt"/>
        <line num="109" count="10" type="cond" truecount="2" falsecount="0"/>
        <line num="110" count="9" type="stmt"/>
        <line num="111" count="9" type="cond" truecount="2" falsecount="0"/>
        <line num="112" count="8" type="stmt"/>
        <line num="121" count="5" type="stmt"/>
        <line num="122" count="5" type="cond" truecount="1" falsecount="1"/>
        <line num="123" count="5" type="stmt"/>
      </file>
      <file name="ScoreManager.js" path="C:\Users\Пользователь\Documents\projects\vibecraft_v0.3\test\src\application\ScoreManager.js">
        <metrics statements="20" coveredstatements="15" conditionals="6" coveredconditionals="5" methods="7" coveredmethods="6"/>
        <line num="11" count="127" type="stmt"/>
        <line num="12" count="127" type="stmt"/>
        <line num="13" count="127" type="stmt"/>
        <line num="16" count="127" type="stmt"/>
        <line num="17" count="127" type="stmt"/>
        <line num="18" count="126" type="cond" truecount="2" falsecount="0"/>
        <line num="21" count="1" type="stmt"/>
        <line num="30" count="24" type="stmt"/>
        <line num="38" count="14" type="stmt"/>
        <line num="46" count="36" type="stmt"/>
        <line num="49" count="36" type="cond" truecount="2" falsecount="0"/>
        <line num="50" count="29" type="stmt"/>
        <line num="58" count="0" type="stmt"/>
        <line num="59" count="0" type="stmt"/>
        <line num="69" count="76" type="stmt"/>
        <line num="77" count="3" type="cond" truecount="1" falsecount="1"/>
        <line num="78" count="0" type="stmt"/>
        <line num="79" count="0" type="stmt"/>
        <line num="80" count="0" type="stmt"/>
        <line num="85" count="3" type="stmt"/>
      </file>
    </package>
    <package name="domain.entities">
      <metrics statements="100" coveredstatements="94" conditionals="42" coveredconditionals="36" methods="22" coveredmethods="22"/>
      <file name="Asteroid.js" path="C:\Users\Пользователь\Documents\projects\vibecraft_v0.3\test\src\domain\entities\Asteroid.js">
        <metrics statements="36" coveredstatements="31" conditionals="20" coveredconditionals="15" methods="6" coveredmethods="6"/>
        <line num="9" count="330" type="stmt"/>
        <line num="10" count="330" type="stmt"/>
        <line num="11" count="330" type="stmt"/>
        <line num="12" count="330" type="stmt"/>
        <line num="16" count="330" type="cond" truecount="3" falsecount="1"/>
        <line num="17" count="313" type="stmt"/>
        <line num="18" count="10" type="stmt"/>
        <line num="19" count="7" type="stmt"/>
        <line num="20" count="0" type="stmt"/>
        <line num="25" count="330" type="stmt"/>
        <line num="26" count="330" type="stmt"/>
        <line num="27" count="330" type="stmt"/>
        <line num="34" count="113" type="stmt"/>
        <line num="35" count="113" type="stmt"/>
        <line num="39" count="112" type="cond" truecount="2" falsecount="0"/>
        <line num="40" count="1" type="stmt"/>
        <line num="41" count="111" type="cond" truecount="1" falsecount="1"/>
        <line num="42" count="0" type="stmt"/>
        <line num="45" count="112" type="cond" truecount="1" falsecount="1"/>
        <line num="46" count="0" type="stmt"/>
        <line num="47" count="112" type="cond" truecount="1" falsecount="1"/>
        <line num="48" count="0" type="stmt"/>
        <line num="53" count="5" type="cond" truecount="2" falsecount="0"/>
        <line num="54" count="1" type="stmt"/>
        <line num="57" count="4" type="cond" truecount="2" falsecount="0"/>
        <line num="58" count="4" type="stmt"/>
        <line num="60" count="4" type="stmt"/>
        <line num="61" count="8" type="stmt"/>
        <line num="62" count="8" type="stmt"/>
        <line num="65" count="4" type="stmt"/>
        <line num="69" count="5" type="cond" truecount="3" falsecount="1"/>
        <line num="70" count="3" type="stmt"/>
        <line num="71" count="1" type="stmt"/>
        <line num="72" count="1" type="stmt"/>
        <line num="73" count="0" type="stmt"/>
        <line num="78" count="239" type="stmt"/>
      </file>
      <file name="Bullet.js" path="C:\Users\Пользователь\Documents\projects\vibecraft_v0.3\test\src\domain\entities\Bullet.js">
        <metrics statements="13" coveredstatements="13" conditionals="2" coveredconditionals="2" methods="3" coveredmethods="3"/>
        <line num="9" count="4229" type="stmt"/>
        <line num="10" count="4229" type="stmt"/>
        <line num="11" count="4229" type="stmt"/>
        <line num="12" count="4229" type="stmt"/>
        <line num="13" count="4229" type="stmt"/>
        <line num="14" count="4229" type="stmt"/>
        <line num="18" count="32" type="stmt"/>
        <line num="19" count="32" type="cond" truecount="2" falsecount="0"/>
        <line num="20" count="1" type="stmt"/>
        <line num="21" count="1" type="stmt"/>
        <line num="24" count="31" type="stmt"/>
        <line num="25" count="31" type="stmt"/>
        <line num="29" count="123" type="stmt"/>
      </file>
      <file name="Ship.js" path="C:\Users\Пользователь\Documents\projects\vibecraft_v0.3\test\src\domain\entities\Ship.js">
        <metrics statements="27" coveredstatements="27" conditionals="8" coveredconditionals="8" methods="8" coveredmethods="8"/>
        <line num="10" count="183" type="stmt"/>
        <line num="11" count="183" type="stmt"/>
        <line num="12" count="183" type="stmt"/>
        <line num="13" count="183" type="stmt"/>
        <line num="14" count="183" type="stmt"/>
        <line num="15" count="183" type="stmt"/>
        <line num="20" count="5" type="stmt"/>
        <line num="25" count="12" type="stmt"/>
        <line num="26" count="12" type="stmt"/>
        <line num="30" count="12" type="stmt"/>
        <line num="34" count="36" type="stmt"/>
        <line num="35" count="36" type="stmt"/>
        <line num="39" count="36" type="stmt"/>
        <line num="43" count="39" type="cond" truecount="2" falsecount="0"/>
        <line num="44" count="2" type="stmt"/>
        <line num="45" count="37" type="cond" truecount="2" falsecount="0"/>
        <line num="46" count="1" type="stmt"/>
        <line num="49" count="39" type="cond" truecount="2" falsecount="0"/>
        <line num="50" count="1" type="stmt"/>
        <line num="51" count="38" type="cond" truecount="2" falsecount="0"/>
        <line num="52" count="1" type="stmt"/>
        <line num="57" count="120" type="stmt"/>
        <line num="61" count="15" type="stmt"/>
        <line num="62" count="15" type="stmt"/>
        <line num="66" count="15" type="stmt"/>
        <line num="67" count="15" type="stmt"/>
        <line num="68" count="15" type="stmt"/>
      </file>
      <file name="UFO.js" path="C:\Users\Пользователь\Documents\projects\vibecraft_v0.3\test\src\domain\entities\UFO.js">
        <metrics statements="24" coveredstatements="23" conditionals="12" coveredconditionals="11" methods="5" coveredmethods="5"/>
        <line num="10" count="14" type="stmt"/>
        <line num="11" count="14" type="stmt"/>
        <line num="12" count="14" type="stmt"/>
        <line num="13" count="14" type="stmt"/>
        <line num="14" count="14" type="stmt"/>
        <line num="15" count="14" type="stmt"/>
        <line num="19" count="14" type="cond" truecount="2" falsecount="0"/>
        <line num="23" count="14" type="cond" truecount="2" falsecount="0"/>
        <line num="27" count="14" type="cond" truecount="2" falsecount="0"/>
        <line num="28" count="14" type="stmt"/>
        <line num="29" count="14" type="stmt"/>
        <line num="36" count="1" type="stmt"/>
        <line num="37" count="1" type="stmt"/>
        <line num="39" count="1" type="cond" truecount="1" falsecount="1"/>
        <line num="40" count="0" type="stmt"/>
        <line num="45" count="3" type="cond" truecount="2" falsecount="0"/>
        <line num="46" count="1" type="stmt"/>
        <line num="49" count="2" type="stmt"/>
        <line num="51" count="2" type="stmt"/>
        <line num="52" count="2" type="stmt"/>
        <line num="53" count="2" type="stmt"/>
        <line num="58" count="2" type="stmt"/>
        <line num="62" count="2" type="cond" truecount="2" falsecount="0"/>
        <line num="66" count="7" type="stmt"/>
      </file>
    </package>
    <package name="domain.services">
      <metrics statements="37" coveredstatements="37" conditionals="8" coveredconditionals="8" methods="5" coveredmethods="5"/>
      <file name="CollisionDetector.js" path="C:\Users\Пользователь\Documents\projects\vibecraft_v0.3\test\src\domain\services\CollisionDetector.js">
        <metrics statements="37" coveredstatements="37" conditionals="8" coveredconditionals="8" methods="5" coveredmethods="5"/>
        <line num="6" count="116" type="stmt"/>
        <line num="7" count="116" type="stmt"/>
        <line num="9" count="116" type="cond" truecount="2" falsecount="0"/>
        <line num="10" count="6" type="stmt"/>
        <line num="13" count="110" type="stmt"/>
        <line num="17" count="119" type="stmt"/>
        <line num="18" count="119" type="stmt"/>
        <line num="20" count="119" type="cond" truecount="2" falsecount="0"/>
        <line num="21" count="4" type="stmt"/>
        <line num="24" count="115" type="stmt"/>
        <line num="28" count="3" type="stmt"/>
        <line num="29" count="3" type="stmt"/>
        <line num="31" count="3" type="cond" truecount="2" falsecount="0"/>
        <line num="32" count="2" type="stmt"/>
        <line num="35" count="1" type="stmt"/>
        <line num="39" count="3" type="stmt"/>
        <line num="40" count="3" type="stmt"/>
        <line num="42" count="3" type="cond" truecount="2" falsecount="0"/>
        <line num="43" count="2" type="stmt"/>
        <line num="46" count="1" type="stmt"/>
        <line num="50" count="38" type="stmt"/>
        <line num="51" count="38" type="stmt"/>
        <line num="54" count="38" type="stmt"/>
        <line num="55" count="114" type="stmt"/>
        <line num="56" count="114" type="stmt"/>
        <line num="60" count="38" type="stmt"/>
        <line num="61" count="30" type="stmt"/>
        <line num="62" count="117" type="stmt"/>
        <line num="63" count="117" type="stmt"/>
        <line num="68" count="38" type="stmt"/>
        <line num="69" count="30" type="stmt"/>
        <line num="70" count="1" type="stmt"/>
        <line num="71" count="1" type="stmt"/>
        <line num="76" count="38" type="stmt"/>
        <line num="77" count="1" type="stmt"/>
        <line num="78" count="1" type="stmt"/>
        <line num="81" count="38" type="stmt"/>
      </file>
    </package>
    <package name="domain.value-objects">
      <metrics statements="16" coveredstatements="16" conditionals="2" coveredconditionals="2" methods="10" coveredmethods="10"/>
      <file name="CollisionBox.js" path="C:\Users\Пользователь\Documents\projects\vibecraft_v0.3\test\src\domain\value-objects\CollisionBox.js">
        <metrics statements="6" coveredstatements="6" conditionals="0" coveredconditionals="0" methods="3" coveredmethods="3"/>
        <line num="8" count="499" type="stmt"/>
        <line num="9" count="499" type="stmt"/>
        <line num="13" count="3" type="stmt"/>
        <line num="14" count="3" type="stmt"/>
        <line num="18" count="244" type="stmt"/>
        <line num="19" count="244" type="stmt"/>
      </file>
      <file name="Vector2D.js" path="C:\Users\Пользователь\Documents\projects\vibecraft_v0.3\test\src\domain\value-objects\Vector2D.js">
        <metrics statements="10" coveredstatements="10" conditionals="2" coveredconditionals="2" methods="7" coveredmethods="7"/>
        <line num="6" count="9998" type="stmt"/>
        <line num="7" count="9998" type="stmt"/>
        <line num="11" count="209" type="stmt"/>
        <line num="15" count="1" type="stmt"/>
        <line num="19" count="250" type="stmt"/>
        <line num="23" count="7" type="stmt"/>
        <line num="27" count="2" type="stmt"/>
        <line num="28" count="2" type="cond" truecount="2" falsecount="0"/>
        <line num="29" count="1" type="stmt"/>
        <line num="33" count="248" type="stmt"/>
      </file>
    </package>
    <package name="infrastructure">
      <metrics statements="104" coveredstatements="95" conditionals="34" coveredconditionals="18" methods="13" coveredmethods="13"/>
      <file name="AudioController.js" path="C:\Users\Пользователь\Documents\projects\vibecraft_v0.3\test\src\infrastructure\AudioController.js">
        <metrics statements="66" coveredstatements="65" conditionals="10" coveredconditionals="9" methods="7" coveredmethods="7"/>
        <line num="15" count="60" type="cond" truecount="3" falsecount="1"/>
        <line num="17" count="60" type="stmt"/>
        <line num="19" count="60" type="stmt"/>
        <line num="20" count="52" type="stmt"/>
        <line num="21" count="52" type="stmt"/>
        <line num="23" count="8" type="stmt"/>
        <line num="24" count="8" type="stmt"/>
        <line num="28" count="60" type="stmt"/>
        <line num="36" count="8" type="cond" truecount="2" falsecount="0"/>
        <line num="37" count="7" type="stmt"/>
        <line num="46" count="14" type="stmt"/>
        <line num="47" count="14" type="stmt"/>
        <line num="48" count="12" type="stmt"/>
        <line num="51" count="11" type="stmt"/>
        <line num="52" count="11" type="stmt"/>
        <line num="55" count="11" type="stmt"/>
        <line num="56" count="11" type="stmt"/>
        <line num="57" count="11" type="stmt"/>
        <line num="60" count="11" type="stmt"/>
        <line num="61" count="11" type="stmt"/>
        <line num="64" count="11" type="stmt"/>
        <line num="65" count="11" type="stmt"/>
        <line num="67" count="3" type="stmt"/>
        <line num="76" count="10" type="stmt"/>
        <line num="77" count="10" type="stmt"/>
        <line num="78" count="8" type="stmt"/>
        <line num="81" count="8" type="stmt"/>
        <line num="82" count="8" type="stmt"/>
        <line num="85" count="8" type="stmt"/>
        <line num="86" count="8" type="stmt"/>
        <line num="87" count="8" type="stmt"/>
        <line num="90" count="8" type="stmt"/>
        <line num="91" count="8" type="stmt"/>
        <line num="94" count="8" type="stmt"/>
        <line num="95" count="8" type="stmt"/>
        <line num="97" count="2" type="stmt"/>
        <line num="106" count="8" type="stmt"/>
        <line num="107" count="8" type="stmt"/>
        <line num="108" count="7" type="stmt"/>
        <line num="111" count="7" type="stmt"/>
        <line num="112" count="7" type="stmt"/>
        <line num="115" count="7" type="stmt"/>
        <line num="116" count="7" type="stmt"/>
        <line num="117" count="7" type="stmt"/>
        <line num="120" count="7" type="stmt"/>
        <line num="121" count="7" type="stmt"/>
        <line num="124" count="7" type="stmt"/>
        <line num="125" count="7" type="stmt"/>
        <line num="127" count="1" type="stmt"/>
        <line num="136" count="12" type="stmt"/>
        <line num="138" count="12" type="cond" truecount="2" falsecount="0"/>
        <line num="139" count="1" type="stmt"/>
        <line num="142" count="11" type="stmt"/>
        <line num="143" count="10" type="stmt"/>
        <line num="146" count="10" type="stmt"/>
        <line num="147" count="10" type="stmt"/>
        <line num="150" count="10" type="stmt"/>
        <line num="151" count="10" type="stmt"/>
        <line num="154" count="10" type="stmt"/>
        <line num="157" count="10" type="stmt"/>
        <line num="159" count="1" type="stmt"/>
        <line num="167" count="6" type="stmt"/>
        <line num="168" count="6" type="cond" truecount="2" falsecount="0"/>
        <line num="169" count="4" type="stmt"/>
        <line num="170" count="4" type="stmt"/>
        <line num="173" count="0" type="stmt"/>
      </file>
      <file name="Storage.js" path="C:\Users\Пользователь\Documents\projects\vibecraft_v0.3\test\src\infrastructure\Storage.js">
        <metrics statements="38" coveredstatements="30" conditionals="24" coveredconditionals="9" methods="6" coveredmethods="6"/>
        <line num="14" count="2" type="stmt"/>
        <line num="21" count="2" type="stmt"/>
        <line num="30" count="33" type="cond" truecount="1" falsecount="1"/>
        <line num="31" count="33" type="stmt"/>
        <line num="35" count="0" type="cond" truecount="0" falsecount="4"/>
        <line num="36" count="0" type="stmt"/>
        <line num="40" count="0" type="cond" truecount="0" falsecount="4"/>
        <line num="41" count="0" type="stmt"/>
        <line num="45" count="0" type="cond" truecount="0" falsecount="4"/>
        <line num="46" count="0" type="stmt"/>
        <line num="50" count="0" type="cond" truecount="0" falsecount="2"/>
        <line num="59" count="29" type="stmt"/>
        <line num="67" count="27" type="stmt"/>
        <line num="75" count="10" type="stmt"/>
        <line num="76" count="10" type="stmt"/>
        <line num="77" count="10" type="cond" truecount="2" falsecount="0"/>
        <line num="78" count="4" type="stmt"/>
        <line num="80" count="6" type="stmt"/>
        <line num="81" count="5" type="cond" truecount="2" falsecount="0"/>
        <line num="83" count="1" type="stmt"/>
        <line num="84" count="1" type="stmt"/>
        <line num="93" count="13" type="stmt"/>
        <line num="94" count="13" type="stmt"/>
        <line num="98" count="13" type="stmt"/>
        <line num="100" count="0" type="stmt"/>
        <line num="109" count="4" type="stmt"/>
        <line num="110" count="4" type="stmt"/>
        <line num="111" count="2" type="stmt"/>
        <line num="113" count="2" type="stmt"/>
        <line num="114" count="2" type="stmt"/>
        <line num="123" count="6" type="stmt"/>
        <line num="124" count="6" type="stmt"/>
        <line num="125" count="6" type="cond" truecount="2" falsecount="0"/>
        <line num="126" count="2" type="stmt"/>
        <line num="128" count="4" type="stmt"/>
        <line num="129" count="3" type="cond" truecount="2" falsecount="0"/>
        <line num="131" count="1" type="stmt"/>
        <line num="132" count="1" type="stmt"/>
      </file>
    </package>
    <package name="presentation">
      <metrics statements="199" coveredstatements="190" conditionals="80" coveredconditionals="55" methods="89" coveredmethods="49"/>
      <file name="InputHandler.js" path="C:\Users\Пользователь\Documents\projects\vibecraft_v0.3\test\src\presentation\InputHandler.js">
        <metrics statements="16" coveredstatements="16" conditionals="13" coveredconditionals="13" methods="8" coveredmethods="8"/>
        <line num="14" count="66" type="stmt"/>
        <line num="15" count="66" type="stmt"/>
        <line num="16" count="66" type="stmt"/>
        <line num="19" count="66" type="stmt"/>
        <line num="21" count="65" type="stmt"/>
        <line num="22" count="65" type="cond" truecount="2" falsecount="0"/>
        <line num="23" count="64" type="stmt"/>
        <line num="25" count="65" type="stmt"/>
        <line num="28" count="66" type="stmt"/>
        <line num="29" count="12" type="stmt"/>
        <line num="39" count="384" type="stmt"/>
        <line num="49" count="20" type="cond" truecount="2" falsecount="0"/>
        <line num="57" count="17" type="stmt"/>
        <line num="65" count="3" type="stmt"/>
        <line num="66" count="3" type="stmt"/>
        <line num="80" count="36" type="stmt"/>
      </file>
      <file name="Renderer.js" path="C:\Users\Пользователь\Documents\projects\vibecraft_v0.3\test\src\presentation\Renderer.js">
        <metrics statements="76" coveredstatements="76" conditionals="4" coveredconditionals="4" methods="11" coveredmethods="11"/>
        <line num="13" count="46" type="stmt"/>
        <line num="14" count="46" type="stmt"/>
        <line num="15" count="46" type="stmt"/>
        <line num="16" count="46" type="stmt"/>
        <line num="28" count="8" type="stmt"/>
        <line num="29" count="8" type="stmt"/>
        <line num="32" count="8" type="stmt"/>
        <line num="33" count="8" type="stmt"/>
        <line num="34" count="8" type="stmt"/>
        <line num="37" count="8" type="stmt"/>
        <line num="38" count="8" type="stmt"/>
        <line num="41" count="8" type="cond" truecount="2" falsecount="0"/>
        <line num="42" count="2" type="stmt"/>
        <line num="44" count="8" type="stmt"/>
        <line num="45" count="8" type="stmt"/>
        <line num="46" count="8" type="stmt"/>
        <line num="58" count="12" type="stmt"/>
        <line num="59" count="12" type="stmt"/>
        <line num="61" count="12" type="stmt"/>
        <line num="62" count="12" type="stmt"/>
        <line num="63" count="12" type="stmt"/>
        <line num="66" count="12" type="stmt"/>
        <line num="67" count="12" type="stmt"/>
        <line num="68" count="12" type="stmt"/>
        <line num="69" count="12" type="stmt"/>
        <line num="70" count="12" type="stmt"/>
        <line num="71" count="12" type="stmt"/>
        <line num="74" count="12" type="cond" truecount="2" falsecount="0"/>
        <line num="75" count="1" type="stmt"/>
        <line num="78" count="12" type="stmt"/>
        <line num="86" count="1" type="stmt"/>
        <line num="87" count="1" type="stmt"/>
        <line num="88" count="1" type="stmt"/>
        <line num="89" count="1" type="stmt"/>
        <line num="90" count="1" type="stmt"/>
        <line num="91" count="1" type="stmt"/>
        <line num="92" count="1" type="stmt"/>
        <line num="93" count="1" type="stmt"/>
        <line num="103" count="11" type="stmt"/>
        <line num="104" count="11" type="stmt"/>
        <line num="106" count="11" type="stmt"/>
        <line num="107" count="11" type="stmt"/>
        <line num="110" count="11" type="stmt"/>
        <line num="111" count="11" type="stmt"/>
        <line num="112" count="11" type="stmt"/>
        <line num="113" count="49" type="stmt"/>
        <line num="115" count="11" type="stmt"/>
        <line num="116" count="11" type="stmt"/>
        <line num="118" count="11" type="stmt"/>
        <line num="128" count="8" type="stmt"/>
        <line num="130" count="8" type="stmt"/>
        <line num="131" count="8" type="stmt"/>
        <line num="132" count="8" type="stmt"/>
        <line num="136" count="8" type="stmt"/>
        <line num="145" count="7" type="stmt"/>
        <line num="147" count="7" type="stmt"/>
        <line num="148" count="7" type="stmt"/>
        <line num="151" count="7" type="stmt"/>
        <line num="152" count="7" type="stmt"/>
        <line num="153" count="7" type="stmt"/>
        <line num="156" count="7" type="stmt"/>
        <line num="157" count="7" type="stmt"/>
        <line num="158" count="7" type="stmt"/>
        <line num="160" count="7" type="stmt"/>
        <line num="168" count="6" type="stmt"/>
        <line num="169" count="6" type="stmt"/>
        <line num="171" count="6" type="stmt"/>
        <line num="172" count="6" type="stmt"/>
        <line num="174" count="6" type="stmt"/>
        <line num="175" count="72" type="stmt"/>
        <line num="176" count="72" type="stmt"/>
        <line num="178" count="72" type="stmt"/>
        <line num="179" count="72" type="stmt"/>
        <line num="180" count="72" type="stmt"/>
        <line num="184" count="72" type="stmt"/>
        <line num="187" count="6" type="stmt"/>
      </file>
      <file name="UIController.js" path="C:\Users\Пользователь\Documents\projects\vibecraft_v0.3\test\src\presentation\UIController.js">
        <metrics statements="107" coveredstatements="98" conditionals="63" coveredconditionals="38" methods="70" coveredmethods="30"/>
        <line num="13" count="84" type="stmt"/>
        <line num="16" count="84" type="stmt"/>
        <line num="17" count="84" type="stmt"/>
        <line num="18" count="84" type="stmt"/>
        <line num="19" count="84" type="stmt"/>
        <line num="20" count="84" type="stmt"/>
        <line num="21" count="84" type="stmt"/>
        <line num="22" count="84" type="stmt"/>
        <line num="25" count="84" type="stmt"/>
        <line num="26" count="84" type="stmt"/>
        <line num="29" count="84" type="stmt"/>
        <line num="30" count="84" type="stmt"/>
        <line num="32" count="84" type="cond" truecount="2" falsecount="0"/>
        <line num="33" count="83" type="stmt"/>
        <line num="34" count="3" type="stmt"/>
        <line num="35" count="3" type="stmt"/>
        <line num="39" count="84" type="cond" truecount="2" falsecount="0"/>
        <line num="40" count="83" type="stmt"/>
        <line num="41" count="2" type="stmt"/>
        <line num="42" count="2" type="stmt"/>
        <line num="52" count="9" type="cond" truecount="1" falsecount="1"/>
        <line num="53" count="9" type="stmt"/>
        <line num="62" count="7" type="cond" truecount="1" falsecount="1"/>
        <line num="63" count="7" type="stmt"/>
        <line num="72" count="7" type="cond" truecount="1" falsecount="1"/>
        <line num="73" count="7" type="stmt"/>
        <line num="82" count="6" type="cond" truecount="1" falsecount="1"/>
        <line num="83" count="6" type="stmt"/>
        <line num="91" count="5" type="cond" truecount="1" falsecount="1"/>
        <line num="92" count="5" type="stmt"/>
        <line num="94" count="5" type="cond" truecount="1" falsecount="1"/>
        <line num="95" count="5" type="stmt"/>
        <line num="97" count="5" type="cond" truecount="1" falsecount="1"/>
        <line num="98" count="5" type="stmt"/>
        <line num="106" count="4" type="cond" truecount="1" falsecount="1"/>
        <line num="107" count="4" type="stmt"/>
        <line num="115" count="4" type="cond" truecount="1" falsecount="1"/>
        <line num="116" count="4" type="stmt"/>
        <line num="124" count="2" type="cond" truecount="1" falsecount="1"/>
        <line num="125" count="2" type="stmt"/>
        <line num="134" count="6" type="cond" truecount="1" falsecount="1"/>
        <line num="135" count="6" type="stmt"/>
        <line num="136" count="6" type="stmt"/>
        <line num="137" count="6" type="cond" truecount="1" falsecount="1"/>
        <line num="138" count="6" type="stmt"/>
        <line num="147" count="1" type="cond" truecount="1" falsecount="1"/>
        <line num="148" count="1" type="stmt"/>
        <line num="156" count="1" type="cond" truecount="1" falsecount="1"/>
        <line num="157" count="1" type="stmt"/>
        <line num="159" count="1" type="cond" truecount="1" falsecount="1"/>
        <line num="160" count="1" type="stmt"/>
        <line num="162" count="1" type="cond" truecount="1" falsecount="1"/>
        <line num="163" count="1" type="stmt"/>
        <line num="172" count="7" type="stmt"/>
        <line num="173" count="7" type="stmt"/>
        <line num="174" count="7" type="stmt"/>
        <line num="175" count="7" type="cond" truecount="1" falsecount="1"/>
        <line num="176" count="7" type="stmt"/>
        <line num="177" count="7" type="stmt"/>
        <line num="178" count="1" type="cond" truecount="1" falsecount="1"/>
        <line num="179" count="1" type="stmt"/>
        <line num="189" count="3" type="cond" truecount="1" falsecount="1"/>
        <line num="192" count="3" type="stmt"/>
        <line num="195" count="3" type="stmt"/>
        <line num="196" count="7" type="stmt"/>
        <line num="197" count="7" type="stmt"/>
        <line num="198" count="7" type="stmt"/>
        <line num="199" count="7" type="stmt"/>
        <line num="209" count="2" type="stmt"/>
        <line num="210" count="2" type="stmt"/>
        <line num="211" count="2" type="stmt"/>
        <line num="212" count="2" type="stmt"/>
        <line num="213" count="2" type="stmt"/>
        <line num="214" count="1" type="cond" truecount="1" falsecount="1"/>
        <line num="215" count="1" type="stmt"/>
        <line num="226" count="1" type="stmt"/>
        <line num="235" count="1" type="stmt"/>
        <line num="244" count="2" type="stmt"/>
        <line num="252" count="2" type="stmt"/>
        <line num="260" count="1" type="stmt"/>
        <line num="261" count="1" type="cond" truecount="1" falsecount="1"/>
        <line num="262" count="0" type="stmt"/>
        <line num="267" count="1" type="stmt"/>
        <line num="281" count="0" type="stmt"/>
        <line num="284" count="0" type="stmt"/>
        <line num="285" count="0" type="stmt"/>
        <line num="291" count="0" type="stmt"/>
        <line num="292" count="0" type="stmt"/>
        <line num="293" count="0" type="stmt"/>
        <line num="295" count="0" type="stmt"/>
        <line num="296" count="0" type="stmt"/>
        <line num="338" count="4" type="cond" truecount="1" falsecount="1"/>
        <line num="339" count="4" type="stmt"/>
        <line num="341" count="4" type="cond" truecount="2" falsecount="0"/>
        <line num="342" count="3" type="stmt"/>
        <line num="344" count="4" type="cond" truecount="2" falsecount="0"/>
        <line num="345" count="3" type="stmt"/>
        <line num="347" count="4" type="cond" truecount="2" falsecount="0"/>
        <line num="348" count="3" type="stmt"/>
        <line num="357" count="6" type="cond" truecount="1" falsecount="1"/>
        <line num="358" count="6" type="stmt"/>
        <line num="367" count="5" type="cond" truecount="1" falsecount="1"/>
        <line num="368" count="5" type="stmt"/>
        <line num="378" count="5" type="cond" truecount="2" falsecount="0"/>
        <line num="379" count="3" type="stmt"/>
        <line num="380" count="2" type="cond" truecount="1" falsecount="1"/>
        <line num="381" count="2" type="stmt"/>
      </file>
    </package>
  </project>
</coverage>
