{"C:\\Users\\Пользователь\\Documents\\projects\\vibecraft_v0.3\\test\\src\\application\\BulletPool.js": {"path":"C:\\Users\\Пользователь\\Documents\\projects\\vibecraft_v0.3\\test\\src\\application\\BulletPool.js","statementMap":{"0":{"start":{"line":14,"column":8},"end":{"line":14,"column":23}},"1":{"start":{"line":15,"column":8},"end":{"line":15,"column":35}},"2":{"start":{"line":18,"column":8},"end":{"line":28,"column":9}},"3":{"start":{"line":18,"column":21},"end":{"line":18,"column":22}},"4":{"start":{"line":20,"column":27},"end":{"line":23,"column":13}},"5":{"start":{"line":24,"column":12},"end":{"line":24,"column":26}},"6":{"start":{"line":25,"column":12},"end":{"line":25,"column":35}},"7":{"start":{"line":26,"column":12},"end":{"line":26,"column":35}},"8":{"start":{"line":27,"column":12},"end":{"line":27,"column":34}},"9":{"start":{"line":38,"column":8},"end":{"line":40,"column":9}},"10":{"start":{"line":39,"column":12},"end":{"line":39,"column":24}},"11":{"start":{"line":43,"column":19},"end":{"line":43,"column":55}},"12":{"start":{"line":44,"column":8},"end":{"line":44,"column":34}},"13":{"start":{"line":46,"column":23},"end":{"line":46,"column":36}},"14":{"start":{"line":47,"column":8},"end":{"line":47,"column":39}},"15":{"start":{"line":48,"column":8},"end":{"line":48,"column":39}},"16":{"start":{"line":49,"column":8},"end":{"line":49,"column":39}},"17":{"start":{"line":50,"column":8},"end":{"line":50,"column":39}},"18":{"start":{"line":51,"column":8},"end":{"line":51,"column":30}},"19":{"start":{"line":52,"column":8},"end":{"line":52,"column":23}},"20":{"start":{"line":54,"column":8},"end":{"line":54,"column":22}},"21":{"start":{"line":62,"column":8},"end":{"line":62,"column":31}},"22":{"start":{"line":63,"column":8},"end":{"line":63,"column":34}},"23":{"start":{"line":64,"column":8},"end":{"line":64,"column":34}},"24":{"start":{"line":65,"column":8},"end":{"line":65,"column":30}},"25":{"start":{"line":66,"column":8},"end":{"line":66,"column":30}},"26":{"start":{"line":67,"column":8},"end":{"line":67,"column":23}},"27":{"start":{"line":69,"column":8},"end":{"line":69,"column":38}},"28":{"start":{"line":77,"column":23},"end":{"line":77,"column":25}},"29":{"start":{"line":78,"column":8},"end":{"line":82,"column":9}},"30":{"start":{"line":79,"column":12},"end":{"line":81,"column":13}},"31":{"start":{"line":80,"column":16},"end":{"line":80,"column":36}},"32":{"start":{"line":83,"column":8},"end":{"line":83,"column":22}},"33":{"start":{"line":91,"column":8},"end":{"line":100,"column":9}},"34":{"start":{"line":92,"column":12},"end":{"line":99,"column":13}},"35":{"start":{"line":93,"column":16},"end":{"line":93,"column":41}},"36":{"start":{"line":96,"column":16},"end":{"line":98,"column":17}},"37":{"start":{"line":97,"column":20},"end":{"line":97,"column":41}},"38":{"start":{"line":107,"column":8},"end":{"line":111,"column":9}},"39":{"start":{"line":108,"column":12},"end":{"line":108,"column":35}},"40":{"start":{"line":109,"column":12},"end":{"line":109,"column":38}},"41":{"start":{"line":110,"column":12},"end":{"line":110,"column":38}},"42":{"start":{"line":112,"column":8},"end":{"line":112,"column":31}},"43":{"start":{"line":113,"column":8},"end":{"line":115,"column":9}},"44":{"start":{"line":113,"column":21},"end":{"line":113,"column":22}},"45":{"start":{"line":114,"column":12},"end":{"line":114,"column":34}},"46":{"start":{"line":123,"column":8},"end":{"line":123,"column":54}},"47":{"start":{"line":131,"column":8},"end":{"line":131,"column":35}}},"fnMap":{"0":{"name":"(anonymous_0)","decl":{"start":{"line":13,"column":4},"end":{"line":13,"column":5}},"loc":{"start":{"line":13,"column":27},"end":{"line":29,"column":5}},"line":13},"1":{"name":"(anonymous_1)","decl":{"start":{"line":37,"column":4},"end":{"line":37,"column":5}},"loc":{"start":{"line":37,"column":32},"end":{"line":55,"column":5}},"line":37},"2":{"name":"(anonymous_2)","decl":{"start":{"line":61,"column":4},"end":{"line":61,"column":5}},"loc":{"start":{"line":61,"column":20},"end":{"line":70,"column":5}},"line":61},"3":{"name":"(anonymous_3)","decl":{"start":{"line":76,"column":4},"end":{"line":76,"column":5}},"loc":{"start":{"line":76,"column":16},"end":{"line":84,"column":5}},"line":76},"4":{"name":"(anonymous_4)","decl":{"start":{"line":90,"column":4},"end":{"line":90,"column":5}},"loc":{"start":{"line":90,"column":22},"end":{"line":101,"column":5}},"line":90},"5":{"name":"(anonymous_5)","decl":{"start":{"line":106,"column":4},"end":{"line":106,"column":5}},"loc":{"start":{"line":106,"column":12},"end":{"line":116,"column":5}},"line":106},"6":{"name":"(anonymous_6)","decl":{"start":{"line":122,"column":4},"end":{"line":122,"column":5}},"loc":{"start":{"line":122,"column":22},"end":{"line":124,"column":5}},"line":122},"7":{"name":"(anonymous_7)","decl":{"start":{"line":130,"column":4},"end":{"line":130,"column":5}},"loc":{"start":{"line":130,"column":25},"end":{"line":132,"column":5}},"line":130}},"branchMap":{"0":{"loc":{"start":{"line":13,"column":16},"end":{"line":13,"column":25}},"type":"default-arg","locations":[{"start":{"line":13,"column":23},"end":{"line":13,"column":25}}],"line":13},"1":{"loc":{"start":{"line":38,"column":8},"end":{"line":40,"column":9}},"type":"if","locations":[{"start":{"line":38,"column":8},"end":{"line":40,"column":9}},{"start":{},"end":{}}],"line":38},"2":{"loc":{"start":{"line":79,"column":12},"end":{"line":81,"column":13}},"type":"if","locations":[{"start":{"line":79,"column":12},"end":{"line":81,"column":13}},{"start":{},"end":{}}],"line":79},"3":{"loc":{"start":{"line":92,"column":12},"end":{"line":99,"column":13}},"type":"if","locations":[{"start":{"line":92,"column":12},"end":{"line":99,"column":13}},{"start":{},"end":{}}],"line":92},"4":{"loc":{"start":{"line":96,"column":16},"end":{"line":98,"column":17}},"type":"if","locations":[{"start":{"line":96,"column":16},"end":{"line":98,"column":17}},{"start":{},"end":{}}],"line":96}},"s":{"0":84,"1":84,"2":84,"3":84,"4":4200,"5":4200,"6":4200,"7":4200,"8":4200,"9":13,"10":0,"11":13,"12":13,"13":13,"14":13,"15":13,"16":13,"17":13,"18":13,"19":13,"20":13,"21":2,"22":2,"23":2,"24":2,"25":2,"26":2,"27":2,"28":80,"29":80,"30":4000,"31":61,"32":80,"33":35,"34":1750,"35":29,"36":29,"37":0,"38":158,"39":7900,"40":7900,"41":7900,"42":158,"43":158,"44":158,"45":7900,"46":0,"47":0},"f":{"0":84,"1":13,"2":2,"3":80,"4":35,"5":158,"6":0,"7":0},"b":{"0":[0],"1":[0,13],"2":[61,3939],"3":[29,1721],"4":[0,29]},"inputSourceMap":null,"_coverageSchema":"1a1c01bbd47fc00a2c39e90264f33305004495a9","hash":"745d44bc4439f0b4e298230a2764bd4ff5ca2f98"}
,"C:\\Users\\Пользователь\\Documents\\projects\\vibecraft_v0.3\\test\\src\\application\\Game.js": {"path":"C:\\Users\\Пользователь\\Documents\\projects\\vibecraft_v0.3\\test\\src\\application\\Game.js","statementMap":{"0":{"start":{"line":22,"column":8},"end":{"line":22,"column":33}},"1":{"start":{"line":23,"column":8},"end":{"line":23,"column":41}},"2":{"start":{"line":24,"column":8},"end":{"line":24,"column":31}},"3":{"start":{"line":25,"column":8},"end":{"line":25,"column":27}},"4":{"start":{"line":27,"column":8},"end":{"line":27,"column":30}},"5":{"start":{"line":28,"column":8},"end":{"line":28,"column":33}},"6":{"start":{"line":29,"column":8},"end":{"line":29,"column":25}},"7":{"start":{"line":30,"column":8},"end":{"line":30,"column":45}},"8":{"start":{"line":31,"column":8},"end":{"line":31,"column":28}},"9":{"start":{"line":32,"column":8},"end":{"line":32,"column":23}},"10":{"start":{"line":34,"column":8},"end":{"line":34,"column":31}},"11":{"start":{"line":35,"column":8},"end":{"line":35,"column":32}},"12":{"start":{"line":37,"column":8},"end":{"line":37,"column":42}},"13":{"start":{"line":38,"column":8},"end":{"line":38,"column":43}},"14":{"start":{"line":46,"column":23},"end":{"line":46,"column":48}},"15":{"start":{"line":47,"column":8},"end":{"line":47,"column":40}},"16":{"start":{"line":48,"column":8},"end":{"line":48,"column":42}},"17":{"start":{"line":51,"column":8},"end":{"line":58,"column":11}},"18":{"start":{"line":54,"column":16},"end":{"line":56,"column":17}},"19":{"start":{"line":55,"column":20},"end":{"line":55,"column":54}},"20":{"start":{"line":61,"column":8},"end":{"line":61,"column":59}},"21":{"start":{"line":64,"column":8},"end":{"line":64,"column":74}},"22":{"start":{"line":67,"column":8},"end":{"line":67,"column":32}},"23":{"start":{"line":70,"column":8},"end":{"line":70,"column":28}},"24":{"start":{"line":71,"column":8},"end":{"line":71,"column":23}},"25":{"start":{"line":79,"column":8},"end":{"line":81,"column":9}},"26":{"start":{"line":80,"column":12},"end":{"line":80,"column":19}},"27":{"start":{"line":84,"column":8},"end":{"line":86,"column":9}},"28":{"start":{"line":85,"column":12},"end":{"line":85,"column":30}},"29":{"start":{"line":89,"column":8},"end":{"line":89,"column":31}},"30":{"start":{"line":90,"column":8},"end":{"line":90,"column":34}},"31":{"start":{"line":93,"column":8},"end":{"line":93,"column":74}},"32":{"start":{"line":96,"column":8},"end":{"line":96,"column":37}},"33":{"start":{"line":99,"column":8},"end":{"line":99,"column":32}},"34":{"start":{"line":100,"column":8},"end":{"line":100,"column":23}},"35":{"start":{"line":110,"column":31},"end":{"line":110,"column":61}},"36":{"start":{"line":112,"column":8},"end":{"line":114,"column":9}},"37":{"start":{"line":113,"column":12},"end":{"line":113,"column":83}},"38":{"start":{"line":124,"column":26},"end":{"line":124,"column":28}},"39":{"start":{"line":125,"column":36},"end":{"line":125,"column":39}},"40":{"start":{"line":126,"column":44},"end":{"line":126,"column":47}},"41":{"start":{"line":127,"column":28},"end":{"line":127,"column":31}},"42":{"start":{"line":129,"column":8},"end":{"line":174,"column":9}},"43":{"start":{"line":129,"column":21},"end":{"line":129,"column":22}},"44":{"start":{"line":130,"column":27},"end":{"line":130,"column":28}},"45":{"start":{"line":131,"column":27},"end":{"line":131,"column":31}},"46":{"start":{"line":133,"column":12},"end":{"line":163,"column":13}},"47":{"start":{"line":134,"column":26},"end":{"line":134,"column":58}},"48":{"start":{"line":135,"column":26},"end":{"line":135,"column":59}},"49":{"start":{"line":138,"column":37},"end":{"line":141,"column":17}},"50":{"start":{"line":143,"column":16},"end":{"line":146,"column":17}},"51":{"start":{"line":144,"column":20},"end":{"line":144,"column":31}},"52":{"start":{"line":145,"column":20},"end":{"line":145,"column":29}},"53":{"start":{"line":149,"column":31},"end":{"line":149,"column":36}},"54":{"start":{"line":150,"column":16},"end":{"line":156,"column":17}},"55":{"start":{"line":151,"column":33},"end":{"line":151,"column":65}},"56":{"start":{"line":152,"column":20},"end":{"line":155,"column":21}},"57":{"start":{"line":153,"column":24},"end":{"line":153,"column":40}},"58":{"start":{"line":154,"column":24},"end":{"line":154,"column":30}},"59":{"start":{"line":158,"column":16},"end":{"line":162,"column":17}},"60":{"start":{"line":159,"column":20},"end":{"line":159,"column":40}},"61":{"start":{"line":161,"column":20},"end":{"line":161,"column":31}},"62":{"start":{"line":166,"column":12},"end":{"line":171,"column":13}},"63":{"start":{"line":167,"column":16},"end":{"line":170,"column":18}},"64":{"start":{"line":173,"column":12},"end":{"line":173,"column":37}},"65":{"start":{"line":176,"column":8},"end":{"line":176,"column":25}},"66":{"start":{"line":185,"column":8},"end":{"line":187,"column":9}},"67":{"start":{"line":186,"column":12},"end":{"line":186,"column":19}},"68":{"start":{"line":190,"column":8},"end":{"line":192,"column":9}},"69":{"start":{"line":191,"column":12},"end":{"line":191,"column":19}},"70":{"start":{"line":196,"column":8},"end":{"line":204,"column":9}},"71":{"start":{"line":197,"column":12},"end":{"line":201,"column":13}},"72":{"start":{"line":198,"column":16},"end":{"line":198,"column":39}},"73":{"start":{"line":199,"column":19},"end":{"line":201,"column":13}},"74":{"start":{"line":200,"column":16},"end":{"line":200,"column":40}},"75":{"start":{"line":203,"column":12},"end":{"line":203,"column":47}},"76":{"start":{"line":207,"column":8},"end":{"line":209,"column":9}},"77":{"start":{"line":208,"column":12},"end":{"line":208,"column":19}},"78":{"start":{"line":212,"column":8},"end":{"line":214,"column":9}},"79":{"start":{"line":213,"column":12},"end":{"line":213,"column":43}},"80":{"start":{"line":217,"column":8},"end":{"line":223,"column":9}},"81":{"start":{"line":218,"column":12},"end":{"line":218,"column":31}},"82":{"start":{"line":220,"column":12},"end":{"line":222,"column":13}},"83":{"start":{"line":221,"column":16},"end":{"line":221,"column":40}},"84":{"start":{"line":226,"column":8},"end":{"line":238,"column":9}},"85":{"start":{"line":227,"column":27},"end":{"line":227,"column":43}},"86":{"start":{"line":228,"column":12},"end":{"line":237,"column":13}},"87":{"start":{"line":230,"column":37},"end":{"line":230,"column":94}},"88":{"start":{"line":231,"column":16},"end":{"line":236,"column":17}},"89":{"start":{"line":233,"column":20},"end":{"line":235,"column":21}},"90":{"start":{"line":234,"column":24},"end":{"line":234,"column":47}},"91":{"start":{"line":239,"column":8},"end":{"line":239,"column":56}},"92":{"start":{"line":248,"column":8},"end":{"line":250,"column":9}},"93":{"start":{"line":249,"column":12},"end":{"line":249,"column":19}},"94":{"start":{"line":253,"column":8},"end":{"line":257,"column":9}},"95":{"start":{"line":254,"column":12},"end":{"line":254,"column":40}},"96":{"start":{"line":255,"column":12},"end":{"line":255,"column":42}},"97":{"start":{"line":256,"column":12},"end":{"line":256,"column":72}},"98":{"start":{"line":260,"column":8},"end":{"line":263,"column":9}},"99":{"start":{"line":261,"column":12},"end":{"line":261,"column":39}},"100":{"start":{"line":262,"column":12},"end":{"line":262,"column":71}},"101":{"start":{"line":266,"column":8},"end":{"line":266,"column":42}},"102":{"start":{"line":269,"column":8},"end":{"line":272,"column":9}},"103":{"start":{"line":270,"column":12},"end":{"line":270,"column":34}},"104":{"start":{"line":271,"column":12},"end":{"line":271,"column":66}},"105":{"start":{"line":275,"column":8},"end":{"line":275,"column":31}},"106":{"start":{"line":278,"column":8},"end":{"line":281,"column":9}},"107":{"start":{"line":279,"column":12},"end":{"line":279,"column":39}},"108":{"start":{"line":280,"column":12},"end":{"line":280,"column":41}},"109":{"start":{"line":284,"column":8},"end":{"line":284,"column":22}},"110":{"start":{"line":291,"column":8},"end":{"line":293,"column":9}},"111":{"start":{"line":292,"column":12},"end":{"line":292,"column":53}},"112":{"start":{"line":301,"column":25},"end":{"line":306,"column":9}},"113":{"start":{"line":308,"column":27},"end":{"line":308,"column":63}},"114":{"start":{"line":310,"column":8},"end":{"line":325,"column":9}},"115":{"start":{"line":311,"column":12},"end":{"line":324,"column":13}},"116":{"start":{"line":313,"column":20},"end":{"line":313,"column":89}},"117":{"start":{"line":314,"column":20},"end":{"line":314,"column":26}},"118":{"start":{"line":316,"column":20},"end":{"line":316,"column":93}},"119":{"start":{"line":317,"column":20},"end":{"line":317,"column":26}},"120":{"start":{"line":319,"column":20},"end":{"line":319,"column":83}},"121":{"start":{"line":320,"column":20},"end":{"line":320,"column":26}},"122":{"start":{"line":322,"column":20},"end":{"line":322,"column":79}},"123":{"start":{"line":323,"column":20},"end":{"line":323,"column":26}},"124":{"start":{"line":334,"column":8},"end":{"line":334,"column":29}},"125":{"start":{"line":337,"column":8},"end":{"line":339,"column":9}},"126":{"start":{"line":338,"column":12},"end":{"line":338,"column":39}},"127":{"start":{"line":342,"column":8},"end":{"line":344,"column":9}},"128":{"start":{"line":343,"column":12},"end":{"line":343,"column":78}},"129":{"start":{"line":353,"column":8},"end":{"line":353,"column":40}},"130":{"start":{"line":356,"column":8},"end":{"line":356,"column":57}},"131":{"start":{"line":359,"column":26},"end":{"line":359,"column":42}},"132":{"start":{"line":362,"column":22},"end":{"line":362,"column":54}},"133":{"start":{"line":363,"column":8},"end":{"line":365,"column":9}},"134":{"start":{"line":364,"column":12},"end":{"line":364,"column":44}},"135":{"start":{"line":368,"column":8},"end":{"line":368,"column":42}},"136":{"start":{"line":371,"column":8},"end":{"line":373,"column":9}},"137":{"start":{"line":372,"column":12},"end":{"line":372,"column":39}},"138":{"start":{"line":382,"column":8},"end":{"line":382,"column":40}},"139":{"start":{"line":385,"column":23},"end":{"line":385,"column":47}},"140":{"start":{"line":386,"column":8},"end":{"line":386,"column":43}},"141":{"start":{"line":389,"column":22},"end":{"line":389,"column":44}},"142":{"start":{"line":390,"column":8},"end":{"line":392,"column":9}},"143":{"start":{"line":391,"column":12},"end":{"line":391,"column":39}},"144":{"start":{"line":395,"column":8},"end":{"line":397,"column":9}},"145":{"start":{"line":396,"column":12},"end":{"line":396,"column":39}},"146":{"start":{"line":406,"column":8},"end":{"line":406,"column":29}},"147":{"start":{"line":409,"column":8},"end":{"line":411,"column":9}},"148":{"start":{"line":410,"column":12},"end":{"line":410,"column":39}},"149":{"start":{"line":414,"column":8},"end":{"line":416,"column":9}},"150":{"start":{"line":415,"column":12},"end":{"line":415,"column":78}},"151":{"start":{"line":424,"column":8},"end":{"line":424,"column":30}},"152":{"start":{"line":432,"column":8},"end":{"line":432,"column":25}},"153":{"start":{"line":440,"column":8},"end":{"line":440,"column":30}},"154":{"start":{"line":448,"column":8},"end":{"line":448,"column":43}},"155":{"start":{"line":456,"column":8},"end":{"line":456,"column":25}},"156":{"start":{"line":464,"column":8},"end":{"line":464,"column":75}},"157":{"start":{"line":472,"column":8},"end":{"line":472,"column":72}},"158":{"start":{"line":480,"column":8},"end":{"line":480,"column":57}},"159":{"start":{"line":488,"column":8},"end":{"line":488,"column":57}},"160":{"start":{"line":496,"column":8},"end":{"line":498,"column":9}},"161":{"start":{"line":497,"column":12},"end":{"line":497,"column":47}},"162":{"start":{"line":505,"column":8},"end":{"line":507,"column":9}},"163":{"start":{"line":506,"column":12},"end":{"line":506,"column":35}},"164":{"start":{"line":515,"column":8},"end":{"line":520,"column":10}}},"fnMap":{"0":{"name":"(anonymous_0)","decl":{"start":{"line":21,"column":4},"end":{"line":21,"column":5}},"loc":{"start":{"line":21,"column":56},"end":{"line":39,"column":5}},"line":21},"1":{"name":"(anonymous_1)","decl":{"start":{"line":44,"column":4},"end":{"line":44,"column":5}},"loc":{"start":{"line":44,"column":17},"end":{"line":72,"column":5}},"line":44},"2":{"name":"(anonymous_2)","decl":{"start":{"line":52,"column":24},"end":{"line":52,"column":25}},"loc":{"start":{"line":52,"column":30},"end":{"line":57,"column":13}},"line":52},"3":{"name":"(anonymous_3)","decl":{"start":{"line":77,"column":4},"end":{"line":77,"column":5}},"loc":{"start":{"line":77,"column":12},"end":{"line":101,"column":5}},"line":77},"4":{"name":"(anonymous_4)","decl":{"start":{"line":107,"column":4},"end":{"line":107,"column":5}},"loc":{"start":{"line":107,"column":28},"end":{"line":115,"column":5}},"line":107},"5":{"name":"(anonymous_5)","decl":{"start":{"line":183,"column":4},"end":{"line":183,"column":5}},"loc":{"start":{"line":183,"column":23},"end":{"line":240,"column":5}},"line":183},"6":{"name":"(anonymous_6)","decl":{"start":{"line":246,"column":4},"end":{"line":246,"column":5}},"loc":{"start":{"line":246,"column":22},"end":{"line":285,"column":5}},"line":246},"7":{"name":"(anonymous_7)","decl":{"start":{"line":290,"column":4},"end":{"line":290,"column":5}},"loc":{"start":{"line":290,"column":13},"end":{"line":294,"column":5}},"line":290},"8":{"name":"(anonymous_8)","decl":{"start":{"line":300,"column":4},"end":{"line":300,"column":5}},"loc":{"start":{"line":300,"column":22},"end":{"line":326,"column":5}},"line":300},"9":{"name":"(anonymous_9)","decl":{"start":{"line":332,"column":4},"end":{"line":332,"column":5}},"loc":{"start":{"line":332,"column":48},"end":{"line":345,"column":5}},"line":332},"10":{"name":"(anonymous_10)","decl":{"start":{"line":351,"column":4},"end":{"line":351,"column":5}},"loc":{"start":{"line":351,"column":52},"end":{"line":374,"column":5}},"line":351},"11":{"name":"(anonymous_11)","decl":{"start":{"line":380,"column":4},"end":{"line":380,"column":5}},"loc":{"start":{"line":380,"column":42},"end":{"line":398,"column":5}},"line":380},"12":{"name":"(anonymous_12)","decl":{"start":{"line":404,"column":4},"end":{"line":404,"column":5}},"loc":{"start":{"line":404,"column":38},"end":{"line":417,"column":5}},"line":404},"13":{"name":"(anonymous_13)","decl":{"start":{"line":423,"column":4},"end":{"line":423,"column":5}},"loc":{"start":{"line":423,"column":15},"end":{"line":425,"column":5}},"line":423},"14":{"name":"(anonymous_14)","decl":{"start":{"line":431,"column":4},"end":{"line":431,"column":5}},"loc":{"start":{"line":431,"column":14},"end":{"line":433,"column":5}},"line":431},"15":{"name":"(anonymous_15)","decl":{"start":{"line":439,"column":4},"end":{"line":439,"column":5}},"loc":{"start":{"line":439,"column":19},"end":{"line":441,"column":5}},"line":439},"16":{"name":"(anonymous_16)","decl":{"start":{"line":447,"column":4},"end":{"line":447,"column":5}},"loc":{"start":{"line":447,"column":17},"end":{"line":449,"column":5}},"line":447},"17":{"name":"(anonymous_17)","decl":{"start":{"line":455,"column":4},"end":{"line":455,"column":5}},"loc":{"start":{"line":455,"column":14},"end":{"line":457,"column":5}},"line":455},"18":{"name":"(anonymous_18)","decl":{"start":{"line":463,"column":4},"end":{"line":463,"column":5}},"loc":{"start":{"line":463,"column":15},"end":{"line":465,"column":5}},"line":463},"19":{"name":"(anonymous_19)","decl":{"start":{"line":471,"column":4},"end":{"line":471,"column":5}},"loc":{"start":{"line":471,"column":19},"end":{"line":473,"column":5}},"line":471},"20":{"name":"(anonymous_20)","decl":{"start":{"line":479,"column":4},"end":{"line":479,"column":5}},"loc":{"start":{"line":479,"column":15},"end":{"line":481,"column":5}},"line":479},"21":{"name":"(anonymous_21)","decl":{"start":{"line":487,"column":4},"end":{"line":487,"column":5}},"loc":{"start":{"line":487,"column":15},"end":{"line":489,"column":5}},"line":487},"22":{"name":"(anonymous_22)","decl":{"start":{"line":495,"column":4},"end":{"line":495,"column":5}},"loc":{"start":{"line":495,"column":21},"end":{"line":499,"column":5}},"line":495},"23":{"name":"(anonymous_23)","decl":{"start":{"line":504,"column":4},"end":{"line":504,"column":5}},"loc":{"start":{"line":504,"column":12},"end":{"line":508,"column":5}},"line":504},"24":{"name":"(anonymous_24)","decl":{"start":{"line":514,"column":4},"end":{"line":514,"column":5}},"loc":{"start":{"line":514,"column":18},"end":{"line":521,"column":5}},"line":514}},"branchMap":{"0":{"loc":{"start":{"line":54,"column":16},"end":{"line":56,"column":17}},"type":"if","locations":[{"start":{"line":54,"column":16},"end":{"line":56,"column":17}},{"start":{},"end":{}}],"line":54},"1":{"loc":{"start":{"line":79,"column":8},"end":{"line":81,"column":9}},"type":"if","locations":[{"start":{"line":79,"column":8},"end":{"line":81,"column":9}},{"start":{},"end":{}}],"line":79},"2":{"loc":{"start":{"line":79,"column":12},"end":{"line":79,"column":56}},"type":"binary-expr","locations":[{"start":{"line":79,"column":12},"end":{"line":79,"column":26}},{"start":{"line":79,"column":30},"end":{"line":79,"column":56}}],"line":79},"3":{"loc":{"start":{"line":84,"column":8},"end":{"line":86,"column":9}},"type":"if","locations":[{"start":{"line":84,"column":8},"end":{"line":86,"column":9}},{"start":{},"end":{}}],"line":84},"4":{"loc":{"start":{"line":133,"column":19},"end":{"line":133,"column":54}},"type":"binary-expr","locations":[{"start":{"line":133,"column":19},"end":{"line":133,"column":41}},{"start":{"line":133,"column":45},"end":{"line":133,"column":54}}],"line":133},"5":{"loc":{"start":{"line":143,"column":16},"end":{"line":146,"column":17}},"type":"if","locations":[{"start":{"line":143,"column":16},"end":{"line":146,"column":17}},{"start":{},"end":{}}],"line":143},"6":{"loc":{"start":{"line":152,"column":20},"end":{"line":155,"column":21}},"type":"if","locations":[{"start":{"line":152,"column":20},"end":{"line":155,"column":21}},{"start":{},"end":{}}],"line":152},"7":{"loc":{"start":{"line":158,"column":16},"end":{"line":162,"column":17}},"type":"if","locations":[{"start":{"line":158,"column":16},"end":{"line":162,"column":17}},{"start":{"line":160,"column":23},"end":{"line":162,"column":17}}],"line":158},"8":{"loc":{"start":{"line":166,"column":12},"end":{"line":171,"column":13}},"type":"if","locations":[{"start":{"line":166,"column":12},"end":{"line":171,"column":13}},{"start":{},"end":{}}],"line":166},"9":{"loc":{"start":{"line":168,"column":23},"end":{"line":168,"column":63}},"type":"cond-expr","locations":[{"start":{"line":168,"column":37},"end":{"line":168,"column":39}},{"start":{"line":168,"column":42},"end":{"line":168,"column":63}}],"line":168},"10":{"loc":{"start":{"line":169,"column":23},"end":{"line":169,"column":58}},"type":"cond-expr","locations":[{"start":{"line":169,"column":31},"end":{"line":169,"column":33}},{"start":{"line":169,"column":36},"end":{"line":169,"column":58}}],"line":169},"11":{"loc":{"start":{"line":185,"column":8},"end":{"line":187,"column":9}},"type":"if","locations":[{"start":{"line":185,"column":8},"end":{"line":187,"column":9}},{"start":{},"end":{}}],"line":185},"12":{"loc":{"start":{"line":190,"column":8},"end":{"line":192,"column":9}},"type":"if","locations":[{"start":{"line":190,"column":8},"end":{"line":192,"column":9}},{"start":{},"end":{}}],"line":190},"13":{"loc":{"start":{"line":196,"column":8},"end":{"line":204,"column":9}},"type":"if","locations":[{"start":{"line":196,"column":8},"end":{"line":204,"column":9}},{"start":{},"end":{}}],"line":196},"14":{"loc":{"start":{"line":196,"column":12},"end":{"line":196,"column":54}},"type":"binary-expr","locations":[{"start":{"line":196,"column":12},"end":{"line":196,"column":23}},{"start":{"line":196,"column":27},"end":{"line":196,"column":54}}],"line":196},"15":{"loc":{"start":{"line":197,"column":12},"end":{"line":201,"column":13}},"type":"if","locations":[{"start":{"line":197,"column":12},"end":{"line":201,"column":13}},{"start":{"line":199,"column":19},"end":{"line":201,"column":13}}],"line":197},"16":{"loc":{"start":{"line":199,"column":19},"end":{"line":201,"column":13}},"type":"if","locations":[{"start":{"line":199,"column":19},"end":{"line":201,"column":13}},{"start":{},"end":{}}],"line":199},"17":{"loc":{"start":{"line":207,"column":8},"end":{"line":209,"column":9}},"type":"if","locations":[{"start":{"line":207,"column":8},"end":{"line":209,"column":9}},{"start":{},"end":{}}],"line":207},"18":{"loc":{"start":{"line":207,"column":12},"end":{"line":207,"column":68}},"type":"binary-expr","locations":[{"start":{"line":207,"column":12},"end":{"line":207,"column":37}},{"start":{"line":207,"column":41},"end":{"line":207,"column":68}}],"line":207},"19":{"loc":{"start":{"line":212,"column":8},"end":{"line":214,"column":9}},"type":"if","locations":[{"start":{"line":212,"column":8},"end":{"line":214,"column":9}},{"start":{},"end":{}}],"line":212},"20":{"loc":{"start":{"line":217,"column":8},"end":{"line":223,"column":9}},"type":"if","locations":[{"start":{"line":217,"column":8},"end":{"line":223,"column":9}},{"start":{},"end":{}}],"line":217},"21":{"loc":{"start":{"line":220,"column":12},"end":{"line":222,"column":13}},"type":"if","locations":[{"start":{"line":220,"column":12},"end":{"line":222,"column":13}},{"start":{},"end":{}}],"line":220},"22":{"loc":{"start":{"line":220,"column":16},"end":{"line":220,"column":51}},"type":"binary-expr","locations":[{"start":{"line":220,"column":16},"end":{"line":220,"column":26}},{"start":{"line":220,"column":30},"end":{"line":220,"column":51}}],"line":220},"23":{"loc":{"start":{"line":226,"column":8},"end":{"line":238,"column":9}},"type":"if","locations":[{"start":{"line":226,"column":8},"end":{"line":238,"column":9}},{"start":{},"end":{}}],"line":226},"24":{"loc":{"start":{"line":226,"column":12},"end":{"line":226,"column":52}},"type":"binary-expr","locations":[{"start":{"line":226,"column":12},"end":{"line":226,"column":22}},{"start":{"line":226,"column":26},"end":{"line":226,"column":52}}],"line":226},"25":{"loc":{"start":{"line":228,"column":12},"end":{"line":237,"column":13}},"type":"if","locations":[{"start":{"line":228,"column":12},"end":{"line":237,"column":13}},{"start":{},"end":{}}],"line":228},"26":{"loc":{"start":{"line":231,"column":16},"end":{"line":236,"column":17}},"type":"if","locations":[{"start":{"line":231,"column":16},"end":{"line":236,"column":17}},{"start":{},"end":{}}],"line":231},"27":{"loc":{"start":{"line":233,"column":20},"end":{"line":235,"column":21}},"type":"if","locations":[{"start":{"line":233,"column":20},"end":{"line":235,"column":21}},{"start":{},"end":{}}],"line":233},"28":{"loc":{"start":{"line":233,"column":24},"end":{"line":233,"column":58}},"type":"binary-expr","locations":[{"start":{"line":233,"column":24},"end":{"line":233,"column":34}},{"start":{"line":233,"column":38},"end":{"line":233,"column":58}}],"line":233},"29":{"loc":{"start":{"line":239,"column":36},"end":{"line":239,"column":55}},"type":"binary-expr","locations":[{"start":{"line":239,"column":36},"end":{"line":239,"column":46}},{"start":{"line":239,"column":50},"end":{"line":239,"column":55}}],"line":239},"30":{"loc":{"start":{"line":248,"column":8},"end":{"line":250,"column":9}},"type":"if","locations":[{"start":{"line":248,"column":8},"end":{"line":250,"column":9}},{"start":{},"end":{}}],"line":248},"31":{"loc":{"start":{"line":248,"column":12},"end":{"line":248,"column":87}},"type":"binary-expr","locations":[{"start":{"line":248,"column":12},"end":{"line":248,"column":27}},{"start":{"line":248,"column":31},"end":{"line":248,"column":56}},{"start":{"line":248,"column":60},"end":{"line":248,"column":87}}],"line":248},"32":{"loc":{"start":{"line":253,"column":8},"end":{"line":257,"column":9}},"type":"if","locations":[{"start":{"line":253,"column":8},"end":{"line":257,"column":9}},{"start":{},"end":{}}],"line":253},"33":{"loc":{"start":{"line":278,"column":8},"end":{"line":281,"column":9}},"type":"if","locations":[{"start":{"line":278,"column":8},"end":{"line":281,"column":9}},{"start":{},"end":{}}],"line":278},"34":{"loc":{"start":{"line":278,"column":12},"end":{"line":278,"column":69}},"type":"binary-expr","locations":[{"start":{"line":278,"column":12},"end":{"line":278,"column":39}},{"start":{"line":278,"column":43},"end":{"line":278,"column":69}}],"line":278},"35":{"loc":{"start":{"line":291,"column":8},"end":{"line":293,"column":9}},"type":"if","locations":[{"start":{"line":291,"column":8},"end":{"line":293,"column":9}},{"start":{},"end":{}}],"line":291},"36":{"loc":{"start":{"line":291,"column":12},"end":{"line":291,"column":49}},"type":"binary-expr","locations":[{"start":{"line":291,"column":12},"end":{"line":291,"column":25}},{"start":{"line":291,"column":29},"end":{"line":291,"column":49}}],"line":291},"37":{"loc":{"start":{"line":311,"column":12},"end":{"line":324,"column":13}},"type":"switch","locations":[{"start":{"line":312,"column":16},"end":{"line":314,"column":26}},{"start":{"line":315,"column":16},"end":{"line":317,"column":26}},{"start":{"line":318,"column":16},"end":{"line":320,"column":26}},{"start":{"line":321,"column":16},"end":{"line":323,"column":26}}],"line":311},"38":{"loc":{"start":{"line":337,"column":8},"end":{"line":339,"column":9}},"type":"if","locations":[{"start":{"line":337,"column":8},"end":{"line":339,"column":9}},{"start":{},"end":{}}],"line":337},"39":{"loc":{"start":{"line":337,"column":12},"end":{"line":337,"column":50}},"type":"binary-expr","locations":[{"start":{"line":337,"column":12},"end":{"line":337,"column":22}},{"start":{"line":337,"column":26},"end":{"line":337,"column":50}}],"line":337},"40":{"loc":{"start":{"line":342,"column":8},"end":{"line":344,"column":9}},"type":"if","locations":[{"start":{"line":342,"column":8},"end":{"line":344,"column":9}},{"start":{},"end":{}}],"line":342},"41":{"loc":{"start":{"line":363,"column":8},"end":{"line":365,"column":9}},"type":"if","locations":[{"start":{"line":363,"column":8},"end":{"line":365,"column":9}},{"start":{},"end":{}}],"line":363},"42":{"loc":{"start":{"line":371,"column":8},"end":{"line":373,"column":9}},"type":"if","locations":[{"start":{"line":371,"column":8},"end":{"line":373,"column":9}},{"start":{},"end":{}}],"line":371},"43":{"loc":{"start":{"line":371,"column":12},"end":{"line":371,"column":50}},"type":"binary-expr","locations":[{"start":{"line":371,"column":12},"end":{"line":371,"column":22}},{"start":{"line":371,"column":26},"end":{"line":371,"column":50}}],"line":371},"44":{"loc":{"start":{"line":385,"column":23},"end":{"line":385,"column":47}},"type":"cond-expr","locations":[{"start":{"line":385,"column":37},"end":{"line":385,"column":41}},{"start":{"line":385,"column":44},"end":{"line":385,"column":47}}],"line":385},"45":{"loc":{"start":{"line":390,"column":8},"end":{"line":392,"column":9}},"type":"if","locations":[{"start":{"line":390,"column":8},"end":{"line":392,"column":9}},{"start":{},"end":{}}],"line":390},"46":{"loc":{"start":{"line":395,"column":8},"end":{"line":397,"column":9}},"type":"if","locations":[{"start":{"line":395,"column":8},"end":{"line":397,"column":9}},{"start":{},"end":{}}],"line":395},"47":{"loc":{"start":{"line":395,"column":12},"end":{"line":395,"column":50}},"type":"binary-expr","locations":[{"start":{"line":395,"column":12},"end":{"line":395,"column":22}},{"start":{"line":395,"column":26},"end":{"line":395,"column":50}}],"line":395},"48":{"loc":{"start":{"line":409,"column":8},"end":{"line":411,"column":9}},"type":"if","locations":[{"start":{"line":409,"column":8},"end":{"line":411,"column":9}},{"start":{},"end":{}}],"line":409},"49":{"loc":{"start":{"line":409,"column":12},"end":{"line":409,"column":50}},"type":"binary-expr","locations":[{"start":{"line":409,"column":12},"end":{"line":409,"column":22}},{"start":{"line":409,"column":26},"end":{"line":409,"column":50}}],"line":409},"50":{"loc":{"start":{"line":414,"column":8},"end":{"line":416,"column":9}},"type":"if","locations":[{"start":{"line":414,"column":8},"end":{"line":416,"column":9}},{"start":{},"end":{}}],"line":414},"51":{"loc":{"start":{"line":464,"column":15},"end":{"line":464,"column":74}},"type":"cond-expr","locations":[{"start":{"line":464,"column":35},"end":{"line":464,"column":70}},{"start":{"line":464,"column":73},"end":{"line":464,"column":74}}],"line":464},"52":{"loc":{"start":{"line":472,"column":15},"end":{"line":472,"column":71}},"type":"cond-expr","locations":[{"start":{"line":472,"column":35},"end":{"line":472,"column":67}},{"start":{"line":472,"column":70},"end":{"line":472,"column":71}}],"line":472},"53":{"loc":{"start":{"line":480,"column":15},"end":{"line":480,"column":56}},"type":"cond-expr","locations":[{"start":{"line":480,"column":32},"end":{"line":480,"column":52}},{"start":{"line":480,"column":55},"end":{"line":480,"column":56}}],"line":480},"54":{"loc":{"start":{"line":488,"column":15},"end":{"line":488,"column":56}},"type":"cond-expr","locations":[{"start":{"line":488,"column":32},"end":{"line":488,"column":52}},{"start":{"line":488,"column":55},"end":{"line":488,"column":56}}],"line":488},"55":{"loc":{"start":{"line":496,"column":8},"end":{"line":498,"column":9}},"type":"if","locations":[{"start":{"line":496,"column":8},"end":{"line":498,"column":9}},{"start":{},"end":{}}],"line":496},"56":{"loc":{"start":{"line":505,"column":8},"end":{"line":507,"column":9}},"type":"if","locations":[{"start":{"line":505,"column":8},"end":{"line":507,"column":9}},{"start":{},"end":{}}],"line":505},"57":{"loc":{"start":{"line":505,"column":12},"end":{"line":505,"column":56}},"type":"binary-expr","locations":[{"start":{"line":505,"column":12},"end":{"line":505,"column":26}},{"start":{"line":505,"column":30},"end":{"line":505,"column":56}}],"line":505}},"s":{"0":84,"1":84,"2":84,"3":84,"4":84,"5":84,"6":84,"7":84,"8":84,"9":84,"10":84,"11":84,"12":84,"13":84,"14":89,"15":89,"16":89,"17":89,"18":8,"19":0,"20":89,"21":89,"22":89,"23":89,"24":89,"25":73,"26":4,"27":69,"28":0,"29":69,"30":69,"31":69,"32":69,"33":69,"34":69,"35":76,"36":76,"37":304,"38":76,"39":76,"40":76,"41":76,"42":76,"43":76,"44":304,"45":304,"46":304,"47":386,"48":386,"49":386,"50":386,"51":55,"52":55,"53":331,"54":331,"55":497,"56":497,"57":27,"58":27,"59":331,"60":304,"61":27,"62":304,"63":0,"64":304,"65":76,"66":42,"67":0,"68":42,"69":2,"70":40,"71":11,"72":7,"73":4,"74":2,"75":11,"76":40,"77":12,"78":28,"79":3,"80":28,"81":9,"82":9,"83":9,"84":28,"85":13,"86":13,"87":13,"88":13,"89":13,"90":13,"91":28,"92":38,"93":3,"94":35,"95":35,"96":35,"97":35,"98":35,"99":112,"100":112,"101":35,"102":35,"103":0,"104":0,"105":35,"106":35,"107":7,"108":7,"109":35,"110":35,"111":35,"112":35,"113":35,"114":35,"115":5,"116":3,"117":3,"118":2,"119":2,"120":0,"121":0,"122":0,"123":0,"124":3,"125":3,"126":3,"127":3,"128":3,"129":2,"130":2,"131":2,"132":2,"133":2,"134":2,"135":2,"136":2,"137":2,"138":0,"139":0,"140":0,"141":0,"142":0,"143":0,"144":0,"145":0,"146":0,"147":0,"148":0,"149":0,"150":0,"151":35,"152":10,"153":23,"154":9,"155":2,"156":9,"157":3,"158":8,"159":4,"160":7,"161":7,"162":1,"163":1,"164":36},"f":{"0":84,"1":89,"2":8,"3":73,"4":76,"5":42,"6":38,"7":35,"8":35,"9":3,"10":2,"11":0,"12":0,"13":35,"14":10,"15":23,"16":9,"17":2,"18":9,"19":3,"20":8,"21":4,"22":7,"23":1,"24":36},"b":{"0":[0,8],"1":[4,69],"2":[73,73],"3":[0,69],"4":[690,690],"5":[55,331],"6":[27,470],"7":[304,27],"8":[0,304],"9":[0,0],"10":[0,0],"11":[0,42],"12":[2,40],"13":[11,29],"14":[40,11],"15":[7,4],"16":[2,2],"17":[12,28],"18":[40,31],"19":[3,25],"20":[9,19],"21":[9,0],"22":[9,9],"23":[13,15],"24":[28,13],"25":[13,0],"26":[13,0],"27":[13,0],"28":[13,13],"29":[28,15],"30":[3,35],"31":[38,38,36],"32":[35,0],"33":[7,28],"34":[35,7],"35":[35,0],"36":[35,35],"37":[3,2,0,0],"38":[3,0],"39":[3,3],"40":[3,0],"41":[2,0],"42":[2,0],"43":[2,2],"44":[0,0],"45":[0,0],"46":[0,0],"47":[0,0],"48":[0,0],"49":[0,0],"50":[0,0],"51":[9,0],"52":[3,0],"53":[8,0],"54":[4,0],"55":[7,0],"56":[1,0],"57":[1,1]},"inputSourceMap":null,"_coverageSchema":"1a1c01bbd47fc00a2c39e90264f33305004495a9","hash":"34ec13c9642781ac96befffb61daf552ea65d817"}
,"C:\\Users\\Пользователь\\Documents\\projects\\vibecraft_v0.3\\test\\src\\application\\GameLoop.js": {"path":"C:\\Users\\Пользователь\\Documents\\projects\\vibecraft_v0.3\\test\\src\\application\\GameLoop.js","statementMap":{"0":{"start":{"line":12,"column":8},"end":{"line":12,"column":45}},"1":{"start":{"line":13,"column":8},"end":{"line":13,"column":45}},"2":{"start":{"line":14,"column":8},"end":{"line":14,"column":26}},"3":{"start":{"line":15,"column":8},"end":{"line":15,"column":29}},"4":{"start":{"line":16,"column":8},"end":{"line":16,"column":36}},"5":{"start":{"line":17,"column":8},"end":{"line":17,"column":31}},"6":{"start":{"line":18,"column":8},"end":{"line":18,"column":37}},"7":{"start":{"line":19,"column":8},"end":{"line":19,"column":35}},"8":{"start":{"line":26,"column":8},"end":{"line":26,"column":30}},"9":{"start":{"line":27,"column":8},"end":{"line":27,"column":29}},"10":{"start":{"line":28,"column":8},"end":{"line":28,"column":35}},"11":{"start":{"line":35,"column":8},"end":{"line":35,"column":31}},"12":{"start":{"line":36,"column":8},"end":{"line":39,"column":9}},"13":{"start":{"line":37,"column":12},"end":{"line":37,"column":56}},"14":{"start":{"line":38,"column":12},"end":{"line":38,"column":41}},"15":{"start":{"line":47,"column":8},"end":{"line":49,"column":9}},"16":{"start":{"line":48,"column":12},"end":{"line":48,"column":19}},"17":{"start":{"line":52,"column":24},"end":{"line":52,"column":60}},"18":{"start":{"line":53,"column":8},"end":{"line":53,"column":36}},"19":{"start":{"line":56,"column":8},"end":{"line":58,"column":9}},"20":{"start":{"line":57,"column":12},"end":{"line":57,"column":43}},"21":{"start":{"line":61,"column":8},"end":{"line":63,"column":9}},"22":{"start":{"line":62,"column":12},"end":{"line":62,"column":42}},"23":{"start":{"line":67,"column":8},"end":{"line":70,"column":9}},"24":{"start":{"line":68,"column":12},"end":{"line":68,"column":52}},"25":{"start":{"line":69,"column":12},"end":{"line":69,"column":51}},"26":{"start":{"line":72,"column":8},"end":{"line":72,"column":34}},"27":{"start":{"line":75,"column":8},"end":{"line":75,"column":30}}},"fnMap":{"0":{"name":"(anonymous_0)","decl":{"start":{"line":11,"column":4},"end":{"line":11,"column":5}},"loc":{"start":{"line":11,"column":48},"end":{"line":20,"column":5}},"line":11},"1":{"name":"(anonymous_1)","decl":{"start":{"line":25,"column":4},"end":{"line":25,"column":5}},"loc":{"start":{"line":25,"column":12},"end":{"line":29,"column":5}},"line":25},"2":{"name":"(anonymous_2)","decl":{"start":{"line":34,"column":4},"end":{"line":34,"column":5}},"loc":{"start":{"line":34,"column":11},"end":{"line":40,"column":5}},"line":34},"3":{"name":"(anonymous_3)","decl":{"start":{"line":46,"column":4},"end":{"line":46,"column":5}},"loc":{"start":{"line":46,"column":22},"end":{"line":76,"column":5}},"line":46}},"branchMap":{"0":{"loc":{"start":{"line":36,"column":8},"end":{"line":39,"column":9}},"type":"if","locations":[{"start":{"line":36,"column":8},"end":{"line":39,"column":9}},{"start":{},"end":{}}],"line":36},"1":{"loc":{"start":{"line":47,"column":8},"end":{"line":49,"column":9}},"type":"if","locations":[{"start":{"line":47,"column":8},"end":{"line":49,"column":9}},{"start":{},"end":{}}],"line":47},"2":{"loc":{"start":{"line":56,"column":8},"end":{"line":58,"column":9}},"type":"if","locations":[{"start":{"line":56,"column":8},"end":{"line":58,"column":9}},{"start":{},"end":{}}],"line":56},"3":{"loc":{"start":{"line":56,"column":12},"end":{"line":56,"column":65}},"type":"binary-expr","locations":[{"start":{"line":56,"column":12},"end":{"line":56,"column":31}},{"start":{"line":56,"column":35},"end":{"line":56,"column":65}}],"line":56},"4":{"loc":{"start":{"line":61,"column":8},"end":{"line":63,"column":9}},"type":"if","locations":[{"start":{"line":61,"column":8},"end":{"line":63,"column":9}},{"start":{},"end":{}}],"line":61},"5":{"loc":{"start":{"line":67,"column":8},"end":{"line":70,"column":9}},"type":"if","locations":[{"start":{"line":67,"column":8},"end":{"line":70,"column":9}},{"start":{},"end":{}}],"line":67}},"s":{"0":37,"1":37,"2":37,"3":37,"4":37,"5":37,"6":37,"7":37,"8":29,"9":29,"10":29,"11":27,"12":27,"13":0,"14":0,"15":100,"16":2,"17":98,"18":98,"19":98,"20":31,"21":98,"22":98,"23":98,"24":98,"25":98,"26":98,"27":98},"f":{"0":37,"1":29,"2":27,"3":100},"b":{"0":[0,27],"1":[2,98],"2":[31,67],"3":[98,76],"4":[98,0],"5":[98,0]},"inputSourceMap":null,"_coverageSchema":"1a1c01bbd47fc00a2c39e90264f33305004495a9","hash":"81f3661a444f191f864beed2356c353168eab59c"}
,"C:\\Users\\Пользователь\\Documents\\projects\\vibecraft_v0.3\\test\\src\\application\\GameState.js": {"path":"C:\\Users\\Пользователь\\Documents\\projects\\vibecraft_v0.3\\test\\src\\application\\GameState.js","statementMap":{"0":{"start":{"line":12,"column":8},"end":{"line":12,"column":28}},"1":{"start":{"line":13,"column":8},"end":{"line":13,"column":23}},"2":{"start":{"line":14,"column":8},"end":{"line":14,"column":23}},"3":{"start":{"line":15,"column":8},"end":{"line":15,"column":23}},"4":{"start":{"line":16,"column":8},"end":{"line":16,"column":27}},"5":{"start":{"line":17,"column":8},"end":{"line":17,"column":35}},"6":{"start":{"line":25,"column":8},"end":{"line":25,"column":37}},"7":{"start":{"line":33,"column":8},"end":{"line":33,"column":40}},"8":{"start":{"line":41,"column":8},"end":{"line":41,"column":39}},"9":{"start":{"line":49,"column":8},"end":{"line":49,"column":41}},"10":{"start":{"line":56,"column":8},"end":{"line":56,"column":31}},"11":{"start":{"line":57,"column":8},"end":{"line":57,"column":23}},"12":{"start":{"line":58,"column":8},"end":{"line":58,"column":23}},"13":{"start":{"line":59,"column":8},"end":{"line":59,"column":23}},"14":{"start":{"line":66,"column":8},"end":{"line":68,"column":9}},"15":{"start":{"line":67,"column":12},"end":{"line":67,"column":34}},"16":{"start":{"line":75,"column":8},"end":{"line":77,"column":9}},"17":{"start":{"line":76,"column":12},"end":{"line":76,"column":35}},"18":{"start":{"line":84,"column":8},"end":{"line":92,"column":9}},"19":{"start":{"line":85,"column":12},"end":{"line":85,"column":53}},"20":{"start":{"line":86,"column":12},"end":{"line":91,"column":13}},"21":{"start":{"line":87,"column":16},"end":{"line":87,"column":40}},"22":{"start":{"line":88,"column":16},"end":{"line":90,"column":17}},"23":{"start":{"line":89,"column":20},"end":{"line":89,"column":48}},"24":{"start":{"line":99,"column":8},"end":{"line":101,"column":9}},"25":{"start":{"line":100,"column":12},"end":{"line":100,"column":25}},"26":{"start":{"line":109,"column":8},"end":{"line":114,"column":9}},"27":{"start":{"line":110,"column":12},"end":{"line":110,"column":33}},"28":{"start":{"line":111,"column":12},"end":{"line":113,"column":13}},"29":{"start":{"line":112,"column":16},"end":{"line":112,"column":44}},"30":{"start":{"line":121,"column":8},"end":{"line":121,"column":32}},"31":{"start":{"line":122,"column":8},"end":{"line":124,"column":9}},"32":{"start":{"line":123,"column":12},"end":{"line":123,"column":40}}},"fnMap":{"0":{"name":"(anonymous_0)","decl":{"start":{"line":11,"column":4},"end":{"line":11,"column":5}},"loc":{"start":{"line":11,"column":32},"end":{"line":18,"column":5}},"line":11},"1":{"name":"(anonymous_1)","decl":{"start":{"line":24,"column":4},"end":{"line":24,"column":5}},"loc":{"start":{"line":24,"column":13},"end":{"line":26,"column":5}},"line":24},"2":{"name":"(anonymous_2)","decl":{"start":{"line":32,"column":4},"end":{"line":32,"column":5}},"loc":{"start":{"line":32,"column":16},"end":{"line":34,"column":5}},"line":32},"3":{"name":"(anonymous_3)","decl":{"start":{"line":40,"column":4},"end":{"line":40,"column":5}},"loc":{"start":{"line":40,"column":15},"end":{"line":42,"column":5}},"line":40},"4":{"name":"(anonymous_4)","decl":{"start":{"line":48,"column":4},"end":{"line":48,"column":5}},"loc":{"start":{"line":48,"column":17},"end":{"line":50,"column":5}},"line":48},"5":{"name":"(anonymous_5)","decl":{"start":{"line":55,"column":4},"end":{"line":55,"column":5}},"loc":{"start":{"line":55,"column":12},"end":{"line":60,"column":5}},"line":55},"6":{"name":"(anonymous_6)","decl":{"start":{"line":65,"column":4},"end":{"line":65,"column":5}},"loc":{"start":{"line":65,"column":12},"end":{"line":69,"column":5}},"line":65},"7":{"name":"(anonymous_7)","decl":{"start":{"line":74,"column":4},"end":{"line":74,"column":5}},"loc":{"start":{"line":74,"column":13},"end":{"line":78,"column":5}},"line":74},"8":{"name":"(anonymous_8)","decl":{"start":{"line":83,"column":4},"end":{"line":83,"column":5}},"loc":{"start":{"line":83,"column":10},"end":{"line":93,"column":5}},"line":83},"9":{"name":"(anonymous_9)","decl":{"start":{"line":98,"column":4},"end":{"line":98,"column":5}},"loc":{"start":{"line":98,"column":16},"end":{"line":102,"column":5}},"line":98},"10":{"name":"(anonymous_10)","decl":{"start":{"line":108,"column":4},"end":{"line":108,"column":5}},"loc":{"start":{"line":108,"column":21},"end":{"line":115,"column":5}},"line":108},"11":{"name":"(anonymous_11)","decl":{"start":{"line":120,"column":4},"end":{"line":120,"column":5}},"loc":{"start":{"line":120,"column":15},"end":{"line":125,"column":5}},"line":120}},"branchMap":{"0":{"loc":{"start":{"line":11,"column":16},"end":{"line":11,"column":30}},"type":"default-arg","locations":[{"start":{"line":11,"column":28},"end":{"line":11,"column":30}}],"line":11},"1":{"loc":{"start":{"line":66,"column":8},"end":{"line":68,"column":9}},"type":"if","locations":[{"start":{"line":66,"column":8},"end":{"line":68,"column":9}},{"start":{},"end":{}}],"line":66},"2":{"loc":{"start":{"line":75,"column":8},"end":{"line":77,"column":9}},"type":"if","locations":[{"start":{"line":75,"column":8},"end":{"line":77,"column":9}},{"start":{},"end":{}}],"line":75},"3":{"loc":{"start":{"line":84,"column":8},"end":{"line":92,"column":9}},"type":"if","locations":[{"start":{"line":84,"column":8},"end":{"line":92,"column":9}},{"start":{},"end":{}}],"line":84},"4":{"loc":{"start":{"line":84,"column":12},"end":{"line":84,"column":63}},"type":"binary-expr","locations":[{"start":{"line":84,"column":12},"end":{"line":84,"column":36}},{"start":{"line":84,"column":40},"end":{"line":84,"column":63}}],"line":84},"5":{"loc":{"start":{"line":86,"column":12},"end":{"line":91,"column":13}},"type":"if","locations":[{"start":{"line":86,"column":12},"end":{"line":91,"column":13}},{"start":{},"end":{}}],"line":86},"6":{"loc":{"start":{"line":88,"column":16},"end":{"line":90,"column":17}},"type":"if","locations":[{"start":{"line":88,"column":16},"end":{"line":90,"column":17}},{"start":{},"end":{}}],"line":88},"7":{"loc":{"start":{"line":99,"column":8},"end":{"line":101,"column":9}},"type":"if","locations":[{"start":{"line":99,"column":8},"end":{"line":101,"column":9}},{"start":{},"end":{}}],"line":99},"8":{"loc":{"start":{"line":109,"column":8},"end":{"line":114,"column":9}},"type":"if","locations":[{"start":{"line":109,"column":8},"end":{"line":114,"column":9}},{"start":{},"end":{}}],"line":109},"9":{"loc":{"start":{"line":111,"column":12},"end":{"line":113,"column":13}},"type":"if","locations":[{"start":{"line":111,"column":12},"end":{"line":113,"column":13}},{"start":{},"end":{}}],"line":111},"10":{"loc":{"start":{"line":122,"column":8},"end":{"line":124,"column":9}},"type":"if","locations":[{"start":{"line":122,"column":8},"end":{"line":124,"column":9}},{"start":{},"end":{}}],"line":122}},"s":{"0":126,"1":126,"2":126,"3":126,"4":126,"5":126,"6":12,"7":105,"8":95,"9":78,"10":94,"11":94,"12":94,"13":94,"14":14,"15":11,"16":5,"17":3,"18":18,"19":16,"20":16,"21":9,"22":9,"23":3,"24":12,"25":11,"26":10,"27":9,"28":9,"29":8,"30":5,"31":5,"32":5},"f":{"0":126,"1":12,"2":105,"3":95,"4":78,"5":94,"6":14,"7":5,"8":18,"9":12,"10":10,"11":5},"b":{"0":[37],"1":[11,3],"2":[3,2],"3":[16,2],"4":[18,2],"5":[9,7],"6":[3,6],"7":[11,1],"8":[9,1],"9":[8,1],"10":[5,0]},"inputSourceMap":null,"_coverageSchema":"1a1c01bbd47fc00a2c39e90264f33305004495a9","hash":"e4641d11d6d3b2b96149c7274b4a2ca3d45bd475"}
,"C:\\Users\\Пользователь\\Documents\\projects\\vibecraft_v0.3\\test\\src\\application\\ScoreManager.js": {"path":"C:\\Users\\Пользователь\\Documents\\projects\\vibecraft_v0.3\\test\\src\\application\\ScoreManager.js","statementMap":{"0":{"start":{"line":11,"column":8},"end":{"line":11,"column":31}},"1":{"start":{"line":12,"column":8},"end":{"line":12,"column":30}},"2":{"start":{"line":13,"column":8},"end":{"line":13,"column":27}},"3":{"start":{"line":16,"column":8},"end":{"line":22,"column":9}},"4":{"start":{"line":17,"column":36},"end":{"line":17,"column":58}},"5":{"start":{"line":18,"column":12},"end":{"line":18,"column":50}},"6":{"start":{"line":21,"column":12},"end":{"line":21,"column":31}},"7":{"start":{"line":30,"column":8},"end":{"line":30,"column":33}},"8":{"start":{"line":38,"column":8},"end":{"line":38,"column":30}},"9":{"start":{"line":46,"column":8},"end":{"line":46,"column":36}},"10":{"start":{"line":49,"column":8},"end":{"line":51,"column":9}},"11":{"start":{"line":50,"column":12},"end":{"line":50,"column":47}},"12":{"start":{"line":58,"column":8},"end":{"line":62,"column":9}},"13":{"start":{"line":59,"column":12},"end":{"line":59,"column":55}},"14":{"start":{"line":69,"column":8},"end":{"line":69,"column":30}},"15":{"start":{"line":77,"column":8},"end":{"line":84,"column":9}},"16":{"start":{"line":78,"column":12},"end":{"line":78,"column":47}},"17":{"start":{"line":79,"column":12},"end":{"line":83,"column":13}},"18":{"start":{"line":80,"column":16},"end":{"line":80,"column":59}},"19":{"start":{"line":85,"column":8},"end":{"line":85,"column":21}}},"fnMap":{"0":{"name":"(anonymous_0)","decl":{"start":{"line":10,"column":4},"end":{"line":10,"column":5}},"loc":{"start":{"line":10,"column":25},"end":{"line":23,"column":5}},"line":10},"1":{"name":"(anonymous_1)","decl":{"start":{"line":29,"column":4},"end":{"line":29,"column":5}},"loc":{"start":{"line":29,"column":22},"end":{"line":31,"column":5}},"line":29},"2":{"name":"(anonymous_2)","decl":{"start":{"line":37,"column":4},"end":{"line":37,"column":5}},"loc":{"start":{"line":37,"column":19},"end":{"line":39,"column":5}},"line":37},"3":{"name":"(anonymous_3)","decl":{"start":{"line":45,"column":4},"end":{"line":45,"column":5}},"loc":{"start":{"line":45,"column":21},"end":{"line":52,"column":5}},"line":45},"4":{"name":"(anonymous_4)","decl":{"start":{"line":57,"column":4},"end":{"line":57,"column":5}},"loc":{"start":{"line":57,"column":20},"end":{"line":63,"column":5}},"line":57},"5":{"name":"(anonymous_5)","decl":{"start":{"line":68,"column":4},"end":{"line":68,"column":5}},"loc":{"start":{"line":68,"column":12},"end":{"line":70,"column":5}},"line":68},"6":{"name":"(anonymous_6)","decl":{"start":{"line":75,"column":4},"end":{"line":75,"column":5}},"loc":{"start":{"line":75,"column":14},"end":{"line":86,"column":5}},"line":75}},"branchMap":{"0":{"loc":{"start":{"line":18,"column":29},"end":{"line":18,"column":49}},"type":"binary-expr","locations":[{"start":{"line":18,"column":29},"end":{"line":18,"column":44}},{"start":{"line":18,"column":48},"end":{"line":18,"column":49}}],"line":18},"1":{"loc":{"start":{"line":49,"column":8},"end":{"line":51,"column":9}},"type":"if","locations":[{"start":{"line":49,"column":8},"end":{"line":51,"column":9}},{"start":{},"end":{}}],"line":49},"2":{"loc":{"start":{"line":77,"column":8},"end":{"line":84,"column":9}},"type":"if","locations":[{"start":{"line":77,"column":8},"end":{"line":84,"column":9}},{"start":{},"end":{}}],"line":77}},"s":{"0":127,"1":127,"2":127,"3":127,"4":127,"5":126,"6":1,"7":24,"8":14,"9":36,"10":36,"11":29,"12":0,"13":0,"14":76,"15":3,"16":0,"17":0,"18":0,"19":3},"f":{"0":127,"1":24,"2":14,"3":36,"4":0,"5":76,"6":3},"b":{"0":[126,120],"1":[29,7],"2":[0,3]},"inputSourceMap":null,"_coverageSchema":"1a1c01bbd47fc00a2c39e90264f33305004495a9","hash":"327bc60afb8e2345412061c78d98b37105cdc12a"}
,"C:\\Users\\Пользователь\\Documents\\projects\\vibecraft_v0.3\\test\\src\\domain\\entities\\Asteroid.js": {"path":"C:\\Users\\Пользователь\\Documents\\projects\\vibecraft_v0.3\\test\\src\\domain\\entities\\Asteroid.js","statementMap":{"0":{"start":{"line":9,"column":8},"end":{"line":9,"column":33}},"1":{"start":{"line":10,"column":8},"end":{"line":10,"column":25}},"2":{"start":{"line":11,"column":8},"end":{"line":11,"column":55}},"3":{"start":{"line":12,"column":8},"end":{"line":12,"column":51}},"4":{"start":{"line":16,"column":8},"end":{"line":21,"column":9}},"5":{"start":{"line":17,"column":26},"end":{"line":17,"column":36}},"6":{"start":{"line":18,"column":27},"end":{"line":18,"column":37}},"7":{"start":{"line":19,"column":26},"end":{"line":19,"column":36}},"8":{"start":{"line":20,"column":21},"end":{"line":20,"column":31}},"9":{"start":{"line":25,"column":22},"end":{"line":25,"column":24}},"10":{"start":{"line":26,"column":22},"end":{"line":26,"column":49}},"11":{"start":{"line":27,"column":8},"end":{"line":30,"column":10}},"12":{"start":{"line":34,"column":29},"end":{"line":34,"column":62}},"13":{"start":{"line":35,"column":8},"end":{"line":35,"column":56}},"14":{"start":{"line":39,"column":8},"end":{"line":43,"column":9}},"15":{"start":{"line":40,"column":12},"end":{"line":40,"column":60}},"16":{"start":{"line":41,"column":15},"end":{"line":43,"column":9}},"17":{"start":{"line":42,"column":12},"end":{"line":42,"column":60}},"18":{"start":{"line":45,"column":8},"end":{"line":49,"column":9}},"19":{"start":{"line":46,"column":12},"end":{"line":46,"column":61}},"20":{"start":{"line":47,"column":15},"end":{"line":49,"column":9}},"21":{"start":{"line":48,"column":12},"end":{"line":48,"column":61}},"22":{"start":{"line":53,"column":8},"end":{"line":55,"column":9}},"23":{"start":{"line":54,"column":12},"end":{"line":54,"column":22}},"24":{"start":{"line":57,"column":24},"end":{"line":57,"column":66}},"25":{"start":{"line":58,"column":25},"end":{"line":58,"column":27}},"26":{"start":{"line":60,"column":8},"end":{"line":63,"column":9}},"27":{"start":{"line":60,"column":21},"end":{"line":60,"column":22}},"28":{"start":{"line":61,"column":26},"end":{"line":61,"column":95}},"29":{"start":{"line":62,"column":12},"end":{"line":62,"column":33}},"30":{"start":{"line":65,"column":8},"end":{"line":65,"column":24}},"31":{"start":{"line":69,"column":8},"end":{"line":74,"column":9}},"32":{"start":{"line":70,"column":26},"end":{"line":70,"column":36}},"33":{"start":{"line":71,"column":27},"end":{"line":71,"column":37}},"34":{"start":{"line":72,"column":26},"end":{"line":72,"column":37}},"35":{"start":{"line":73,"column":21},"end":{"line":73,"column":30}},"36":{"start":{"line":78,"column":8},"end":{"line":78,"column":60}}},"fnMap":{"0":{"name":"(anonymous_0)","decl":{"start":{"line":8,"column":4},"end":{"line":8,"column":5}},"loc":{"start":{"line":8,"column":32},"end":{"line":13,"column":5}},"line":8},"1":{"name":"(anonymous_1)","decl":{"start":{"line":33,"column":4},"end":{"line":33,"column":5}},"loc":{"start":{"line":33,"column":22},"end":{"line":36,"column":5}},"line":33},"2":{"name":"(anonymous_2)","decl":{"start":{"line":38,"column":4},"end":{"line":38,"column":5}},"loc":{"start":{"line":38,"column":44},"end":{"line":50,"column":5}},"line":38},"3":{"name":"(anonymous_3)","decl":{"start":{"line":52,"column":4},"end":{"line":52,"column":5}},"loc":{"start":{"line":52,"column":12},"end":{"line":66,"column":5}},"line":52},"4":{"name":"(anonymous_4)","decl":{"start":{"line":68,"column":4},"end":{"line":68,"column":5}},"loc":{"start":{"line":68,"column":16},"end":{"line":75,"column":5}},"line":68},"5":{"name":"(anonymous_5)","decl":{"start":{"line":77,"column":4},"end":{"line":77,"column":5}},"loc":{"start":{"line":77,"column":22},"end":{"line":79,"column":5}},"line":77}},"branchMap":{"0":{"loc":{"start":{"line":16,"column":8},"end":{"line":21,"column":9}},"type":"switch","locations":[{"start":{"line":17,"column":12},"end":{"line":17,"column":36}},{"start":{"line":18,"column":12},"end":{"line":18,"column":37}},{"start":{"line":19,"column":12},"end":{"line":19,"column":36}},{"start":{"line":20,"column":12},"end":{"line":20,"column":31}}],"line":16},"1":{"loc":{"start":{"line":39,"column":8},"end":{"line":43,"column":9}},"type":"if","locations":[{"start":{"line":39,"column":8},"end":{"line":43,"column":9}},{"start":{"line":41,"column":15},"end":{"line":43,"column":9}}],"line":39},"2":{"loc":{"start":{"line":41,"column":15},"end":{"line":43,"column":9}},"type":"if","locations":[{"start":{"line":41,"column":15},"end":{"line":43,"column":9}},{"start":{},"end":{}}],"line":41},"3":{"loc":{"start":{"line":45,"column":8},"end":{"line":49,"column":9}},"type":"if","locations":[{"start":{"line":45,"column":8},"end":{"line":49,"column":9}},{"start":{"line":47,"column":15},"end":{"line":49,"column":9}}],"line":45},"4":{"loc":{"start":{"line":47,"column":15},"end":{"line":49,"column":9}},"type":"if","locations":[{"start":{"line":47,"column":15},"end":{"line":49,"column":9}},{"start":{},"end":{}}],"line":47},"5":{"loc":{"start":{"line":53,"column":8},"end":{"line":55,"column":9}},"type":"if","locations":[{"start":{"line":53,"column":8},"end":{"line":55,"column":9}},{"start":{},"end":{}}],"line":53},"6":{"loc":{"start":{"line":57,"column":24},"end":{"line":57,"column":66}},"type":"cond-expr","locations":[{"start":{"line":57,"column":48},"end":{"line":57,"column":56}},{"start":{"line":57,"column":59},"end":{"line":57,"column":66}}],"line":57},"7":{"loc":{"start":{"line":69,"column":8},"end":{"line":74,"column":9}},"type":"switch","locations":[{"start":{"line":70,"column":12},"end":{"line":70,"column":36}},{"start":{"line":71,"column":12},"end":{"line":71,"column":37}},{"start":{"line":72,"column":12},"end":{"line":72,"column":37}},{"start":{"line":73,"column":12},"end":{"line":73,"column":30}}],"line":69}},"s":{"0":330,"1":330,"2":330,"3":330,"4":330,"5":313,"6":10,"7":7,"8":0,"9":330,"10":330,"11":330,"12":113,"13":113,"14":112,"15":1,"16":111,"17":0,"18":112,"19":0,"20":112,"21":0,"22":5,"23":1,"24":4,"25":4,"26":4,"27":4,"28":8,"29":8,"30":4,"31":5,"32":3,"33":1,"34":1,"35":0,"36":239},"f":{"0":330,"1":113,"2":112,"3":5,"4":5,"5":239},"b":{"0":[313,10,7,0],"1":[1,111],"2":[0,111],"3":[0,112],"4":[0,112],"5":[1,4],"6":[3,1],"7":[3,1,1,0]},"inputSourceMap":null,"_coverageSchema":"1a1c01bbd47fc00a2c39e90264f33305004495a9","hash":"13c033c3870a4714c2d8702f9de6de4998a51f8f"}
,"C:\\Users\\Пользователь\\Documents\\projects\\vibecraft_v0.3\\test\\src\\domain\\entities\\Bullet.js": {"path":"C:\\Users\\Пользователь\\Documents\\projects\\vibecraft_v0.3\\test\\src\\domain\\entities\\Bullet.js","statementMap":{"0":{"start":{"line":9,"column":8},"end":{"line":9,"column":33}},"1":{"start":{"line":10,"column":8},"end":{"line":10,"column":33}},"2":{"start":{"line":11,"column":8},"end":{"line":11,"column":26}},"3":{"start":{"line":12,"column":8},"end":{"line":12,"column":21}},"4":{"start":{"line":13,"column":8},"end":{"line":13,"column":28}},"5":{"start":{"line":14,"column":8},"end":{"line":14,"column":25}},"6":{"start":{"line":18,"column":8},"end":{"line":18,"column":30}},"7":{"start":{"line":19,"column":8},"end":{"line":22,"column":9}},"8":{"start":{"line":20,"column":12},"end":{"line":20,"column":33}},"9":{"start":{"line":21,"column":12},"end":{"line":21,"column":19}},"10":{"start":{"line":24,"column":29},"end":{"line":24,"column":62}},"11":{"start":{"line":25,"column":8},"end":{"line":25,"column":56}},"12":{"start":{"line":29,"column":8},"end":{"line":29,"column":60}}},"fnMap":{"0":{"name":"(anonymous_0)","decl":{"start":{"line":8,"column":4},"end":{"line":8,"column":5}},"loc":{"start":{"line":8,"column":36},"end":{"line":15,"column":5}},"line":8},"1":{"name":"(anonymous_1)","decl":{"start":{"line":17,"column":4},"end":{"line":17,"column":5}},"loc":{"start":{"line":17,"column":22},"end":{"line":26,"column":5}},"line":17},"2":{"name":"(anonymous_2)","decl":{"start":{"line":28,"column":4},"end":{"line":28,"column":5}},"loc":{"start":{"line":28,"column":22},"end":{"line":30,"column":5}},"line":28}},"branchMap":{"0":{"loc":{"start":{"line":19,"column":8},"end":{"line":22,"column":9}},"type":"if","locations":[{"start":{"line":19,"column":8},"end":{"line":22,"column":9}},{"start":{},"end":{}}],"line":19}},"s":{"0":4229,"1":4229,"2":4229,"3":4229,"4":4229,"5":4229,"6":32,"7":32,"8":1,"9":1,"10":31,"11":31,"12":123},"f":{"0":4229,"1":32,"2":123},"b":{"0":[1,31]},"inputSourceMap":null,"_coverageSchema":"1a1c01bbd47fc00a2c39e90264f33305004495a9","hash":"750972f4fc6cf09afb4bdbea60b51adb7718d3cd"}
,"C:\\Users\\Пользователь\\Documents\\projects\\vibecraft_v0.3\\test\\src\\domain\\entities\\Ship.js": {"path":"C:\\Users\\Пользователь\\Documents\\projects\\vibecraft_v0.3\\test\\src\\domain\\entities\\Ship.js","statementMap":{"0":{"start":{"line":10,"column":8},"end":{"line":10,"column":43}},"1":{"start":{"line":11,"column":8},"end":{"line":11,"column":43}},"2":{"start":{"line":12,"column":8},"end":{"line":12,"column":26}},"3":{"start":{"line":13,"column":8},"end":{"line":13,"column":33}},"4":{"start":{"line":14,"column":8},"end":{"line":14,"column":31}},"5":{"start":{"line":15,"column":8},"end":{"line":15,"column":25}},"6":{"start":{"line":20,"column":8},"end":{"line":20,"column":61}},"7":{"start":{"line":25,"column":22},"end":{"line":25,"column":49}},"8":{"start":{"line":26,"column":29},"end":{"line":29,"column":9}},"9":{"start":{"line":30,"column":8},"end":{"line":30,"column":56}},"10":{"start":{"line":34,"column":29},"end":{"line":34,"column":62}},"11":{"start":{"line":35,"column":8},"end":{"line":35,"column":56}},"12":{"start":{"line":39,"column":8},"end":{"line":39,"column":60}},"13":{"start":{"line":43,"column":8},"end":{"line":47,"column":9}},"14":{"start":{"line":44,"column":12},"end":{"line":44,"column":60}},"15":{"start":{"line":45,"column":15},"end":{"line":47,"column":9}},"16":{"start":{"line":46,"column":12},"end":{"line":46,"column":60}},"17":{"start":{"line":49,"column":8},"end":{"line":53,"column":9}},"18":{"start":{"line":50,"column":12},"end":{"line":50,"column":61}},"19":{"start":{"line":51,"column":15},"end":{"line":53,"column":9}},"20":{"start":{"line":52,"column":12},"end":{"line":52,"column":61}},"21":{"start":{"line":57,"column":8},"end":{"line":57,"column":60}},"22":{"start":{"line":61,"column":22},"end":{"line":61,"column":49}},"23":{"start":{"line":62,"column":26},"end":{"line":65,"column":9}},"24":{"start":{"line":66,"column":31},"end":{"line":66,"column":54}},"25":{"start":{"line":67,"column":31},"end":{"line":67,"column":72}},"26":{"start":{"line":68,"column":8},"end":{"line":68,"column":58}}},"fnMap":{"0":{"name":"(anonymous_0)","decl":{"start":{"line":9,"column":4},"end":{"line":9,"column":5}},"loc":{"start":{"line":9,"column":22},"end":{"line":16,"column":5}},"line":9},"1":{"name":"(anonymous_1)","decl":{"start":{"line":18,"column":4},"end":{"line":18,"column":5}},"loc":{"start":{"line":18,"column":22},"end":{"line":21,"column":5}},"line":18},"2":{"name":"(anonymous_2)","decl":{"start":{"line":23,"column":4},"end":{"line":23,"column":5}},"loc":{"start":{"line":23,"column":13},"end":{"line":31,"column":5}},"line":23},"3":{"name":"(anonymous_3)","decl":{"start":{"line":33,"column":4},"end":{"line":33,"column":5}},"loc":{"start":{"line":33,"column":22},"end":{"line":36,"column":5}},"line":33},"4":{"name":"(anonymous_4)","decl":{"start":{"line":38,"column":4},"end":{"line":38,"column":5}},"loc":{"start":{"line":38,"column":31},"end":{"line":40,"column":5}},"line":38},"5":{"name":"(anonymous_5)","decl":{"start":{"line":42,"column":4},"end":{"line":42,"column":5}},"loc":{"start":{"line":42,"column":44},"end":{"line":54,"column":5}},"line":42},"6":{"name":"(anonymous_6)","decl":{"start":{"line":56,"column":4},"end":{"line":56,"column":5}},"loc":{"start":{"line":56,"column":22},"end":{"line":58,"column":5}},"line":56},"7":{"name":"(anonymous_7)","decl":{"start":{"line":60,"column":4},"end":{"line":60,"column":5}},"loc":{"start":{"line":60,"column":11},"end":{"line":69,"column":5}},"line":60}},"branchMap":{"0":{"loc":{"start":{"line":43,"column":8},"end":{"line":47,"column":9}},"type":"if","locations":[{"start":{"line":43,"column":8},"end":{"line":47,"column":9}},{"start":{"line":45,"column":15},"end":{"line":47,"column":9}}],"line":43},"1":{"loc":{"start":{"line":45,"column":15},"end":{"line":47,"column":9}},"type":"if","locations":[{"start":{"line":45,"column":15},"end":{"line":47,"column":9}},{"start":{},"end":{}}],"line":45},"2":{"loc":{"start":{"line":49,"column":8},"end":{"line":53,"column":9}},"type":"if","locations":[{"start":{"line":49,"column":8},"end":{"line":53,"column":9}},{"start":{"line":51,"column":15},"end":{"line":53,"column":9}}],"line":49},"3":{"loc":{"start":{"line":51,"column":15},"end":{"line":53,"column":9}},"type":"if","locations":[{"start":{"line":51,"column":15},"end":{"line":53,"column":9}},{"start":{},"end":{}}],"line":51}},"s":{"0":183,"1":183,"2":183,"3":183,"4":183,"5":183,"6":5,"7":12,"8":12,"9":12,"10":36,"11":36,"12":36,"13":39,"14":2,"15":37,"16":1,"17":39,"18":1,"19":38,"20":1,"21":120,"22":15,"23":15,"24":15,"25":15,"26":15},"f":{"0":183,"1":5,"2":12,"3":36,"4":36,"5":39,"6":120,"7":15},"b":{"0":[2,37],"1":[1,36],"2":[1,38],"3":[1,37]},"inputSourceMap":null,"_coverageSchema":"1a1c01bbd47fc00a2c39e90264f33305004495a9","hash":"9ff1df49fdb6399437131d3e1407b5459e9f576a"}
,"C:\\Users\\Пользователь\\Documents\\projects\\vibecraft_v0.3\\test\\src\\domain\\entities\\UFO.js": {"path":"C:\\Users\\Пользователь\\Documents\\projects\\vibecraft_v0.3\\test\\src\\domain\\entities\\UFO.js","statementMap":{"0":{"start":{"line":10,"column":8},"end":{"line":10,"column":33}},"1":{"start":{"line":11,"column":8},"end":{"line":11,"column":31}},"2":{"start":{"line":12,"column":8},"end":{"line":12,"column":55}},"3":{"start":{"line":13,"column":8},"end":{"line":13,"column":57}},"4":{"start":{"line":14,"column":8},"end":{"line":14,"column":31}},"5":{"start":{"line":15,"column":8},"end":{"line":15,"column":52}},"6":{"start":{"line":19,"column":8},"end":{"line":19,"column":45}},"7":{"start":{"line":23,"column":8},"end":{"line":23,"column":50}},"8":{"start":{"line":27,"column":22},"end":{"line":27,"column":56}},"9":{"start":{"line":28,"column":22},"end":{"line":28,"column":49}},"10":{"start":{"line":29,"column":8},"end":{"line":32,"column":10}},"11":{"start":{"line":36,"column":29},"end":{"line":36,"column":62}},"12":{"start":{"line":37,"column":8},"end":{"line":37,"column":56}},"13":{"start":{"line":39,"column":8},"end":{"line":41,"column":9}},"14":{"start":{"line":40,"column":12},"end":{"line":40,"column":44}},"15":{"start":{"line":45,"column":8},"end":{"line":47,"column":9}},"16":{"start":{"line":46,"column":12},"end":{"line":46,"column":24}},"17":{"start":{"line":49,"column":8},"end":{"line":49,"column":47}},"18":{"start":{"line":51,"column":26},"end":{"line":51,"column":44}},"19":{"start":{"line":52,"column":31},"end":{"line":52,"column":54}},"20":{"start":{"line":53,"column":31},"end":{"line":56,"column":9}},"21":{"start":{"line":58,"column":8},"end":{"line":58,"column":58}},"22":{"start":{"line":62,"column":8},"end":{"line":62,"column":53}},"23":{"start":{"line":66,"column":8},"end":{"line":66,"column":60}}},"fnMap":{"0":{"name":"(anonymous_0)","decl":{"start":{"line":9,"column":4},"end":{"line":9,"column":5}},"loc":{"start":{"line":9,"column":35},"end":{"line":16,"column":5}},"line":9},"1":{"name":"(anonymous_1)","decl":{"start":{"line":35,"column":4},"end":{"line":35,"column":5}},"loc":{"start":{"line":35,"column":22},"end":{"line":42,"column":5}},"line":35},"2":{"name":"(anonymous_2)","decl":{"start":{"line":44,"column":4},"end":{"line":44,"column":5}},"loc":{"start":{"line":44,"column":14},"end":{"line":59,"column":5}},"line":44},"3":{"name":"(anonymous_3)","decl":{"start":{"line":61,"column":4},"end":{"line":61,"column":5}},"loc":{"start":{"line":61,"column":16},"end":{"line":63,"column":5}},"line":61},"4":{"name":"(anonymous_4)","decl":{"start":{"line":65,"column":4},"end":{"line":65,"column":5}},"loc":{"start":{"line":65,"column":22},"end":{"line":67,"column":5}},"line":65}},"branchMap":{"0":{"loc":{"start":{"line":19,"column":15},"end":{"line":19,"column":44}},"type":"cond-expr","locations":[{"start":{"line":19,"column":37},"end":{"line":19,"column":39}},{"start":{"line":19,"column":42},"end":{"line":19,"column":44}}],"line":19},"1":{"loc":{"start":{"line":23,"column":15},"end":{"line":23,"column":49}},"type":"cond-expr","locations":[{"start":{"line":23,"column":42},"end":{"line":23,"column":43}},{"start":{"line":23,"column":46},"end":{"line":23,"column":49}}],"line":23},"2":{"loc":{"start":{"line":27,"column":22},"end":{"line":27,"column":56}},"type":"cond-expr","locations":[{"start":{"line":27,"column":49},"end":{"line":27,"column":51}},{"start":{"line":27,"column":54},"end":{"line":27,"column":56}}],"line":27},"3":{"loc":{"start":{"line":39,"column":8},"end":{"line":41,"column":9}},"type":"if","locations":[{"start":{"line":39,"column":8},"end":{"line":41,"column":9}},{"start":{},"end":{}}],"line":39},"4":{"loc":{"start":{"line":45,"column":8},"end":{"line":47,"column":9}},"type":"if","locations":[{"start":{"line":45,"column":8},"end":{"line":47,"column":9}},{"start":{},"end":{}}],"line":45},"5":{"loc":{"start":{"line":62,"column":15},"end":{"line":62,"column":52}},"type":"cond-expr","locations":[{"start":{"line":62,"column":42},"end":{"line":62,"column":45}},{"start":{"line":62,"column":48},"end":{"line":62,"column":52}}],"line":62}},"s":{"0":14,"1":14,"2":14,"3":14,"4":14,"5":14,"6":14,"7":14,"8":14,"9":14,"10":14,"11":1,"12":1,"13":1,"14":0,"15":3,"16":1,"17":2,"18":2,"19":2,"20":2,"21":2,"22":2,"23":7},"f":{"0":14,"1":1,"2":3,"3":2,"4":7},"b":{"0":[9,5],"1":[9,5],"2":[9,5],"3":[0,1],"4":[1,2],"5":[1,1]},"inputSourceMap":null,"_coverageSchema":"1a1c01bbd47fc00a2c39e90264f33305004495a9","hash":"5cb22eb9f5eb703b66c2a8012cb421b65c7998ab"}
,"C:\\Users\\Пользователь\\Documents\\projects\\vibecraft_v0.3\\test\\src\\domain\\services\\CollisionDetector.js": {"path":"C:\\Users\\Пользователь\\Documents\\projects\\vibecraft_v0.3\\test\\src\\domain\\services\\CollisionDetector.js","statementMap":{"0":{"start":{"line":6,"column":24},"end":{"line":6,"column":46}},"1":{"start":{"line":7,"column":28},"end":{"line":7,"column":54}},"2":{"start":{"line":9,"column":8},"end":{"line":11,"column":9}},"3":{"start":{"line":10,"column":12},"end":{"line":10,"column":63}},"4":{"start":{"line":13,"column":8},"end":{"line":13,"column":18}},"5":{"start":{"line":17,"column":26},"end":{"line":17,"column":50}},"6":{"start":{"line":18,"column":28},"end":{"line":18,"column":54}},"7":{"start":{"line":20,"column":8},"end":{"line":22,"column":9}},"8":{"start":{"line":21,"column":12},"end":{"line":21,"column":67}},"9":{"start":{"line":24,"column":8},"end":{"line":24,"column":18}},"10":{"start":{"line":28,"column":26},"end":{"line":28,"column":50}},"11":{"start":{"line":29,"column":23},"end":{"line":29,"column":44}},"12":{"start":{"line":31,"column":8},"end":{"line":33,"column":9}},"13":{"start":{"line":32,"column":12},"end":{"line":32,"column":57}},"14":{"start":{"line":35,"column":8},"end":{"line":35,"column":18}},"15":{"start":{"line":39,"column":24},"end":{"line":39,"column":46}},"16":{"start":{"line":40,"column":23},"end":{"line":40,"column":44}},"17":{"start":{"line":42,"column":8},"end":{"line":44,"column":9}},"18":{"start":{"line":43,"column":12},"end":{"line":43,"column":53}},"19":{"start":{"line":46,"column":8},"end":{"line":46,"column":18}},"20":{"start":{"line":50,"column":27},"end":{"line":50,"column":29}},"21":{"start":{"line":51,"column":51},"end":{"line":51,"column":59}},"22":{"start":{"line":54,"column":8},"end":{"line":57,"column":9}},"23":{"start":{"line":55,"column":43},"end":{"line":55,"column":81}},"24":{"start":{"line":56,"column":12},"end":{"line":56,"column":55}},"25":{"start":{"line":60,"column":8},"end":{"line":65,"column":9}},"26":{"start":{"line":61,"column":12},"end":{"line":64,"column":13}},"27":{"start":{"line":62,"column":49},"end":{"line":62,"column":91}},"28":{"start":{"line":63,"column":16},"end":{"line":63,"column":61}},"29":{"start":{"line":68,"column":8},"end":{"line":73,"column":9}},"30":{"start":{"line":69,"column":12},"end":{"line":72,"column":13}},"31":{"start":{"line":70,"column":44},"end":{"line":70,"column":76}},"32":{"start":{"line":71,"column":16},"end":{"line":71,"column":56}},"33":{"start":{"line":76,"column":8},"end":{"line":79,"column":9}},"34":{"start":{"line":77,"column":38},"end":{"line":77,"column":66}},"35":{"start":{"line":78,"column":12},"end":{"line":78,"column":50}},"36":{"start":{"line":81,"column":8},"end":{"line":81,"column":26}}},"fnMap":{"0":{"name":"(anonymous_0)","decl":{"start":{"line":5,"column":4},"end":{"line":5,"column":5}},"loc":{"start":{"line":5,"column":45},"end":{"line":14,"column":5}},"line":5},"1":{"name":"(anonymous_1)","decl":{"start":{"line":16,"column":4},"end":{"line":16,"column":5}},"loc":{"start":{"line":16,"column":49},"end":{"line":25,"column":5}},"line":16},"2":{"name":"(anonymous_2)","decl":{"start":{"line":27,"column":4},"end":{"line":27,"column":5}},"loc":{"start":{"line":27,"column":39},"end":{"line":36,"column":5}},"line":27},"3":{"name":"(anonymous_3)","decl":{"start":{"line":38,"column":4},"end":{"line":38,"column":5}},"loc":{"start":{"line":38,"column":35},"end":{"line":47,"column":5}},"line":38},"4":{"name":"(anonymous_4)","decl":{"start":{"line":49,"column":4},"end":{"line":49,"column":5}},"loc":{"start":{"line":49,"column":30},"end":{"line":82,"column":5}},"line":49}},"branchMap":{"0":{"loc":{"start":{"line":9,"column":8},"end":{"line":11,"column":9}},"type":"if","locations":[{"start":{"line":9,"column":8},"end":{"line":11,"column":9}},{"start":{},"end":{}}],"line":9},"1":{"loc":{"start":{"line":20,"column":8},"end":{"line":22,"column":9}},"type":"if","locations":[{"start":{"line":20,"column":8},"end":{"line":22,"column":9}},{"start":{},"end":{}}],"line":20},"2":{"loc":{"start":{"line":31,"column":8},"end":{"line":33,"column":9}},"type":"if","locations":[{"start":{"line":31,"column":8},"end":{"line":33,"column":9}},{"start":{},"end":{}}],"line":31},"3":{"loc":{"start":{"line":42,"column":8},"end":{"line":44,"column":9}},"type":"if","locations":[{"start":{"line":42,"column":8},"end":{"line":44,"column":9}},{"start":{},"end":{}}],"line":42}},"s":{"0":116,"1":116,"2":116,"3":6,"4":110,"5":119,"6":119,"7":119,"8":4,"9":115,"10":3,"11":3,"12":3,"13":2,"14":1,"15":3,"16":3,"17":3,"18":2,"19":1,"20":38,"21":38,"22":38,"23":114,"24":114,"25":38,"26":30,"27":117,"28":117,"29":38,"30":30,"31":1,"32":1,"33":38,"34":1,"35":1,"36":38},"f":{"0":116,"1":119,"2":3,"3":3,"4":38},"b":{"0":[6,110],"1":[4,115],"2":[2,1],"3":[2,1]},"inputSourceMap":null,"_coverageSchema":"1a1c01bbd47fc00a2c39e90264f33305004495a9","hash":"9338b9964f37884ffdc73acc7edc8904150b70e3"}
,"C:\\Users\\Пользователь\\Documents\\projects\\vibecraft_v0.3\\test\\src\\domain\\value-objects\\CollisionBox.js": {"path":"C:\\Users\\Пользователь\\Documents\\projects\\vibecraft_v0.3\\test\\src\\domain\\value-objects\\CollisionBox.js","statementMap":{"0":{"start":{"line":8,"column":8},"end":{"line":8,"column":29}},"1":{"start":{"line":9,"column":8},"end":{"line":9,"column":29}},"2":{"start":{"line":13,"column":25},"end":{"line":13,"column":62}},"3":{"start":{"line":14,"column":8},"end":{"line":14,"column":39}},"4":{"start":{"line":18,"column":25},"end":{"line":18,"column":69}},"5":{"start":{"line":19,"column":8},"end":{"line":19,"column":56}}},"fnMap":{"0":{"name":"(anonymous_0)","decl":{"start":{"line":7,"column":4},"end":{"line":7,"column":5}},"loc":{"start":{"line":7,"column":32},"end":{"line":10,"column":5}},"line":7},"1":{"name":"(anonymous_1)","decl":{"start":{"line":12,"column":4},"end":{"line":12,"column":5}},"loc":{"start":{"line":12,"column":20},"end":{"line":15,"column":5}},"line":12},"2":{"name":"(anonymous_2)","decl":{"start":{"line":17,"column":4},"end":{"line":17,"column":5}},"loc":{"start":{"line":17,"column":22},"end":{"line":20,"column":5}},"line":17}},"branchMap":{},"s":{"0":499,"1":499,"2":3,"3":3,"4":244,"5":244},"f":{"0":499,"1":3,"2":244},"b":{},"inputSourceMap":null,"_coverageSchema":"1a1c01bbd47fc00a2c39e90264f33305004495a9","hash":"6ad79ea56aa7e38a99b9fcf237bc3d4c503c7a0f"}
[...]
tart":{"line":61,"column":23},"end":{"line":65,"column":5}},"line":61},"7":{"name":"(anonymous_7)","decl":{"start":{"line":71,"column":4},"end":{"line":71,"column":5}},"loc":{"start":{"line":71,"column":23},"end":{"line":75,"column":5}},"line":71},"8":{"name":"(anonymous_8)","decl":{"start":{"line":81,"column":4},"end":{"line":81,"column":5}},"loc":{"start":{"line":81,"column":27},"end":{"line":85,"column":5}},"line":81},"9":{"name":"(anonymous_9)","decl":{"start":{"line":90,"column":4},"end":{"line":90,"column":5}},"loc":{"start":{"line":90,"column":15},"end":{"line":100,"column":5}},"line":90},"10":{"name":"(anonymous_10)","decl":{"start":{"line":105,"column":4},"end":{"line":105,"column":5}},"loc":{"start":{"line":105,"column":15},"end":{"line":109,"column":5}},"line":105},"11":{"name":"(anonymous_11)","decl":{"start":{"line":114,"column":4},"end":{"line":114,"column":5}},"loc":{"start":{"line":114,"column":16},"end":{"line":118,"column":5}},"line":114},"12":{"name":"(anonymous_12)","decl":{"start":{"line":123,"column":4},"end":{"line":123,"column":5}},"loc":{"start":{"line":123,"column":16},"end":{"line":127,"column":5}},"line":123},"13":{"name":"(anonymous_13)","decl":{"start":{"line":133,"column":4},"end":{"line":133,"column":5}},"loc":{"start":{"line":133,"column":24},"end":{"line":141,"column":5}},"line":133},"14":{"name":"(anonymous_14)","decl":{"start":{"line":146,"column":4},"end":{"line":146,"column":5}},"loc":{"start":{"line":146,"column":19},"end":{"line":150,"column":5}},"line":146},"15":{"name":"(anonymous_15)","decl":{"start":{"line":155,"column":4},"end":{"line":155,"column":5}},"loc":{"start":{"line":155,"column":21},"end":{"line":165,"column":5}},"line":155},"16":{"name":"(anonymous_16)","decl":{"start":{"line":171,"column":4},"end":{"line":171,"column":5}},"loc":{"start":{"line":171,"column":29},"end":{"line":182,"column":5}},"line":171},"17":{"name":"(anonymous_17)","decl":{"start":{"line":177,"column":19},"end":{"line":177,"column":20}},"loc":{"start":{"line":177,"column":25},"end":{"line":181,"column":9}},"line":177},"18":{"name":"(anonymous_18)","decl":{"start":{"line":188,"column":4},"end":{"line":188,"column":5}},"loc":{"start":{"line":188,"column":23},"end":{"line":201,"column":5}},"line":188},"19":{"name":"(anonymous_19)","decl":{"start":{"line":208,"column":4},"end":{"line":208,"column":5}},"loc":{"start":{"line":208,"column":32},"end":{"line":218,"column":5}},"line":208},"20":{"name":"(anonymous_20)","decl":{"start":{"line":213,"column":19},"end":{"line":213,"column":20}},"loc":{"start":{"line":213,"column":25},"end":{"line":217,"column":9}},"line":213},"21":{"name":"(anonymous_21)","decl":{"start":{"line":225,"column":4},"end":{"line":225,"column":5}},"loc":{"start":{"line":225,"column":28},"end":{"line":227,"column":5}},"line":225},"22":{"name":"(anonymous_22)","decl":{"start":{"line":234,"column":4},"end":{"line":234,"column":5}},"loc":{"start":{"line":234,"column":31},"end":{"line":236,"column":5}},"line":234},"23":{"name":"(anonymous_23)","decl":{"start":{"line":243,"column":4},"end":{"line":243,"column":5}},"loc":{"start":{"line":243,"column":31},"end":{"line":245,"column":5}},"line":243},"24":{"name":"(anonymous_24)","decl":{"start":{"line":251,"column":4},"end":{"line":251,"column":5}},"loc":{"start":{"line":251,"column":16},"end":{"line":253,"column":5}},"line":251},"25":{"name":"(anonymous_25)","decl":{"start":{"line":259,"column":4},"end":{"line":259,"column":5}},"loc":{"start":{"line":259,"column":17},"end":{"line":327,"column":5}},"line":259},"26":{"name":"(anonymous_26)","decl":{"start":{"line":268,"column":22},"end":{"line":268,"column":23}},"loc":{"start":{"line":268,"column":28},"end":{"line":268,"column":30}},"line":268},"27":{"name":"(anonymous_27)","decl":{"start":{"line":269,"column":23},"end":{"line":269,"column":24}},"loc":{"start":{"line":269,"column":29},"end":{"line":269,"column":31}},"line":269},"28":{"name":"(anonymous_28)","decl":{"start":{"line":270,"column":20},"end":{"line":270,"column":21}},"loc":{"start":{"line":270,"column":26},"end":{"line":270,"column":28}},"line":270},"29":{"name":"(anonymous_29)","decl":{"start":{"line":271,"column":18},"end":{"line":271,"column":19}},"loc":{"start":{"line":271,"column":24},"end":{"line":271,"column":26}},"line":271},"30":{"name":"(anonymous_30)","decl":{"start":{"line":272,"column":23},"end":{"line":272,"column":24}},"loc":{"start":{"line":272,"column":29},"end":{"line":272,"column":31}},"line":272},"31":{"name":"(anonymous_31)","decl":{"start":{"line":273,"column":23},"end":{"line":273,"column":24}},"loc":{"start":{"line":273,"column":29},"end":{"line":273,"column":31}},"line":273},"32":{"name":"(anonymous_32)","decl":{"start":{"line":274,"column":20},"end":{"line":274,"column":21}},"loc":{"start":{"line":274,"column":26},"end":{"line":274,"column":28}},"line":274},"33":{"name":"(anonymous_33)","decl":{"start":{"line":275,"column":20},"end":{"line":275,"column":21}},"loc":{"start":{"line":275,"column":26},"end":{"line":275,"column":28}},"line":275},"34":{"name":"(anonymous_34)","decl":{"start":{"line":276,"column":17},"end":{"line":276,"column":18}},"loc":{"start":{"line":276,"column":23},"end":{"line":276,"column":25}},"line":276},"35":{"name":"(anonymous_35)","decl":{"start":{"line":277,"column":20},"end":{"line":277,"column":21}},"loc":{"start":{"line":277,"column":26},"end":{"line":277,"column":28}},"line":277},"36":{"name":"(anonymous_36)","decl":{"start":{"line":278,"column":23},"end":{"line":278,"column":24}},"loc":{"start":{"line":278,"column":29},"end":{"line":278,"column":31}},"line":278},"37":{"name":"(anonymous_37)","decl":{"start":{"line":279,"column":26},"end":{"line":279,"column":27}},"loc":{"start":{"line":279,"column":32},"end":{"line":279,"column":34}},"line":279},"38":{"name":"(anonymous_38)","decl":{"start":{"line":280,"column":22},"end":{"line":280,"column":23}},"loc":{"start":{"line":280,"column":28},"end":{"line":280,"column":30}},"line":280},"39":{"name":"(anonymous_39)","decl":{"start":{"line":281,"column":25},"end":{"line":281,"column":26}},"loc":{"start":{"line":281,"column":32},"end":{"line":281,"column":44}},"line":281},"40":{"name":"(anonymous_40)","decl":{"start":{"line":282,"column":18},"end":{"line":282,"column":19}},"loc":{"start":{"line":282,"column":24},"end":{"line":282,"column":26}},"line":282},"41":{"name":"(anonymous_41)","decl":{"start":{"line":283,"column":21},"end":{"line":283,"column":22}},"loc":{"start":{"line":283,"column":27},"end":{"line":283,"column":29}},"line":283},"42":{"name":"(anonymous_42)","decl":{"start":{"line":284,"column":29},"end":{"line":284,"column":30}},"loc":{"start":{"line":284,"column":36},"end":{"line":284,"column":91}},"line":284},"43":{"name":"(anonymous_43)","decl":{"start":{"line":285,"column":26},"end":{"line":285,"column":27}},"loc":{"start":{"line":285,"column":33},"end":{"line":285,"column":67}},"line":285},"44":{"name":"(anonymous_44)","decl":{"start":{"line":286,"column":26},"end":{"line":286,"column":27}},"loc":{"start":{"line":286,"column":32},"end":{"line":286,"column":34}},"line":286},"45":{"name":"(anonymous_45)","decl":{"start":{"line":287,"column":23},"end":{"line":287,"column":24}},"loc":{"start":{"line":287,"column":29},"end":{"line":287,"column":31}},"line":287},"46":{"name":"(anonymous_46)","decl":{"start":{"line":288,"column":19},"end":{"line":288,"column":20}},"loc":{"start":{"line":288,"column":25},"end":{"line":288,"column":27}},"line":288},"47":{"name":"(anonymous_47)","decl":{"start":{"line":289,"column":23},"end":{"line":289,"column":24}},"loc":{"start":{"line":289,"column":29},"end":{"line":289,"column":31}},"line":289},"48":{"name":"(anonymous_48)","decl":{"start":{"line":290,"column":25},"end":{"line":290,"column":26}},"loc":{"start":{"line":290,"column":31},"end":{"line":290,"column":33}},"line":290},"49":{"name":"(anonymous_49)","decl":{"start":{"line":291,"column":25},"end":{"line":291,"column":26}},"loc":{"start":{"line":291,"column":31},"end":{"line":291,"column":33}},"line":291},"50":{"name":"(anonymous_50)","decl":{"start":{"line":292,"column":34},"end":{"line":292,"column":35}},"loc":{"start":{"line":292,"column":41},"end":{"line":292,"column":67}},"line":292},"51":{"name":"(anonymous_51)","decl":{"start":{"line":292,"column":57},"end":{"line":292,"column":58}},"loc":{"start":{"line":292,"column":63},"end":{"line":292,"column":65}},"line":292},"52":{"name":"(anonymous_52)","decl":{"start":{"line":293,"column":27},"end":{"line":293,"column":28}},"loc":{"start":{"line":293,"column":34},"end":{"line":293,"column":36}},"line":293},"53":{"name":"(anonymous_53)","decl":{"start":{"line":294,"column":18},"end":{"line":294,"column":19}},"loc":{"start":{"line":294,"column":24},"end":{"line":294,"column":26}},"line":294},"54":{"name":"(anonymous_54)","decl":{"start":{"line":295,"column":27},"end":{"line":295,"column":28}},"loc":{"start":{"line":295,"column":33},"end":{"line":295,"column":38}},"line":295},"55":{"name":"(anonymous_55)","decl":{"start":{"line":296,"column":29},"end":{"line":296,"column":30}},"loc":{"start":{"line":296,"column":35},"end":{"line":296,"column":40}},"line":296},"56":{"name":"(anonymous_56)","decl":{"start":{"line":297,"column":18},"end":{"line":297,"column":19}},"loc":{"start":{"line":297,"column":24},"end":{"line":297,"column":26}},"line":297},"57":{"name":"(anonymous_57)","decl":{"start":{"line":298,"column":30},"end":{"line":298,"column":31}},"loc":{"start":{"line":298,"column":36},"end":{"line":298,"column":38}},"line":298},"58":{"name":"(anonymous_58)","decl":{"start":{"line":299,"column":27},"end":{"line":299,"column":28}},"loc":{"start":{"line":299,"column":33},"end":{"line":299,"column":35}},"line":299},"59":{"name":"(anonymous_59)","decl":{"start":{"line":300,"column":21},"end":{"line":300,"column":22}},"loc":{"start":{"line":300,"column":27},"end":{"line":300,"column":29}},"line":300},"60":{"name":"(anonymous_60)","decl":{"start":{"line":301,"column":24},"end":{"line":301,"column":25}},"loc":{"start":{"line":301,"column":30},"end":{"line":301,"column":32}},"line":301},"61":{"name":"(anonymous_61)","decl":{"start":{"line":302,"column":23},"end":{"line":302,"column":24}},"loc":{"start":{"line":302,"column":29},"end":{"line":302,"column":31}},"line":302},"62":{"name":"(anonymous_62)","decl":{"start":{"line":303,"column":22},"end":{"line":303,"column":23}},"loc":{"start":{"line":303,"column":28},"end":{"line":303,"column":30}},"line":303},"63":{"name":"(anonymous_63)","decl":{"start":{"line":304,"column":24},"end":{"line":304,"column":25}},"loc":{"start":{"line":304,"column":30},"end":{"line":304,"column":32}},"line":304},"64":{"name":"(anonymous_64)","decl":{"start":{"line":305,"column":31},"end":{"line":305,"column":32}},"loc":{"start":{"line":305,"column":37},"end":{"line":305,"column":39}},"line":305},"65":{"name":"(anonymous_65)","decl":{"start":{"line":306,"column":32},"end":{"line":306,"column":33}},"loc":{"start":{"line":306,"column":38},"end":{"line":306,"column":40}},"line":306},"66":{"name":"(anonymous_66)","decl":{"start":{"line":337,"column":4},"end":{"line":337,"column":5}},"loc":{"start":{"line":337,"column":20},"end":{"line":350,"column":5}},"line":337},"67":{"name":"(anonymous_67)","decl":{"start":{"line":356,"column":4},"end":{"line":356,"column":5}},"loc":{"start":{"line":356,"column":22},"end":{"line":360,"column":5}},"line":356},"68":{"name":"(anonymous_68)","decl":{"start":{"line":366,"column":4},"end":{"line":366,"column":5}},"loc":{"start":{"line":366,"column":24},"end":{"line":370,"column":5}},"line":366},"69":{"name":"(anonymous_69)","decl":{"start":{"line":377,"column":4},"end":{"line":377,"column":5}},"loc":{"start":{"line":377,"column":24},"end":{"line":383,"column":5}},"line":377}},"branchMap":{"0":{"loc":{"start":{"line":12,"column":16},"end":{"line":12,"column":38}},"type":"default-arg","locations":[{"start":{"line":12,"column":30},"end":{"line":12,"column":38}}],"line":12},"1":{"loc":{"start":{"line":32,"column":8},"end":{"line":37,"column":9}},"type":"if","locations":[{"start":{"line":32,"column":8},"end":{"line":37,"column":9}},{"start":{},"end":{}}],"line":32},"2":{"loc":{"start":{"line":39,"column":8},"end":{"line":44,"column":9}},"type":"if","locations":[{"start":{"line":39,"column":8},"end":{"line":44,"column":9}},{"start":{},"end":{}}],"line":39},"3":{"loc":{"start":{"line":52,"column":8},"end":{"line":54,"column":9}},"type":"if","locations":[{"start":{"line":52,"column":8},"end":{"line":54,"column":9}},{"start":{},"end":{}}],"line":52},"4":{"loc":{"start":{"line":62,"column":8},"end":{"line":64,"column":9}},"type":"if","locations":[{"start":{"line":62,"column":8},"end":{"line":64,"column":9}},{"start":{},"end":{}}],"line":62},"5":{"loc":{"start":{"line":72,"column":8},"end":{"line":74,"column":9}},"type":"if","locations":[{"start":{"line":72,"column":8},"end":{"line":74,"column":9}},{"start":{},"end":{}}],"line":72},"6":{"loc":{"start":{"line":82,"column":8},"end":{"line":84,"column":9}},"type":"if","locations":[{"start":{"line":82,"column":8},"end":{"line":84,"column":9}},{"start":{},"end":{}}],"line":82},"7":{"loc":{"start":{"line":91,"column":8},"end":{"line":93,"column":9}},"type":"if","locations":[{"start":{"line":91,"column":8},"end":{"line":93,"column":9}},{"start":{},"end":{}}],"line":91},"8":{"loc":{"start":{"line":94,"column":8},"end":{"line":96,"column":9}},"type":"if","locations":[{"start":{"line":94,"column":8},"end":{"line":96,"column":9}},{"start":{},"end":{}}],"line":94},"9":{"loc":{"start":{"line":97,"column":8},"end":{"line":99,"column":9}},"type":"if","locations":[{"start":{"line":97,"column":8},"end":{"line":99,"column":9}},{"start":{},"end":{}}],"line":97},"10":{"loc":{"start":{"line":106,"column":8},"end":{"line":108,"column":9}},"type":"if","locations":[{"start":{"line":106,"column":8},"end":{"line":108,"column":9}},{"start":{},"end":{}}],"line":106},"11":{"loc":{"start":{"line":115,"column":8},"end":{"line":117,"column":9}},"type":"if","locations":[{"start":{"line":115,"column":8},"end":{"line":117,"column":9}},{"start":{},"end":{}}],"line":115},"12":{"loc":{"start":{"line":124,"column":8},"end":{"line":126,"column":9}},"type":"if","locations":[{"start":{"line":124,"column":8},"end":{"line":126,"column":9}},{"start":{},"end":{}}],"line":124},"13":{"loc":{"start":{"line":134,"column":8},"end":{"line":140,"column":9}},"type":"if","locations":[{"start":{"line":134,"column":8},"end":{"line":140,"column":9}},{"start":{},"end":{}}],"line":134},"14":{"loc":{"start":{"line":137,"column":12},"end":{"line":139,"column":13}},"type":"if","locations":[{"start":{"line":137,"column":12},"end":{"line":139,"column":13}},{"start":{},"end":{}}],"line":137},"15":{"loc":{"start":{"line":147,"column":8},"end":{"line":149,"column":9}},"type":"if","locations":[{"start":{"line":147,"column":8},"end":{"line":149,"column":9}},{"start":{},"end":{}}],"line":147},"16":{"loc":{"start":{"line":156,"column":8},"end":{"line":158,"column":9}},"type":"if","locations":[{"start":{"line":156,"column":8},"end":{"line":158,"column":9}},{"start":{},"end":{}}],"line":156},"17":{"loc":{"start":{"line":159,"column":8},"end":{"line":161,"column":9}},"type":"if","locations":[{"start":{"line":159,"column":8},"end":{"line":161,"column":9}},{"start":{},"end":{}}],"line":159},"18":{"loc":{"start":{"line":162,"column":8},"end":{"line":164,"column":9}},"type":"if","locations":[{"start":{"line":162,"column":8},"end":{"line":164,"column":9}},{"start":{},"end":{}}],"line":162},"19":{"loc":{"start":{"line":175,"column":26},"end":{"line":175,"column":59}},"type":"binary-expr","locations":[{"start":{"line":175,"column":26},"end":{"line":175,"column":37}},{"start":{"line":175,"column":41},"end":{"line":175,"column":59}}],"line":175},"20":{"loc":{"start":{"line":178,"column":12},"end":{"line":180,"column":13}},"type":"if","locations":[{"start":{"line":178,"column":12},"end":{"line":180,"column":13}},{"start":{},"end":{}}],"line":178},"21":{"loc":{"start":{"line":189,"column":8},"end":{"line":189,"column":34}},"type":"if","locations":[{"start":{"line":189,"column":8},"end":{"line":189,"column":34}},{"start":{},"end":{}}],"line":189},"22":{"loc":{"start":{"line":214,"column":12},"end":{"line":216,"column":13}},"type":"if","locations":[{"start":{"line":214,"column":12},"end":{"line":216,"column":13}},{"start":{},"end":{}}],"line":214},"23":{"loc":{"start":{"line":261,"column":8},"end":{"line":263,"column":9}},"type":"if","locations":[{"start":{"line":261,"column":8},"end":{"line":263,"column":9}},{"start":{},"end":{}}],"line":261},"24":{"loc":{"start":{"line":338,"column":8},"end":{"line":340,"column":9}},"type":"if","locations":[{"start":{"line":338,"column":8},"end":{"line":340,"column":9}},{"start":{},"end":{}}],"line":338},"25":{"loc":{"start":{"line":341,"column":8},"end":{"line":343,"column":9}},"type":"if","locations":[{"start":{"line":341,"column":8},"end":{"line":343,"column":9}},{"start":{},"end":{}}],"line":341},"26":{"loc":{"start":{"line":344,"column":8},"end":{"line":346,"column":9}},"type":"if","locations":[{"start":{"line":344,"column":8},"end":{"line":346,"column":9}},{"start":{},"end":{}}],"line":344},"27":{"loc":{"start":{"line":347,"column":8},"end":{"line":349,"column":9}},"type":"if","locations":[{"start":{"line":347,"column":8},"end":{"line":349,"column":9}},{"start":{},"end":{}}],"line":347},"28":{"loc":{"start":{"line":357,"column":8},"end":{"line":359,"column":9}},"type":"if","locations":[{"start":{"line":357,"column":8},"end":{"line":359,"column":9}},{"start":{},"end":{}}],"line":357},"29":{"loc":{"start":{"line":367,"column":8},"end":{"line":369,"column":9}},"type":"if","locations":[{"start":{"line":367,"column":8},"end":{"line":369,"column":9}},{"start":{},"end":{}}],"line":367},"30":{"loc":{"start":{"line":378,"column":8},"end":{"line":382,"column":9}},"type":"if","locations":[{"start":{"line":378,"column":8},"end":{"line":382,"column":9}},{"start":{"line":380,"column":15},"end":{"line":382,"column":9}}],"line":378},"31":{"loc":{"start":{"line":380,"column":15},"end":{"line":382,"column":9}},"type":"if","locations":[{"start":{"line":380,"column":15},"end":{"line":382,"column":9}},{"start":{},"end":{}}],"line":380}},"s":{"0":84,"1":84,"2":84,"3":84,"4":84,"5":84,"6":84,"7":84,"8":84,"9":84,"10":84,"11":84,"12":84,"13":83,"14":3,"15":3,"16":1,"17":84,"18":83,"19":2,"20":2,"21":1,"22":9,"23":9,"24":7,"25":7,"26":7,"27":7,"28":6,"29":6,"30":5,"31":5,"32":5,"33":5,"34":5,"35":5,"36":4,"37":4,"38":4,"39":4,"40":2,"41":2,"42":6,"43":6,"44":6,"45":6,"46":6,"47":1,"48":1,"49":1,"50":1,"51":1,"52":1,"53":1,"54":1,"55":7,"56":7,"57":7,"58":7,"59":7,"60":7,"61":1,"62":1,"63":3,"64":0,"65":3,"66":3,"67":3,"68":7,"69":7,"70":7,"71":7,"72":2,"73":2,"74":2,"75":2,"76":2,"77":1,"78":1,"79":1,"80":1,"81":2,"82":2,"83":1,"84":1,"85":0,"86":1,"87":0,"88":0,"89":0,"90":0,"91":0,"92":0,"93":0,"94":0,"95":4,"96":4,"97":4,"98":3,"99":4,"100":3,"101":4,"102":3,"103":6,"104":6,"105":5,"106":5,"107":5,"108":3,"109":2,"110":2},"f":{"0":84,"1":3,"2":1,"3":2,"4":1,"5":9,"6":7,"7":7,"8":6,"9":5,"10":4,"11":4,"12":2,"13":6,"14":1,"15":1,"16":7,"17":1,"18":3,"19":2,"20":1,"21":1,"22":1,"23":2,"24":2,"25":1,"26":0,"27":0,"28":0,"29":0,"30":0,"31":0,"32":0,"33":0,"34":0,"35":0,"36":0,"37":0,"38":0,"39":0,"40":0,"41":0,"42":0,"43":0,"44":0,"45":0,"46":0,"47":0,"48":0,"49":0,"50":0,"51":0,"52":0,"53":0,"54":0,"55":0,"56":0,"57":0,"58":0,"59":0,"60":0,"61":0,"62":0,"63":0,"64":0,"65":0,"66":4,"67":6,"68":5,"69":5},"b":{"0":[1],"1":[83,1],"2":[83,1],"3":[9,0],"4":[7,0],"5":[7,0],"6":[6,0],"7":[5,0],"8":[5,0],"9":[5,0],"10":[4,0],"11":[4,0],"12":[2,0],"13":[6,0],"14":[6,0],"15":[1,0],"16":[1,0],"17":[1,0],"18":[1,0],"19":[7,0],"20":[1,0],"21":[0,3],"22":[1,0],"23":[0,1],"24":[4,0],"25":[3,1],"26":[3,1],"27":[3,1],"28":[6,0],"29":[5,0],"30":[3,2],"31":[2,0]},"inputSourceMap":null,"_coverageSchema":"1a1c01bbd47fc00a2c39e90264f33305004495a9","hash":"cbe1496e50e082074d3962c2970a4145f9af130e"}
}
