TN:
SF:src\application\BulletPool.js
FN:13,(anonymous_0)
FN:37,(anonymous_1)
FN:61,(anonymous_2)
FN:76,(anonymous_3)
FN:90,(anonymous_4)
FN:106,(anonymous_5)
FN:122,(anonymous_6)
FN:130,(anonymous_7)
FNF:8
FNH:6
FNDA:84,(anonymous_0)
FNDA:13,(anonymous_1)
FNDA:2,(anonymous_2)
FNDA:80,(anonymous_3)
FNDA:35,(anonymous_4)
FNDA:158,(anonymous_5)
FNDA:0,(anonymous_6)
FNDA:0,(anonymous_7)
DA:14,84
DA:15,84
DA:18,84
DA:20,4200
DA:24,4200
DA:25,4200
DA:26,4200
DA:27,4200
DA:38,13
DA:39,0
DA:43,13
DA:44,13
DA:46,13
DA:47,13
DA:48,13
DA:49,13
DA:50,13
DA:51,13
DA:52,13
DA:54,13
DA:62,2
DA:63,2
DA:64,2
DA:65,2
DA:66,2
DA:67,2
DA:69,2
DA:77,80
DA:78,80
DA:79,4000
DA:80,61
DA:83,80
DA:91,35
DA:92,1750
DA:93,29
DA:96,29
DA:97,0
DA:107,158
DA:108,7900
DA:109,7900
DA:110,7900
DA:112,158
DA:113,158
DA:114,7900
DA:123,0
DA:131,0
LF:46
LH:42
BRDA:13,0,0,0
BRDA:38,1,0,0
BRDA:38,1,1,13
BRDA:79,2,0,61
BRDA:79,2,1,3939
BRDA:92,3,0,29
BRDA:92,3,1,1721
BRDA:96,4,0,0
BRDA:96,4,1,29
BRF:9
BRH:6
end_of_record
TN:
SF:src\application\Game.js
FN:21,(anonymous_0)
FN:44,(anonymous_1)
FN:52,(anonymous_2)
FN:77,(anonymous_3)
FN:107,(anonymous_4)
FN:183,(anonymous_5)
FN:246,(anonymous_6)
FN:290,(anonymous_7)
FN:300,(anonymous_8)
FN:332,(anonymous_9)
FN:351,(anonymous_10)
FN:380,(anonymous_11)
FN:404,(anonymous_12)
FN:423,(anonymous_13)
FN:431,(anonymous_14)
FN:439,(anonymous_15)
FN:447,(anonymous_16)
FN:455,(anonymous_17)
FN:463,(anonymous_18)
FN:471,(anonymous_19)
FN:479,(anonymous_20)
FN:487,(anonymous_21)
FN:495,(anonymous_22)
FN:504,(anonymous_23)
FN:514,(anonymous_24)
FNF:25
FNH:23
FNDA:84,(anonymous_0)
FNDA:89,(anonymous_1)
FNDA:8,(anonymous_2)
FNDA:73,(anonymous_3)
FNDA:76,(anonymous_4)
FNDA:42,(anonymous_5)
FNDA:38,(anonymous_6)
FNDA:35,(anonymous_7)
FNDA:35,(anonymous_8)
FNDA:3,(anonymous_9)
FNDA:2,(anonymous_10)
FNDA:0,(anonymous_11)
FNDA:0,(anonymous_12)
FNDA:35,(anonymous_13)
FNDA:10,(anonymous_14)
FNDA:23,(anonymous_15)
FNDA:9,(anonymous_16)
FNDA:2,(anonymous_17)
FNDA:9,(anonymous_18)
FNDA:3,(anonymous_19)
FNDA:8,(anonymous_20)
FNDA:4,(anonymous_21)
FNDA:7,(anonymous_22)
FNDA:1,(anonymous_23)
FNDA:36,(anonymous_24)
DA:22,84
DA:23,84
DA:24,84
DA:25,84
DA:27,84
DA:28,84
DA:29,84
DA:30,84
DA:31,84
DA:32,84
DA:34,84
DA:35,84
DA:37,84
DA:38,84
DA:46,89
DA:47,89
DA:48,89
DA:51,89
DA:54,8
DA:55,0
DA:61,89
DA:64,89
DA:67,89
DA:70,89
DA:71,89
DA:79,73
DA:80,4
DA:84,69
DA:85,0
DA:89,69
DA:90,69
DA:93,69
DA:96,69
DA:99,69
DA:100,69
DA:110,76
DA:112,76
DA:113,304
DA:124,76
DA:125,76
DA:126,76
DA:127,76
DA:129,76
DA:130,304
DA:131,304
DA:133,304
DA:134,386
DA:135,386
DA:138,386
DA:143,386
DA:144,55
DA:145,55
DA:149,331
DA:150,331
DA:151,497
DA:152,497
DA:153,27
DA:154,27
DA:158,331
DA:159,304
DA:161,27
DA:166,304
DA:167,0
DA:173,304
DA:176,76
DA:185,42
DA:186,0
DA:190,42
DA:191,2
DA:196,40
DA:197,11
DA:198,7
DA:199,4
DA:200,2
DA:203,11
DA:207,40
DA:208,12
DA:212,28
DA:213,3
DA:217,28
DA:218,9
DA:220,9
DA:221,9
DA:226,28
DA:227,13
DA:228,13
DA:230,13
DA:231,13
DA:233,13
DA:234,13
DA:239,28
DA:248,38
DA:249,3
DA:253,35
DA:254,35
DA:255,35
DA:256,35
DA:260,35
DA:261,112
DA:262,112
DA:266,35
DA:269,35
DA:270,0
DA:271,0
DA:275,35
DA:278,35
DA:279,7
DA:280,7
DA:284,35
DA:291,35
DA:292,35
DA:301,35
DA:308,35
DA:310,35
DA:311,5
DA:313,3
DA:314,3
DA:316,2
DA:317,2
DA:319,0
DA:320,0
DA:322,0
DA:323,0
DA:334,3
DA:337,3
DA:338,3
DA:342,3
DA:343,3
DA:353,2
DA:356,2
DA:359,2
DA:362,2
DA:363,2
DA:364,2
DA:368,2
DA:371,2
DA:372,2
DA:382,0
DA:385,0
DA:386,0
DA:389,0
DA:390,0
DA:391,0
DA:395,0
DA:396,0
DA:406,0
DA:409,0
DA:410,0
DA:414,0
DA:415,0
DA:424,35
DA:432,10
DA:440,23
DA:448,9
DA:456,2
DA:464,9
DA:472,3
DA:480,8
DA:488,4
DA:496,7
DA:497,7
DA:505,1
DA:506,1
DA:515,36
LF:164
LH:141
BRDA:54,0,0,0
BRDA:54,0,1,8
BRDA:79,1,0,4
BRDA:79,1,1,69
BRDA:79,2,0,73
BRDA:79,2,1,73
BRDA:84,3,0,0
BRDA:84,3,1,69
BRDA:133,4,0,690
BRDA:133,4,1,690
BRDA:143,5,0,55
BRDA:143,5,1,331
BRDA:152,6,0,27
BRDA:152,6,1,470
BRDA:158,7,0,304
BRDA:158,7,1,27
BRDA:166,8,0,0
BRDA:166,8,1,304
BRDA:168,9,0,0
BRDA:168,9,1,0
BRDA:169,10,0,0
BRDA:169,10,1,0
BRDA:185,11,0,0
BRDA:185,11,1,42
BRDA:190,12,0,2
BRDA:190,12,1,40
BRDA:196,13,0,11
BRDA:196,13,1,29
BRDA:196,14,0,40
BRDA:196,14,1,11
BRDA:197,15,0,7
BRDA:197,15,1,4
BRDA:199,16,0,2
BRDA:199,16,1,2
BRDA:207,17,0,12
BRDA:207,17,1,28
BRDA:207,18,0,40
BRDA:207,18,1,31
BRDA:212,19,0,3
BRDA:212,19,1,25
BRDA:217,20,0,9
BRDA:217,20,1,19
BRDA:220,21,0,9
BRDA:220,21,1,0
BRDA:220,22,0,9
BRDA:220,22,1,9
BRDA:226,23,0,13
BRDA:226,23,1,15
BRDA:226,24,0,28
BRDA:226,24,1,13
BRDA:228,25,0,13
BRDA:228,25,1,0
BRDA:231,26,0,13
BRDA:231,26,1,0
BRDA:233,27,0,13
BRDA:233,27,1,0
BRDA:233,28,0,13
BRDA:233,28,1,13
BRDA:239,29,0,28
BRDA:239,29,1,15
BRDA:248,30,0,3
BRDA:248,30,1,35
BRDA:248,31,0,38
BRDA:248,31,1,38
BRDA:248,31,2,36
BRDA:253,32,0,35
BRDA:253,32,1,0
BRDA:278,33,0,7
BRDA:278,33,1,28
BRDA:278,34,0,35
BRDA:278,34,1,7
BRDA:291,35,0,35
BRDA:291,35,1,0
BRDA:291,36,0,35
BRDA:291,36,1,35
BRDA:311,37,0,3
BRDA:311,37,1,2
BRDA:311,37,2,0
BRDA:311,37,3,0
BRDA:337,38,0,3
BRDA:337,38,1,0
BRDA:337,39,0,3
BRDA:337,39,1,3
BRDA:342,40,0,3
BRDA:342,40,1,0
BRDA:363,41,0,2
BRDA:363,41,1,0
BRDA:371,42,0,2
BRDA:371,42,1,0
BRDA:371,43,0,2
BRDA:371,43,1,2
BRDA:385,44,0,0
BRDA:385,44,1,0
BRDA:390,45,0,0
BRDA:390,45,1,0
BRDA:395,46,0,0
BRDA:395,46,1,0
BRDA:395,47,0,0
BRDA:395,47,1,0
BRDA:409,48,0,0
BRDA:409,48,1,0
BRDA:409,49,0,0
BRDA:409,49,1,0
BRDA:414,50,0,0
BRDA:414,50,1,0
BRDA:464,51,0,9
BRDA:464,51,1,0
BRDA:472,52,0,3
BRDA:472,52,1,0
BRDA:480,53,0,8
BRDA:480,53,1,0
BRDA:488,54,0,4
BRDA:488,54,1,0
BRDA:496,55,0,7
BRDA:496,55,1,0
BRDA:505,56,0,1
BRDA:505,56,1,0
BRDA:505,57,0,1
BRDA:505,57,1,1
BRF:119
BRH:79
end_of_record
TN:
SF:src\application\GameLoop.js
FN:11,(anonymous_0)
FN:25,(anonymous_1)
FN:34,(anonymous_2)
FN:46,(anonymous_3)
FNF:4
FNH:4
FNDA:37,(anonymous_0)
FNDA:29,(anonymous_1)
FNDA:27,(anonymous_2)
FNDA:100,(anonymous_3)
DA:12,37
DA:13,37
DA:14,37
DA:15,37
DA:16,37
DA:17,37
DA:18,37
DA:19,37
DA:26,29
DA:27,29
DA:28,29
DA:35,27
DA:36,27
DA:37,0
DA:38,0
DA:47,100
DA:48,2
DA:52,98
DA:53,98
DA:56,98
DA:57,31
DA:61,98
DA:62,98
DA:67,98
DA:68,98
DA:69,98
DA:72,98
DA:75,98
LF:28
LH:26
BRDA:36,0,0,0
BRDA:36,0,1,27
BRDA:47,1,0,2
BRDA:47,1,1,98
BRDA:56,2,0,31
BRDA:56,2,1,67
BRDA:56,3,0,98
BRDA:56,3,1,76
BRDA:61,4,0,98
BRDA:61,4,1,0
BRDA:67,5,0,98
BRDA:67,5,1,0
BRF:12
BRH:9
end_of_record
TN:
SF:src\application\GameState.js
FN:11,(anonymous_0)
FN:24,(anonymous_1)
FN:32,(anonymous_2)
FN:40,(anonymous_3)
FN:48,(anonymous_4)
FN:55,(anonymous_5)
FN:65,(anonymous_6)
FN:74,(anonymous_7)
FN:83,(anonymous_8)
FN:98,(anonymous_9)
FN:108,(anonymous_10)
FN:120,(anonymous_11)
FNF:12
FNH:12
FNDA:126,(anonymous_0)
FNDA:12,(anonymous_1)
FNDA:105,(anonymous_2)
FNDA:95,(anonymous_3)
FNDA:78,(anonymous_4)
FNDA:94,(anonymous_5)
FNDA:14,(anonymous_6)
FNDA:5,(anonymous_7)
FNDA:18,(anonymous_8)
FNDA:12,(anonymous_9)
FNDA:10,(anonymous_10)
FNDA:5,(anonymous_11)
DA:12,126
DA:13,126
DA:14,126
DA:15,126
DA:16,126
DA:17,126
DA:25,12
DA:33,105
DA:41,95
DA:49,78
DA:56,94
DA:57,94
DA:58,94
DA:59,94
DA:66,14
DA:67,11
DA:75,5
DA:76,3
DA:84,18
DA:85,16
DA:86,16
DA:87,9
DA:88,9
DA:89,3
DA:99,12
DA:100,11
DA:109,10
DA:110,9
DA:111,9
DA:112,8
DA:121,5
DA:122,5
DA:123,5
LF:33
LH:33
BRDA:11,0,0,37
BRDA:66,1,0,11
BRDA:66,1,1,3
BRDA:75,2,0,3
BRDA:75,2,1,2
BRDA:84,3,0,16
BRDA:84,3,1,2
BRDA:84,4,0,18
BRDA:84,4,1,2
BRDA:86,5,0,9
BRDA:86,5,1,7
BRDA:88,6,0,3
BRDA:88,6,1,6
BRDA:99,7,0,11
BRDA:99,7,1,1
BRDA:109,8,0,9
BRDA:109,8,1,1
BRDA:111,9,0,8
BRDA:111,9,1,1
BRDA:122,10,0,5
BRDA:122,10,1,0
BRF:21
BRH:20
end_of_record
TN:
SF:src\application\ScoreManager.js
FN:10,(anonymous_0)
FN:29,(anonymous_1)
FN:37,(anonymous_2)
FN:45,(anonymous_3)
FN:57,(anonymous_4)
FN:68,(anonymous_5)
FN:75,(anonymous_6)
FNF:7
FNH:6
FNDA:127,(anonymous_0)
FNDA:24,(anonymous_1)
FNDA:14,(anonymous_2)
FNDA:36,(anonymous_3)
FNDA:0,(anonymous_4)
FNDA:76,(anonymous_5)
FNDA:3,(anonymous_6)
DA:11,127
DA:12,127
DA:13,127
DA:16,127
DA:17,127
DA:18,126
DA:21,1
DA:30,24
DA:38,14
DA:46,36
DA:49,36
DA:50,29
DA:58,0
DA:59,0
DA:69,76
DA:77,3
DA:78,0
DA:79,0
DA:80,0
DA:85,3
LF:20
LH:15
BRDA:18,0,0,126
BRDA:18,0,1,120
BRDA:49,1,0,29
BRDA:49,1,1,7
BRDA:77,2,0,0
BRDA:77,2,1,3
BRF:6
BRH:5
end_of_record
TN:
SF:src\domain\entities\Asteroid.js
FN:8,(anonymous_0)
FN:33,(anonymous_1)
FN:38,(anonymous_2)
FN:52,(anonymous_3)
FN:68,(anonymous_4)
FN:77,(anonymous_5)
FNF:6
FNH:6
FNDA:330,(anonymous_0)
FNDA:113,(anonymous_1)
FNDA:112,(anonymous_2)
FNDA:5,(anonymous_3)
FNDA:5,(anonymous_4)
FNDA:239,(anonymous_5)
DA:9,330
DA:10,330
DA:11,330
DA:12,330
DA:16,330
DA:17,313
DA:18,10
DA:19,7
DA:20,0
DA:25,330
DA:26,330
DA:27,330
DA:34,113
DA:35,113
DA:39,112
DA:40,1
DA:41,111
DA:42,0
DA:45,112
DA:46,0
DA:47,112
DA:48,0
DA:53,5
DA:54,1
DA:57,4
DA:58,4
DA:60,4
DA:61,8
DA:62,8
DA:65,4
DA:69,5
DA:70,3
DA:71,1
DA:72,1
DA:73,0
DA:78,239
LF:36
LH:31
BRDA:16,0,0,313
BRDA:16,0,1,10
BRDA:16,0,2,7
BRDA:16,0,3,0
BRDA:39,1,0,1
BRDA:39,1,1,111
BRDA:41,2,0,0
BRDA:41,2,1,111
BRDA:45,3,0,0
BRDA:45,3,1,112
BRDA:47,4,0,0
BRDA:47,4,1,112
BRDA:53,5,0,1
BRDA:53,5,1,4
BRDA:57,6,0,3
BRDA:57,6,1,1
BRDA:69,7,0,3
BRDA:69,7,1,1
BRDA:69,7,2,1
BRDA:69,7,3,0
BRF:20
BRH:15
end_of_record
TN:
SF:src\domain\entities\Bullet.js
FN:8,(anonymous_0)
FN:17,(anonymous_1)
FN:28,(anonymous_2)
FNF:3
FNH:3
FNDA:4229,(anonymous_0)
FNDA:32,(anonymous_1)
FNDA:123,(anonymous_2)
DA:9,4229
DA:10,4229
DA:11,4229
DA:12,4229
DA:13,4229
DA:14,4229
DA:18,32
DA:19,32
DA:20,1
DA:21,1
DA:24,31
DA:25,31
DA:29,123
LF:13
LH:13
BRDA:19,0,0,1
BRDA:19,0,1,31
BRF:2
BRH:2
end_of_record
TN:
SF:src\domain\entities\Ship.js
FN:9,(anonymous_0)
FN:18,(anonymous_1)
FN:23,(anonymous_2)
FN:33,(anonymous_3)
FN:38,(anonymous_4)
FN:42,(anonymous_5)
FN:56,(anonymous_6)
FN:60,(anonymous_7)
FNF:8
FNH:8
FNDA:183,(anonymous_0)
FNDA:5,(anonymous_1)
FNDA:12,(anonymous_2)
FNDA:36,(anonymous_3)
FNDA:36,(anonymous_4)
FNDA:39,(anonymous_5)
FNDA:120,(anonymous_6)
FNDA:15,(anonymous_7)
DA:10,183
DA:11,183
DA:12,183
DA:13,183
DA:14,183
DA:15,183
DA:20,5
DA:25,12
DA:26,12
DA:30,12
DA:34,36
DA:35,36
DA:39,36
DA:43,39
DA:44,2
DA:45,37
DA:46,1
DA:49,39
DA:50,1
DA:51,38
DA:52,1
DA:57,120
DA:61,15
DA:62,15
DA:66,15
DA:67,15
DA:68,15
LF:27
LH:27
BRDA:43,0,0,2
BRDA:43,0,1,37
BRDA:45,1,0,1
BRDA:45,1,1,36
BRDA:49,2,0,1
BRDA:49,2,1,38
BRDA:51,3,0,1
BRDA:51,3,1,37
BRF:8
BRH:8
end_of_record
TN:
SF:src\domain\entities\UFO.js
FN:9,(anonymous_0)
FN:35,(anonymous_1)
FN:44,(anonymous_2)
FN:61,(anonymous_3)
FN:65,(anonymous_4)
FNF:5
FNH:5
FNDA:14,(anonymous_0)
FNDA:1,(anonymous_1)
FNDA:3,(anonymous_2)
FNDA:2,(anonymous_3)
FNDA:7,(anonymous_4)
DA:10,14
DA:11,14
DA:12,14
DA:13,14
DA:14,14
DA:15,14
DA:19,14
DA:23,14
DA:27,14
DA:28,14
DA:29,14
DA:36,1
DA:37,1
DA:39,1
DA:40,0
DA:45,3
DA:46,1
DA:49,2
DA:51,2
DA:52,2
DA:53,2
DA:58,2
DA:62,2
DA:66,7
LF:24
LH:23
BRDA:19,0,0,9
BRDA:19,0,1,5
BRDA:23,1,0,9
BRDA:23,1,1,5
BRDA:27,2,0,9
BRDA:27,2,1,5
BRDA:39,3,0,0
BRDA:39,3,1,1
BRDA:45,4,0,1
BRDA:45,4,1,2
BRDA:62,5,0,1
BRDA:62,5,1,1
BRF:12
BRH:11
end_of_record
TN:
SF:src\domain\services\CollisionDetector.js
FN:5,(anonymous_0)
FN:16,(anonymous_1)
FN:27,(anonymous_2)
FN:38,(anonymous_3)
FN:49,(anonymous_4)
FNF:5
FNH:5
FNDA:116,(anonymous_0)
FNDA:119,(anonymous_1)
FNDA:3,(anonymous_2)
FNDA:3,(anonymous_3)
FNDA:38,(anonymous_4)
DA:6,116
DA:7,116
DA:9,116
DA:10,6
DA:13,110
DA:17,119
DA:18,119
DA:20,119
DA:21,4
DA:24,115
DA:28,3
DA:29,3
DA:31,3
DA:32,2
DA:35,1
DA:39,3
DA:40,3
DA:42,3
DA:43,2
DA:46,1
DA:50,38
DA:51,38
DA:54,38
DA:55,114
DA:56,114
DA:60,38
DA:61,30
DA:62,117
DA:63,117
DA:68,38
DA:69,30
DA:70,1
DA:71,1
DA:76,38
DA:77,1
DA:78,1
DA:81,38
LF:37
LH:37
BRDA:9,0,0,6
BRDA:9,0,1,110
BRDA:20,1,0,4
BRDA:20,1,1,115
BRDA:31,2,0,2
BRDA:31,2,1,1
BRDA:42,3,0,2
BRDA:42,3,1,1
BRF:8
BRH:8
end_of_record
TN:
SF:src\domain\value-objects\CollisionBox.js
FN:7,(anonymous_0)
FN:12,(anonymous_1)
FN:17,(anonymous_2)
FNF:3
FNH:3
FNDA:499,(anonymous_0)
FNDA:3,(anonymous_1)
FNDA:244,(anonymous_2)
DA:8,499
DA:9,499
DA:13,3
DA:14,3
DA:18,244
DA:19,244
LF:6
LH:6
BRF:0
BRH:0
end_of_record
TN:
SF:src\domain\value-objects\Vector2D.js
FN:5,(anonymous_0)
FN:10,(anonymous_1)
FN:14,(anonymous_2)
FN:18,(anonymous_3)
FN:22,(anonymous_4)
FN:26,(anonymous_5)
FN:32,(anonymous_6)
FNF:7
FNH:7
FNDA:9998,(anonymous_0)
FNDA:209,(anonymous_1)
FNDA:1,(anonymous_2)
FNDA:250,(anonymous_3)
FNDA:7,(anonymous_4)
FNDA:2,(anonymous_5)
FNDA:248,(anonymous_6)
DA:6,9998
DA:7,9998
DA:11,209
DA:15,1
DA:19,250
DA:23,7
DA:27,2
DA:28,2
DA:29,1
DA:33,248
LF:10
LH:10
BRDA:28,0,0,1
BRDA:28,0,1,1
BRF:2
BRH:2
end_of_record
TN:
SF:src\infrastructure\AudioController.js
FN:13,(anonymous_0)
FN:35,(anonymous_1)
FN:45,(anonymous_2)
FN:75,(anonymous_3)
FN:105,(anonymous_4)
FN:135,(anonymous_5)
FN:166,(anonymous_6)
FNF:7
FNH:7
FNDA:60,(anonymous_0)
FNDA:8,(anonymous_1)
FNDA:14,(anonymous_2)
FNDA:10,(anonymous_3)
FNDA:8,(anonymous_4)
FNDA:12,(anonymous_5)
FNDA:6,(anonymous_6)
DA:15,60
DA:17,60
DA:19,60
DA:20,52
DA:21,52
DA:23,8
DA:24,8
DA:28,60
DA:36,8
DA:37,7
DA:46,14
DA:47,14
DA:48,12
DA:51,11
DA:52,11
DA:55,11
DA:56,11
DA:57,11
DA:60,11
DA:61,11
DA:64,11
DA:65,11
DA:67,3
DA:76,10
DA:77,10
DA:78,8
DA:81,8
DA:82,8
DA:85,8
DA:86,8
DA:87,8
DA:90,8
DA:91,8
DA:94,8
DA:95,8
DA:97,2
DA:106,8
DA:107,8
DA:108,7
DA:111,7
DA:112,7
DA:115,7
DA:116,7
DA:117,7
DA:120,7
DA:121,7
DA:124,7
DA:125,7
DA:127,1
DA:136,12
DA:138,12
DA:139,1
DA:142,11
DA:143,10
DA:146,10
DA:147,10
DA:150,10
DA:151,10
DA:154,10
DA:157,10
DA:159,1
DA:167,6
DA:168,6
DA:169,4
DA:170,4
DA:173,0
LF:66
LH:65
BRDA:15,0,0,60
BRDA:15,0,1,1
BRDA:15,1,0,1
BRDA:15,1,1,0
BRDA:36,2,0,7
BRDA:36,2,1,1
BRDA:138,3,0,1
BRDA:138,3,1,11
BRDA:168,4,0,4
BRDA:168,4,1,2
BRF:10
BRH:9
end_of_record
TN:
SF:src\infrastructure\Storage.js
FN:58,(anonymous_0)
FN:66,(anonymous_1)
FN:74,(anonymous_2)
FN:92,(anonymous_3)
FN:108,(anonymous_4)
FN:122,(anonymous_5)
FNF:6
FNH:6
FNDA:29,(anonymous_0)
FNDA:27,(anonymous_1)
FNDA:10,(anonymous_2)
FNDA:13,(anonymous_3)
FNDA:4,(anonymous_4)
FNDA:6,(anonymous_5)
DA:14,2
DA:21,2
DA:30,33
DA:31,33
DA:35,0
DA:36,0
DA:40,0
DA:41,0
DA:45,0
DA:46,0
DA:50,0
DA:59,29
DA:67,27
DA:75,10
DA:76,10
DA:77,10
DA:78,4
DA:80,6
DA:81,5
DA:83,1
DA:84,1
DA:93,13
DA:94,13
DA:98,13
DA:100,0
DA:109,4
DA:110,4
DA:111,2
DA:113,2
DA:114,2
DA:123,6
DA:124,6
DA:125,6
DA:126,2
DA:128,4
DA:129,3
DA:131,1
DA:132,1
LF:38
LH:30
BRDA:30,0,0,33
BRDA:30,0,1,0
BRDA:35,1,0,0
BRDA:35,1,1,0
BRDA:35,2,0,0
BRDA:35,2,1,0
BRDA:40,3,0,0
BRDA:40,3,1,0
BRDA:40,4,0,0
BRDA:40,4,1,0
BRDA:45,5,0,0
BRDA:45,5,1,0
BRDA:45,6,0,0
BRDA:45,6,1,0
BRDA:50,7,0,0
BRDA:50,7,1,0
BRDA:77,8,0,4
BRDA:77,8,1,6
BRDA:81,9,0,5
BRDA:81,9,1,1
BRDA:125,10,0,2
BRDA:125,10,1,4
BRDA:129,11,0,3
BRDA:129,11,1,1
BRF:24
BRH:9
end_of_record
TN:
SF:src\presentation\InputHandler.js
FN:13,(anonymous_0)
FN:19,(anonymous_1)
FN:28,(anonymous_2)
FN:38,(anonymous_3)
FN:48,(anonymous_4)
FN:56,(anonymous_5)
FN:64,(anonymous_6)
FN:79,(anonymous_7)
FNF:8
FNH:8
FNDA:66,(anonymous_0)
FNDA:65,(anonymous_1)
FNDA:12,(anonymous_2)
FNDA:384,(anonymous_3)
FNDA:20,(anonymous_4)
FNDA:17,(anonymous_5)
FNDA:3,(anonymous_6)
FNDA:36,(anonymous_7)
DA:14,66
DA:15,66
DA:16,66
DA:19,66
DA:21,65
DA:22,65
DA:23,64
DA:25,65
DA:28,66
DA:29,12
DA:39,384
DA:49,20
DA:57,17
DA:65,3
DA:66,3
DA:80,36
LF:16
LH:16
BRDA:13,0,0,1
BRDA:22,1,0,64
BRDA:22,1,1,1
BRDA:49,2,0,20
BRDA:49,2,1,15
BRDA:81,3,0,36
BRDA:81,3,1,30
BRDA:81,3,2,29
BRDA:81,3,3,26
BRDA:82,4,0,36
BRDA:82,4,1,32
BRDA:83,5,0,36
BRDA:83,5,1,33
BRF:13
BRH:13
end_of_record
TN:
SF:src\presentation\Renderer.js
FN:12,(anonymous_0)
FN:27,(anonymous_1)
FN:44,(anonymous_2)
FN:45,(anonymous_3)
FN:46,(anonymous_4)
FN:57,(anonymous_5)
FN:85,(anonymous_6)
FN:102,(anonymous_7)
FN:127,(anonymous_8)
FN:144,(anonymous_9)
FN:167,(anonymous_10)
FNF:11
FNH:11
FNDA:46,(anonymous_0)
FNDA:8,(anonymous_1)
FNDA:4,(anonymous_2)
FNDA:4,(anonymous_3)
FNDA:1,(anonymous_4)
FNDA:12,(anonymous_5)
FNDA:1,(anonymous_6)
FNDA:11,(anonymous_7)
FNDA:8,(anonymous_8)
FNDA:7,(anonymous_9)
FNDA:6,(anonymous_10)
DA:13,46
DA:14,46
DA:15,46
DA:16,46
DA:28,8
DA:29,8
DA:32,8
DA:33,8
DA:34,8
DA:37,8
DA:38,8
DA:41,8
DA:42,2
DA:44,8
DA:45,8
DA:46,8
DA:58,12
DA:59,12
DA:61,12
DA:62,12
DA:63,12
DA:66,12
DA:67,12
DA:68,12
DA:69,12
DA:70,12
DA:71,12
DA:74,12
DA:75,1
DA:78,12
DA:86,1
DA:87,1
DA:88,1
DA:89,1
DA:90,1
DA:91,1
DA:92,1
DA:93,1
DA:103,11
DA:104,11
DA:106,11
DA:107,11
DA:110,11
DA:111,11
DA:112,11
DA:113,49
DA:115,11
DA:116,11
DA:118,11
DA:128,8
DA:130,8
DA:131,8
DA:132,8
DA:136,8
DA:145,7
DA:147,7
DA:148,7
DA:151,7
DA:152,7
DA:153,7
DA:156,7
DA:157,7
DA:158,7
DA:160,7
DA:168,6
DA:169,6
DA:171,6
DA:172,6
DA:174,6
DA:175,72
DA:176,72
DA:178,72
DA:179,72
DA:180,72
DA:184,72
DA:187,6
LF:76
LH:76
BRDA:41,0,0,2
BRDA:41,0,1,6
BRDA:74,1,0,1
BRDA:74,1,1,11
BRF:4
BRH:4
end_of_record
TN:
SF:src\presentation\UIController.js
FN:12,(anonymous_0)
FN:33,(anonymous_1)
FN:35,(anonymous_2)
FN:40,(anonymous_3)
FN:42,(anonymous_4)
FN:51,(anonymous_5)
FN:61,(anonymous_6)
FN:71,(anonymous_7)
FN:81,(anonymous_8)
FN:90,(anonymous_9)
FN:105,(anonymous_10)
FN:114,(anonymous_11)
FN:123,(anonymous_12)
FN:133,(anonymous_13)
FN:146,(anonymous_14)
FN:155,(anonymous_15)
FN:171,(anonymous_16)
FN:177,(anonymous_17)
FN:188,(anonymous_18)
FN:208,(anonymous_19)
FN:213,(anonymous_20)
FN:225,(anonymous_21)
FN:234,(anonymous_22)
FN:243,(anonymous_23)
FN:251,(anonymous_24)
FN:259,(anonymous_25)
FN:268,(anonymous_26)
FN:269,(anonymous_27)
FN:270,(anonymous_28)
FN:271,(anonymous_29)
FN:272,(anonymous_30)
FN:273,(anonymous_31)
FN:274,(anonymous_32)
FN:275,(anonymous_33)
FN:276,(anonymous_34)
FN:277,(anonymous_35)
FN:278,(anonymous_36)
FN:279,(anonymous_37)
FN:280,(anonymous_38)
FN:281,(anonymous_39)
FN:282,(anonymous_40)
FN:283,(anonymous_41)
FN:284,(anonymous_42)
FN:285,(anonymous_43)
FN:286,(anonymous_44)
FN:287,(anonymous_45)
FN:288,(anonymous_46)
FN:289,(anonymous_47)
FN:290,(anonymous_48)
FN:291,(anonymous_49)
FN:292,(anonymous_50)
FN:292,(anonymous_51)
FN:293,(anonymous_52)
FN:294,(anonymous_53)
FN:295,(anonymous_54)
FN:296,(anonymous_55)
FN:297,(anonymous_56)
FN:298,(anonymous_57)
FN:299,(anonymous_58)
FN:300,(anonymous_59)
FN:301,(anonymous_60)
FN:302,(anonymous_61)
FN:303,(anonymous_62)
FN:304,(anonymous_63)
FN:305,(anonymous_64)
FN:306,(anonymous_65)
FN:337,(anonymous_66)
FN:356,(anonymous_67)
FN:366,(anonymous_68)
FN:377,(anonymous_69)
FNF:70
FNH:30
FNDA:84,(anonymous_0)
FNDA:3,(anonymous_1)
FNDA:1,(anonymous_2)
FNDA:2,(anonymous_3)
FNDA:1,(anonymous_4)
FNDA:9,(anonymous_5)
FNDA:7,(anonymous_6)
FNDA:7,(anonymous_7)
FNDA:6,(anonymous_8)
FNDA:5,(anonymous_9)
FNDA:4,(anonymous_10)
FNDA:4,(anonymous_11)
FNDA:2,(anonymous_12)
FNDA:6,(anonymous_13)
FNDA:1,(anonymous_14)
FNDA:1,(anonymous_15)
FNDA:7,(anonymous_16)
FNDA:1,(anonymous_17)
FNDA:3,(anonymous_18)
FNDA:2,(anonymous_19)
FNDA:1,(anonymous_20)
FNDA:1,(anonymous_21)
FNDA:1,(anonymous_22)
FNDA:2,(anonymous_23)
FNDA:2,(anonymous_24)
FNDA:1,(anonymous_25)
FNDA:0,(anonymous_26)
FNDA:0,(anonymous_27)
FNDA:0,(anonymous_28)
FNDA:0,(anonymous_29)
FNDA:0,(anonymous_30)
FNDA:0,(anonymous_31)
FNDA:0,(anonymous_32)
FNDA:0,(anonymous_33)
FNDA:0,(anonymous_34)
FNDA:0,(anonymous_35)
FNDA:0,(anonymous_36)
FNDA:0,(anonymous_37)
FNDA:0,(anonymous_38)
FNDA:0,(anonymous_39)
FNDA:0,(anonymous_40)
FNDA:0,(anonymous_41)
FNDA:0,(anonymous_42)
FNDA:0,(anonymous_43)
FNDA:0,(anonymous_44)
FNDA:0,(anonymous_45)
FNDA:0,(anonymous_46)
FNDA:0,(anonymous_47)
FNDA:0,(anonymous_48)
FNDA:0,(anonymous_49)
FNDA:0,(anonymous_50)
FNDA:0,(anonymous_51)
FNDA:0,(anonymous_52)
FNDA:0,(anonymous_53)
FNDA:0,(anonymous_54)
FNDA:0,(anonymous_55)
FNDA:0,(anonymous_56)
FNDA:0,(anonymous_57)
FNDA:0,(anonymous_58)
FNDA:0,(anonymous_59)
FNDA:0,(anonymous_60)
FNDA:0,(anonymous_61)
FNDA:0,(anonymous_62)
FNDA:0,(anonymous_63)
FNDA:0,(anonymous_64)
FNDA:0,(anonymous_65)
FNDA:4,(anonymous_66)
FNDA:6,(anonymous_67)
FNDA:5,(anonymous_68)
FNDA:5,(anonymous_69)
DA:13,84
DA:16,84
DA:17,84
DA:18,84
DA:19,84
DA:20,84
DA:21,84
DA:22,84
DA:25,84
DA:26,84
DA:29,84
DA:30,84
DA:32,84
DA:33,83
DA:34,3
DA:35,3
DA:39,84
DA:40,83
DA:41,2
DA:42,2
DA:52,9
DA:53,9
DA:62,7
DA:63,7
DA:72,7
DA:73,7
DA:82,6
DA:83,6
DA:91,5
DA:92,5
DA:94,5
DA:95,5
DA:97,5
DA:98,5
DA:106,4
DA:107,4
DA:115,4
DA:116,4
DA:124,2
DA:125,2
DA:134,6
DA:135,6
DA:136,6
DA:137,6
DA:138,6
DA:147,1
DA:148,1
DA:156,1
DA:157,1
DA:159,1
DA:160,1
DA:162,1
DA:163,1
DA:172,7
DA:173,7
DA:174,7
DA:175,7
DA:176,7
DA:177,7
DA:178,1
DA:179,1
DA:189,3
DA:192,3
DA:195,3
DA:196,7
DA:197,7
DA:198,7
DA:199,7
DA:209,2
DA:210,2
DA:211,2
DA:212,2
DA:213,2
DA:214,1
DA:215,1
DA:226,1
DA:235,1
DA:244,2
DA:252,2
DA:260,1
DA:261,1
DA:262,0
DA:267,1
DA:281,0
DA:284,0
DA:285,0
DA:291,0
DA:292,0
DA:293,0
DA:295,0
DA:296,0
DA:338,4
DA:339,4
DA:341,4
DA:342,3
DA:344,4
DA:345,3
DA:347,4
DA:348,3
DA:357,6
DA:358,6
DA:367,5
DA:368,5
DA:378,5
DA:379,3
DA:380,2
DA:381,2
LF:107
LH:98
BRDA:12,0,0,1
BRDA:32,1,0,83
BRDA:32,1,1,1
BRDA:39,2,0,83
BRDA:39,2,1,1
BRDA:52,3,0,9
BRDA:52,3,1,0
BRDA:62,4,0,7
BRDA:62,4,1,0
BRDA:72,5,0,7
BRDA:72,5,1,0
BRDA:82,6,0,6
BRDA:82,6,1,0
BRDA:91,7,0,5
BRDA:91,7,1,0
BRDA:94,8,0,5
BRDA:94,8,1,0
BRDA:97,9,0,5
BRDA:97,9,1,0
BRDA:106,10,0,4
BRDA:106,10,1,0
BRDA:115,11,0,4
BRDA:115,11,1,0
BRDA:124,12,0,2
BRDA:124,12,1,0
BRDA:134,13,0,6
BRDA:134,13,1,0
BRDA:137,14,0,6
BRDA:137,14,1,0
BRDA:147,15,0,1
BRDA:147,15,1,0
BRDA:156,16,0,1
BRDA:156,16,1,0
BRDA:159,17,0,1
BRDA:159,17,1,0
BRDA:162,18,0,1
BRDA:162,18,1,0
BRDA:175,19,0,7
BRDA:175,19,1,0
BRDA:178,20,0,1
BRDA:178,20,1,0
BRDA:189,21,0,0
BRDA:189,21,1,3
BRDA:214,22,0,1
BRDA:214,22,1,0
BRDA:261,23,0,0
BRDA:261,23,1,1
BRDA:338,24,0,4
BRDA:338,24,1,0
BRDA:341,25,0,3
BRDA:341,25,1,1
BRDA:344,26,0,3
BRDA:344,26,1,1
BRDA:347,27,0,3
BRDA:347,27,1,1
BRDA:357,28,0,6
BRDA:357,28,1,0
BRDA:367,29,0,5
BRDA:367,29,1,0
BRDA:378,30,0,3
BRDA:378,30,1,2
BRDA:380,31,0,2
BRDA:380,31,1,0
BRF:63
BRH:38
end_of_record
